117
47 75
55 10
84 5
5 79
40 36
34 41
53 52
88 57
88 83
26 73
72 2
6 21
0 15
65 94
31 65
67 44
13 22
92 44
60 5
71 56
46 9
16 74
15 95
68 80
96 47
83 29
96 16
18 60
80 97
7 86
31 72
87 18
18 32
37 26
4 64
80 56
12 53
57 23
16 87
26 6
21 27
44 40
60 98
75 61
58 92
54 85
62 33
20 54
12 14
63 85
47 94
3 44
18 48
36 45
36 69
69 65
70 30
83 50
96 35
41 89
41 18
29 92
19 81
39 50
91 75
48 14
94 80
78 36
75 24
17 68
6 95
29 36
72 13
20 15
31 17
46 60
63 22
51 26
34 61
52 37
57 65
8 33
92 99
0 29
95 27
22 23
48 69
85 3
22 90
65 87
95 1
34 85
92 90
0 96
77 1
80 68
32 10
38 78
64 37
47 31
21 39
76 7
69 94
91 21
5 73
73 84
73 70
25 58
28 53
76 44
51 64
8 61
0 49
0 5
25 0
89 64
27 78
