110
4 88
32 8
38 99
34 41
37 78
35 52
57 26
43 31
16 98
20 31
21 1
82 25
71 23
60 63
27 4
94 56
7 96
84 90
11 86
71 62
5 37
58 1
78 34
26 38
76 9
69 42
17 76
48 4
15 62
53 67
25 91
50 86
61 93
71 95
51 43
96 41
25 20
70 30
4 78
14 27
46 13
2 18
97 73
58 9
86 9
81 66
32 76
85 58
56 88
52 8
0 52
79 48
86 23
19 51
48 28
39 72
5 6
21 64
32 16
61 46
77 17
23 75
43 97
65 4
41 86
92 87
51 55
31 58
35 40
31 49
77 1
93 22
69 49
14 17
91 5
93 47
10 12
9 23
18 69
58 18
29 70
18 6
27 41
32 83
65 77
6 35
29 91
8 51
1 62
47 92
83 71
56 42
64 23
59 70
38 45
9 0
3 55
8 76
41 64
40 10
29 35
57 53
59 3
91 66
69 56
8 44
83 39
2 12
51 38
87 0
