110
15 31
65 23
44 36
47 81
68 5
25 54
30 36
46 59
49 54
34 52
43 10
74 79
3 25
5 60
35 30
68 49
58 37
95 31
12 64
23 68
13 46
16 17
3 32
75 37
35 70
87 81
75 96
74 52
82 58
59 82
47 99
48 71
66 18
31 85
22 46
6 38
81 5
50 5
80 15
5 72
35 47
19 33
81 89
5 94
23 6
52 77
95 59
70 24
83 38
31 8
92 12
9 78
12 26
52 29
89 33
95 70
74 62
14 75
52 89
0 7
27 21
36 93
56 13
35 3
69 44
18 85
78 97
1 55
20 20
21 61
82 68
84 48
77 27
83 11
51 6
5 87
0 40
89 53
6 22
85 93
68 83
71 17
73 92
13 0
54 70
28 96
0 85
58 5
38 80
89 87
85 20
47 39
93 42
78 49
11 70
0 76
40 41
33 38
7 11
59 44
51 21
66 75
69 4
24 73
30 89
38 23
12 52
23 28
58 51
35 58
