108
10 15
69 68
55 74
7 54
74 88
16 73
21 13
44 7
79 38
71 9
75 62
48 62
10 90
17 59
20 6
57 79
72 79
95 48
52 31
96 82
0 78
96 93
35 23
90 6
29 46
50 78
62 28
75 37
65 82
38 45
80 78
15 44
94 55
64 96
17 88
74 22
18 50
72 70
87 63
78 93
58 58
89 21
34 71
16 36
33 37
85 90
73 51
32 80
78 83
1 29
24 79
4 97
42 72
84 25
8 6
7 60
96 34
9 72
58 48
91 43
35 91
97 60
49 58
48 25
40 21
94 1
10 81
88 73
25 23
22 91
22 45
73 1
63 9
64 56
96 24
50 66
14 0
79 35
44 13
71 8
0 3
16 84
49 96
50 6
29 41
93 16
85 12
41 85
10 39
30 60
23 67
4 34
76 59
4 43
0 72
0 18
12 95
41 0
52 85
65 85
46 44
33 28
2 86
77 70
33 67
65 16
25 1
0 53
