115
62 52
52 26
30 59
31 26
16 56
7 34
34 19
68 54
0 97
51 91
53 1
70 6
22 61
37 53
4 52
60 89
33 72
23 45
21 92
84 57
79 0
11 80
4 25
86 98
76 82
52 39
8 90
11 42
93 84
40 96
20 51
49 79
11 62
97 23
61 22
60 60
21 15
37 66
69 14
57 71
89 47
65 0
37 25
94 30
18 78
86 71
54 79
76 47
44 64
88 80
78 14
36 72
27 37
84 27
29 51
33 8
96 42
54 19
61 78
0 8
79 89
96 77
41 4
51 95
50 66
1 30
44 33
7 97
93 0
47 5
43 52
9 34
50 11
79 77
66 63
72 4
30 30
14 70
39 57
60 29
0 56
67 39
0 20
87 34
62 44
0 37
76 95
0 77
18 6
30 93
38 16
75 42
95 63
26 0
81 40
3 67
5 84
20 74
57 11
15 14
21 93
72 57
40 88
67 10
47 60
56 39
11 28
17 25
23 99
5 44
80 83
56 82
76 68
35 50
14 85
