111
28 18
39 43
37 60
24 31
58 19
6 16
47 22
15 80
73 77
3 43
94 85
15 28
90 45
62 65
27 43
91 62
34 94
56 35
41 17
2 78
50 96
66 87
0 11
58 89
91 11
50 10
18 1
90 30
10 92
31 20
32 76
23 88
21 55
6 31
38 94
78 29
82 54
52 47
94 81
83 73
49 5
69 29
12 12
21 35
62 95
84 2
46 44
90 94
33 6
16 91
8 39
21 95
60 24
88 89
73 39
40 41
18 6
37 84
67 74
86 37
66 43
74 60
62 79
81 23
47 57
0 23
64 12
58 13
28 26
96 87
73 23
19 49
31 41
26 34
60 57
11 74
0 95
70 87
60 42
5 19
70 54
52 0
43 52
29 65
31 72
43 81
0 0
72 11
0 57
8 28
55 72
0 16
91 60
94 26
21 25
9 96
0 80
52 94
0 48
3 12
71 0
45 65
19 11
79 88
20 83
43 30
42 91
29 87
41 8
23 73
9 61
