115
56 40
43 39
7 16
17 5
73 81
67 59
85 70
62 50
36 88
13 94
43 49
82 79
28 58
28 87
77 96
1 65
68 2
89 41
29 15
68 9
6 22
92 60
81 88
41 63
16 73
68 77
77 45
13 32
17 86
92 28
86 92
41 22
13 25
61 11
35 12
12 79
29 71
21 67
57 35
29 79
94 75
89 94
32 48
45 8
15 13
41 8
12 51
64 33
2 7
38 35
4 39
88 65
1 35
5 49
42 76
23 49
68 66
60 61
71 49
69 27
69 36
44 16
56 82
54 66
49 88
23 23
69 20
90 88
91 32
92 6
46 73
27 4
17 97
77 26
49 19
87 3
23 73
27 61
6 78
39 93
83 28
19 89
30 74
42 57
74 64
35 27
37 42
95 68
57 93
68 14
75 10
0 71
78 36
49 9
15 41
7 85
82 42
84 51
52 46
44 97
63 95
14 56
23 31
56 28
31 93
18 83
7 64
37 53
71 85
15 31
22 46
28 34
53 72
16 62
54 55
