115
53 35
62 51
51 87
66 17
75 42
20 77
58 7
88 55
30 90
39 79
40 13
18 95
78 3
49 7
12 96
14 50
91 85
35 70
79 90
33 29
54 18
36 64
46 31
34 12
53 54
49 78
90 9
71 61
2 21
66 67
41 53
22 44
79 70
47 95
94 45
8 59
36 5
20 58
98 59
92 76
22 30
11 40
40 44
57 33
6 6
47 59
70 53
83 82
15 9
59 63
97 84
20 68
82 74
26 4
4 37
26 69
68 3
88 66
54 97
60 87
73 37
1 75
62 75
61 13
49 29
0 9
17 18
83 29
95 68
46 45
60 24
6 81
40 85
3 96
0 59
31 49
71 99
24 62
74 83
33 89
11 88
63 48
52 2
38 26
94 38
64 30
83 96
84 58
28 38
88 15
18 36
0 91
96 8
9 21
68 12
78 47
24 51
94 30
52 71
72 17
17 6
44 70
49 77
71 65
9 64
32 25
17 87
28 98
45 11
88 42
3 87
88 50
95 52
25 85
38 97
