97
25 14
16 25
6 13
1 2
28 19
29 4
4 57
21 83
16 78
75 18
11 19
1 21
11 26
19 10
12 89
17 68
13 98
24 63
11 53
53 5
74 25
50 89
67 91
95 31
13 2
18 18
0 66
23 93
12 61
19 71
26 76
17 51
7 73
63 13
95 10
90 26
79 31
85 9
58 76
72 65
67 35
83 71
62 40
60 69
68 85
97 43
86 82
97 54
78 59
48 65
54 23
56 12
84 55
59 51
82 19
91 78
92 1
87 48
90 60
75 84
59 27
54 96
66 66
22 29
23 11
0 24
26 85
2 96
1 90
13 94
16 89
25 99
7 93
0 80
6 60
23 52
89 8
65 97
67 50
73 47
64 81
79 24
83 52
62 6
50 83
96 36
83 41
60 44
93 71
77 7
48 99
58 95
68 5
94 60
71 94
84 75
86 19
