111
29 27
65 54
49 26
34 50
93 72
37 8
90 94
17 20
48 82
35 78
41 35
83 96
53 41
26 78
84 33
16 62
51 31
8 81
70 85
10 27
18 51
90 16
25 43
75 68
39 14
72 42
85 54
31 69
32 40
30 10
50 7
49 96
56 12
78 20
14 24
92 59
7 16
97 24
67 61
12 91
68 77
65 17
39 59
1 36
87 42
6 53
42 40
63 97
36 46
15 68
19 36
68 47
96 33
44 17
55 2
59 1
51 23
48 75
3 43
8 98
91 77
82 12
11 11
73 60
84 69
32 3
58 74
25 49
96 3
0 84
50 66
95 98
52 85
18 61
90 84
20 27
18 92
74 35
68 5
71 73
38 82
88 8
58 88
18 4
20 82
57 81
79 78
3 73
45 90
22 36
75 9
38 22
0 15
21 12
7 64
15 86
86 25
48 54
25 1
42 64
77 88
85 61
84 86
10 47
88 0
78 24
0 48
75 43
15 74
94 52
26 63
