113
39 80
47 25
15 46
24 73
5 37
69 13
61 27
79 5
39 69
89 53
29 7
38 3
49 69
44 76
73 77
4 80
60 8
70 33
90 5
20 34
64 67
34 92
57 52
4 55
92 96
72 26
19 53
97 27
2 93
60 37
53 30
12 80
89 26
36 53
19 48
34 58
68 51
92 18
75 11
47 55
83 86
59 85
15 14
59 78
28 34
15 89
11 3
4 45
44 3
50 52
23 77
44 63
4 7
75 65
38 25
93 59
65 19
74 46
73 89
29 87
71 2
25 26
81 26
12 21
24 59
79 38
93 67
82 18
88 82
79 49
56 59
42 14
2 69
77 99
0 72
16 61
94 99
50 77
27 54
86 33
67 84
93 78
87 89
47 19
47 28
8 45
0 62
85 69
67 97
28 16
32 41
3 99
87 50
85 98
79 91
69 19
20 14
40 40
30 48
24 98
54 96
46 92
10 38
56 14
90 73
7 84
20 66
40 99
85 43
93 1
17 91
40 83
48 41
