113
97 3
50 9
91 91
51 74
9 96
11 4
88 75
60 47
13 13
41 87
87 12
3 57
71 51
8 79
72 59
23 10
14 90
4 42
27 40
22 29
82 91
46 63
58 79
23 52
80 7
38 50
33 56
30 26
47 25
93 75
25 87
77 47
86 63
37 18
84 27
0 14
14 35
69 11
31 4
92 50
58 67
65 84
51 85
52 35
68 29
41 30
27 78
78 13
84 71
29 67
89 32
6 58
58 13
24 97
26 6
90 19
97 82
48 88
65 22
66 67
85 46
0 75
18 25
42 11
33 34
44 55
19 85
95 34
9 77
58 72
22 20
36 9
1 0
55 27
16 46
57 98
60 54
70 83
43 32
38 78
0 84
32 93
8 86
15 11
4 71
8 47
72 37
32 42
31 76
91 40
87 68
20 66
5 93
11 53
46 19
51 76
75 97
90 29
54 2
45 40
87 83
36 2
60 16
40 65
78 35
10 29
28 86
68 76
82 16
84 89
0 21
49 48
95 24
