103
71 41
11 11
30 10
85 67
15 43
20 56
42 17
69 58
10 95
44 65
40 40
22 80
10 29
23 27
10 51
7 65
64 75
48 49
66 8
23 46
19 62
84 39
43 81
6 14
12 85
91 95
53 19
40 51
51 86
22 98
76 44
30 59
63 94
59 77
6 74
13 5
36 77
38 70
72 13
13 97
55 42
13 55
91 34
0 28
66 83
79 0
41 94
91 51
94 83
64 42
69 1
91 44
19 41
49 62
66 34
44 29
4 56
31 31
62 61
86 12
75 76
96 55
53 34
76 56
64 68
34 24
81 77
89 90
0 90
95 98
80 91
50 50
54 65
73 99
26 88
83 30
35 45
60 99
96 12
7 37
18 77
58 85
73 21
94 25
46 6
66 48
49 68
70 63
2 47
86 62
13 32
80 51
69 78
75 9
41 59
45 41
28 43
37 9
1 62
80 19
35 60
48 23
6 79
