109
30 58
93 44
75 37
55 67
63 66
10 73
61 56
60 45
90 75
39 29
31 34
44 62
2 18
34 61
64 49
94 10
78 24
36 71
20 48
25 13
40 22
63 78
93 88
23 24
46 69
84 33
51 28
84 3
25 52
43 75
94 55
46 9
46 49
0 50
8 30
73 64
65 91
14 43
26 91
4 40
27 1
72 84
81 56
17 96
75 96
91 38
58 62
55 15
4 66
55 83
11 20
0 3
93 77
29 48
44 96
47 94
87 95
68 19
93 29
45 25
81 63
58 33
13 86
51 55
26 82
48 63
37 66
72 13
22 37
20 83
17 28
64 7
56 9
27 70
47 41
73 4
11 37
85 54
54 23
36 51
61 84
70 24
21 45
69 68
12 25
4 46
94 36
73 54
36 89
34 1
47 33
35 76
20 58
13 50
10 68
9 0
6 26
74 91
32 27
82 12
80 82
60 24
26 20
69 94
51 75
16 1
85 1
4 99
39 8
