109
68 64
85 24
96 18
1 78
32 95
67 54
49 21
9 97
31 63
9 52
49 85
53 5
48 29
66 22
30 72
77 58
76 3
76 9
34 52
52 74
3 14
78 47
53 38
94 13
64 60
44 57
92 43
94 26
25 80
83 56
28 86
29 43
86 30
58 54
40 44
75 91
1 63
82 92
35 62
60 8
11 29
12 85
17 47
20 84
4 88
9 81
60 90
70 82
69 35
38 93
66 76
83 20
1 47
30 12
19 54
60 72
55 78
32 78
62 31
51 13
15 71
63 2
19 35
91 21
57 27
23 3
10 93
53 2
42 87
88 37
68 97
20 76
69 18
50 27
94 2
35 38
92 98
20 26
94 38
75 80
39 32
0 38
42 25
86 96
16 92
83 13
5 8
6 64
43 43
10 4
3 59
4 16
24 50
45 94
95 74
66 69
81 85
96 64
46 10
57 84
62 99
59 40
31 6
45 66
5 22
16 12
23 89
77 66
78 50
