110
35 37
21 31
4 34
70 14
60 55
18 2
16 11
62 80
30 58
47 85
51 76
31 29
34 78
75 90
44 27
69 55
47 2
36 51
62 32
67 74
36 10
70 25
23 44
0 7
35 20
81 2
91 53
92 77
53 84
10 52
7 79
8 42
78 81
88 83
56 46
69 68
74 18
90 28
35 70
72 47
63 4
48 52
55 89
56 39
21 79
41 96
83 74
87 4
66 84
8 47
48 65
80 13
17 91
38 77
14 70
33 28
97 64
58 26
19 37
4 25
76 35
16 26
88 60
0 36
8 6
0 69
0 78
72 27
56 1
60 75
49 59
55 97
78 64
67 96
0 61
13 42
93 23
71 3
65 33
43 73
95 0
85 17
15 57
60 24
44 44
86 88
61 60
35 89
38 62
84 47
89 37
37 68
42 10
39 81
85 95
77 73
78 41
92 11
62 45
43 96
3 58
28 82
78 97
85 8
43 19
42 37
20 54
34 43
28 13
51 26
