109
27 50
8 44
11 37
20 22
91 2
61 90
53 74
58 16
44 78
67 94
25 84
65 42
83 33
37 58
35 31
37 86
56 47
49 21
27 32
47 32
94 43
15 10
14 33
39 64
82 26
3 82
86 68
52 56
39 39
56 99
59 76
13 65
90 85
88 55
6 16
74 75
29 23
3 0
34 78
24 93
97 85
89 18
10 25
29 35
24 99
36 10
22 69
54 64
24 11
28 74
30 54
58 57
41 2
49 79
10 1
47 7
3 89
43 86
13 55
47 94
19 78
47 47
63 16
96 53
96 63
59 35
81 12
34 91
6 9
72 93
0 41
38 27
93 95
30 45
66 24
93 32
51 2
89 78
80 18
78 6
25 11
15 84
30 84
57 63
93 9
53 30
76 98
0 71
28 65
65 60
53 37
55 82
91 66
10 99
59 52
81 1
94 47
0 13
3 50
75 65
58 23
64 4
93 1
7 70
19 48
72 38
32 97
13 93
22 59
