110
12 50
27 96
19 77
86 26
3 50
80 0
91 57
40 90
90 7
82 80
93 74
17 59
93 15
9 45
95 95
70 14
57 60
11 11
39 68
50 39
65 82
93 50
74 76
26 8
74 92
67 73
20 31
46 16
52 9
7 80
55 14
72 36
0 83
3 60
43 78
4 15
21 50
55 51
14 42
9 64
12 83
90 40
66 28
8 24
29 68
46 89
36 37
44 66
49 46
26 41
88 66
22 25
15 64
95 1
7 30
8 3
31 86
61 47
0 65
95 86
14 15
47 4
70 82
5 53
82 53
74 27
22 60
9 76
9 95
32 7
79 65
77 35
51 75
92 18
10 88
69 0
33 97
27 10
45 13
37 45
39 58
21 86
0 54
85 31
23 53
95 68
75 7
51 43
38 1
91 25
50 97
86 60
33 14
38 25
63 21
38 84
61 99
0 76
16 3
59 87
30 22
64 7
79 94
18 94
62 92
0 29
30 42
18 70
31 53
21 18
