110
65 64
58 36
95 80
91 43
30 5
21 82
16 39
65 84
49 32
6 87
38 35
73 24
78 37
10 63
87 97
74 47
39 82
75 63
24 24
50 38
92 10
60 52
89 34
47 63
36 5
67 38
3 66
15 3
17 14
56 44
67 48
19 64
14 34
24 93
71 51
69 15
1 93
14 55
48 86
43 45
53 92
24 40
24 81
35 98
87 57
66 78
66 95
19 29
9 28
22 46
77 94
58 94
81 10
7 42
73 31
83 18
0 75
38 59
36 63
55 22
17 54
41 20
1 2
70 67
82 4
73 1
5 98
96 33
0 35
6 78
93 85
93 94
79 28
43 93
58 72
85 74
14 96
7 90
54 31
2 57
17 21
58 10
94 39
76 82
70 75
2 50
17 87
40 70
8 20
42 6
4 34
17 0
9 51
46 24
22 51
21 61
8 6
45 55
65 85
83 66
25 33
86 50
86 18
63 1
0 25
17 70
1 16
78 46
31 35
27 16
