113
14 86
94 31
43 78
2 44
60 8
16 29
61 49
90 7
8 97
45 7
79 56
82 68
73 79
6 56
13 51
52 83
89 55
69 86
57 27
46 57
27 79
62 86
79 9
39 79
62 2
55 89
49 26
73 19
31 90
23 69
19 42
46 36
80 14
11 42
31 5
46 93
11 72
29 33
36 58
62 31
4 78
87 96
38 34
54 47
61 79
75 25
80 90
2 68
76 72
84 40
61 21
17 80
34 95
37 9
26 47
41 29
86 48
97 14
20 4
89 79
15 1
54 59
6 19
32 83
7 56
45 49
63 64
58 40
27 70
4 44
46 4
77 37
67 45
0 82
69 56
51 69
7 65
22 63
67 95
0 13
17 60
28 14
22 99
83 78
82 58
94 23
38 18
64 37
85 69
41 60
2 98
48 31
14 45
33 24
5 26
58 96
65 74
17 18
96 55
82 92
75 62
91 58
0 32
77 22
54 14
62 91
12 90
44 67
84 85
96 77
51 20
94 45
21 24
