112
82 6
70 79
55 64
6 79
37 9
57 18
47 28
41 49
14 30
64 26
40 19
84 14
38 69
14 95
50 91
49 19
53 37
81 84
9 5
45 2
70 3
31 39
84 57
92 85
18 45
0 74
12 47
59 46
92 74
69 34
27 10
16 75
41 97
85 0
23 85
70 10
43 73
76 61
80 94
70 43
58 23
2 51
9 59
5 22
61 97
49 94
73 30
90 30
79 69
95 17
78 79
88 24
30 25
93 38
75 23
25 49
83 90
5 87
88 64
95 25
46 46
44 60
61 49
52 42
40 35
61 61
15 16
25 99
91 2
66 66
18 32
78 15
5 17
14 7
17 92
4 42
0 54
71 3
67 98
0 30
94 32
31 87
36 14
15 24
10 2
19 73
6 65
93 98
95 12
11 85
68 27
81 46
83 71
42 8
55 10
50 16
80 39
38 65
70 57
69 73
63 17
79 54
0 37
24 54
87 7
14 66
1 3
95 75
50 56
26 17
0 14
37 28
