109
89 51
63 8
32 84
41 90
6 62
68 25
64 91
48 32
0 6
21 20
5 74
49 26
37 65
63 44
53 49
69 31
18 42
75 74
40 32
49 85
31 35
86 76
11 5
69 56
32 56
35 77
31 7
94 18
48 96
69 46
38 42
29 31
90 5
55 64
17 81
49 38
97 70
61 0
39 6
23 75
2 22
77 51
12 22
10 41
58 15
6 27
14 61
23 25
49 75
42 13
0 11
80 71
77 39
60 22
74 17
12 69
92 57
48 18
63 16
84 30
96 50
94 84
33 86
75 88
2 54
40 58
26 88
17 67
0 66
95 10
30 50
11 50
20 97
43 68
95 35
36 98
24 56
82 14
15 38
26 81
84 62
5 10
13 87
94 97
4 2
50 1
38 24
5 48
84 3
0 58
3 90
6 35
78 5
92 28
13 96
53 36
32 18
86 56
33 29
20 30
56 79
27 12
45 5
91 46
48 65
51 72
87 94
69 64
75 60
