110
47 68
42 44
61 58
73 67
95 35
25 46
46 91
47 61
50 1
18 72
73 86
9 48
55 65
80 19
64 77
14 15
3 43
76 80
38 62
20 63
1 29
42 24
71 97
61 44
17 3
0 68
27 79
82 47
7 84
1 94
55 33
90 93
89 75
31 93
13 41
80 29
11 61
66 87
9 34
70 46
63 0
88 22
30 66
58 84
23 23
66 62
35 78
36 87
88 39
81 36
52 6
2 59
27 52
94 26
24 97
38 0
27 44
55 74
97 77
71 33
49 26
24 12
91 7
57 93
95 51
8 80
21 34
61 25
26 4
34 28
31 34
13 31
24 74
14 53
0 0
86 82
48 59
50 92
35 53
4 73
66 90
55 2
0 6
66 66
74 67
10 19
0 23
27 83
74 42
6 65
67 79
66 8
84 6
55 17
73 98
48 42
82 76
87 52
4 41
0 49
92 96
60 67
94 41
18 86
63 14
31 41
82 61
37 18
63 31
48 81
