109
59 66
7 75
29 70
94 72
79 12
2 93
33 29
28 19
86 93
69 13
70 24
88 83
86 69
54 75
10 11
35 81
6 84
39 9
26 85
38 53
91 41
84 57
15 33
68 30
8 96
60 29
91 13
74 54
5 4
8 27
29 61
74 3
51 26
44 37
17 25
45 12
44 45
75 31
18 48
12 72
80 47
90 6
29 9
33 87
66 95
60 50
3 14
16 80
17 87
5 49
93 34
18 56
20 66
0 73
90 62
50 84
50 60
37 30
30 50
32 0
94 20
86 54
94 43
26 98
45 35
55 81
43 20
78 21
28 20
38 98
96 7
26 4
31 8
48 46
62 63
45 76
0 85
95 82
61 77
44 97
96 67
38 62
65 98
13 16
30 67
93 93
85 25
54 15
5 43
0 6
87 80
70 60
42 54
21 24
65 57
20 35
6 56
66 1
48 7
0 46
30 58
68 84
64 20
4 65
7 23
28 74
71 72
63 40
79 38
