110
76 35
45 84
23 40
39 39
16 4
68 38
19 31
63 8
55 63
39 60
35 93
59 74
49 79
13 65
45 15
94 96
31 50
90 60
24 59
28 79
74 13
80 74
47 59
37 2
15 43
50 94
21 7
29 70
79 37
69 20
90 3
44 41
44 67
66 83
22 49
83 6
73 22
2 57
50 32
48 88
64 99
76 3
33 10
91 50
11 83
55 36
72 39
6 40
28 95
4 64
81 91
45 5
65 47
41 26
31 26
67 5
61 29
92 69
27 33
2 73
32 18
2 86
95 78
17 87
16 80
63 63
83 67
57 51
89 13
0 30
20 1
76 19
60 80
24 45
0 14
34 89
5 97
21 15
57 43
58 0
65 0
0 22
74 57
83 98
60 89
48 85
10 36
82 41
39 98
27 8
0 50
0 37
13 73
18 65
50 21
96 31
82 81
82 49
85 55
12 10
31 77
28 54
24 86
0 0
75 88
82 0
53 57
4 11
78 70
81 12
