104
36 89
8 3
64 15
71 12
43 5
34 94
22 0
62 39
13 42
27 30
31 62
69 83
3 10
23 49
82 26
51 49
45 71
55 94
17 19
79 15
89 21
6 37
34 22
55 83
55 53
56 10
97 80
32 11
33 37
13 67
63 26
47 2
74 32
47 86
23 15
23 96
16 30
9 25
0 57
85 48
18 5
91 9
1 93
44 18
73 95
27 71
28 80
51 40
93 19
82 72
35 83
85 76
10 76
74 79
8 20
22 40
97 33
80 10
93 87
71 37
50 13
54 21
93 49
4 82
15 93
57 48
11 54
59 68
38 66
40 10
57 79
87 66
49 65
92 96
31 69
7 68
75 45
42 61
23 56
71 84
91 23
29 4
67 73
40 97
57 11
82 41
20 24
15 47
70 26
10 82
14 59
6 14
81 88
38 45
90 71
51 4
95 66
83 0
86 32
27 44
0 58
67 47
84 59
38 31
