120
27 91
64 2
86 28
45 91
44 44
74 7
95 21
71 50
58 10
96 30
1 4
30 3
7 87
75 36
47 72
40 77
71 65
20 81
31 58
14 48
85 15
36 58
50 11
33 25
5 2
96 74
40 3
61 56
21 33
95 8
93 82
81 45
2 31
95 96
55 81
17 57
29 43
84 88
50 6
57 95
1 22
96 89
8 25
5 78
58 17
75 62
60 88
17 89
38 65
39 42
11 20
26 64
66 18
28 85
60 37
65 32
7 60
39 9
76 0
0 37
20 69
85 60
62 84
73 73
0 59
89 12
25 11
36 94
89 94
16 52
13 80
83 66
19 47
41 0
79 37
88 69
0 97
58 79
89 43
39 86
82 54
76 83
13 70
0 10
29 99
63 67
2 65
11 92
48 67
77 58
69 55
19 94
81 19
66 91
33 50
45 38
95 57
57 64
94 27
11 11
9 40
60 73
10 60
92 35
70 42
25 32
51 26
69 33
82 2
82 79
69 84
54 0
67 61
3 42
40 68
16 75
0 50
77 26
51 53
60 26
