# Penalty: 65869.65126989293
129
47 75
86 5
27 70
74 1
55 11
90 57
7 22
41 36
37 45
32 65
63 90
61 6
64 97
1 15
54 52
7 78
42 19
69 80
28 77
42 87
91 47
90 84
53 12
19 49
37 69
72 32
21 30
84 50
17 74
55 86
57 24
40 26
12 24
35 41
71 44
81 5
16 91
88 20
23 53
76 62
47 41
94 40
83 57
66 85
14 12
27 7
62 33
25 25
72 55
46 10
98 47
5 65
18 60
31 75
90 63
28 0
18 34
80 29
79 26
98 32
3 3
2 51
2 48
10 60
14 83
53 64
51 62
87 80
78 44
83 95
80 97
50 71
30 52
30 57
73 69
78 69
76 82
71 63
11 21
6 75
34 38
95 22
95 18
71 96
69 92
26 37
43 78
49 30
68 39
67 43
34 11
84 66
81 0
1 97
60 92
94 88
38 87
99 0
49 93
47 94
3 40
27 88
13 55
97 28
1 31
93 99
10 34
60 63
55 37
35 60
56 25
65 20
35 17
24 16
75 12
10 50
7 97
6 88
9 87
18 67
99 15
85 28
81 36
97 80
94 75
42 49
17 95
22 82
30 92
