# Penalty: 58251.26965240017
121
11 12
9 36
82 32
76 49
34 43
90 64
20 58
85 40
8 2
92 32
4 31
2 83
13 55
42 82
22 9
90 95
16 65
48 60
92 83
90 48
61 24
14 1
76 31
81 99
37 57
66 84
47 65
3 52
29 95
50 92
81 82
64 55
80 28
92 58
67 76
0 22
37 98
56 44
86 16
26 19
54 38
75 60
88 69
1 91
48 13
76 89
5 56
9 79
47 36
80 74
51 85
32 35
24 27
49 0
3 76
75 43
56 65
99 79
0 1
59 23
26 59
87 0
76 2
46 81
70 6
54 33
5 86
23 64
22 0
85 86
41 87
78 64
65 97
58 2
28 86
3 67
9 91
29 5
51 26
97 74
62 44
74 9
24 89
56 74
0 23
68 42
68 41
92 87
25 19
74 78
63 29
70 49
45 66
52 8
16 97
7 65
76 17
0 60
32 12
3 21
82 9
18 35
53 93
58 36
58 16
11 58
73 94
40 19
15 79
88 21
6 45
14 89
39 1
81 59
66 55
37 62
33 29
81 67
21 44
60 8
29 74
