# Penalty: 58239.73484224194
118
9 45
27 35
32 79
2 66
41 80
52 9
3 86
21 33
20 64
14 28
52 89
39 61
42 94
52 48
48 18
63 89
25 26
69 60
71 77
28 24
69 93
94 54
80 30
15 82
3 3
90 70
77 94
44 53
29 40
59 25
48 44
66 46
89 7
20 42
30 85
87 39
55 53
55 4
68 5
91 34
1 73
45 91
97 92
19 6
63 79
63 18
44 39
88 62
9 50
19 51
31 64
80 53
32 31
34 82
58 15
86 20
51 35
23 69
65 58
79 83
68 63
57 74
2 83
69 89
98 63
96 60
40 0
46 71
44 71
61 2
15 64
76 39
23 98
32 41
31 46
57 49
58 24
49 42
85 83
74 74
21 61
86 5
8 25
10 28
93 4
74 55
72 52
34 76
51 3
15 8
94 75
72 42
42 18
68 15
7 80
96 79
46 87
81 71
43 64
7 68
12 35
84 76
76 7
82 66
48 28
55 37
64 72
91 87
82 97
25 18
38 24
75 68
71 33
20 13
72 96
30 99
35 12
55 29
