# Penalty: 63205.70333483089
127
93 94
27 61
47 24
27 94
53 7
16 96
37 18
50 90
37 46
15 51
89 11
30 13
48 50
31 53
25 52
22 75
2 64
26 24
50 72
17 46
96 40
71 57
61 77
31 66
93 71
43 18
60 3
71 42
76 92
58 92
54 21
80 91
26 88
77 43
1 43
97 64
82 17
75 76
32 77
33 60
44 26
23 14
94 61
1 82
57 86
22 9
44 59
70 22
12 19
98 15
53 98
62 30
87 57
46 7
40 12
85 6
17 91
22 78
5 49
49 17
50 30
89 98
23 23
12 58
81 83
43 49
68 89
6 23
31 1
32 21
47 70
0 53
22 2
32 7
96 10
22 40
14 83
43 86
67 81
94 4
79 15
1 10
66 94
13 0
40 0
89 93
98 79
61 95
39 39
38 80
5 11
53 2
50 0
20 31
2 97
96 36
97 33
16 72
11 99
87 78
29 97
58 80
67 6
2 91
40 90
75 58
78 23
10 87
10 81
92 48
74 6
26 74
48 36
84 47
64 30
23 34
97 22
71 1
35 90
60 38
37 84
89 29
65 53
63 47
42 96
18 61
57 26
