# Penalty: 68137.62885964155
123
58 9
66 69
72 75
47 82
59 91
5 7
47 62
28 43
77 46
97 96
81 68
96 27
56 22
33 60
42 43
21 32
64 8
40 76
52 98
75 52
13 72
63 57
77 42
68 10
89 30
57 81
25 2
30 97
11 54
36 88
9 4
27 8
49 92
64 17
88 19
75 75
28 87
26 72
64 25
9 16
63 79
17 99
82 63
51 1
16 88
35 18
34 41
98 35
52 29
56 42
64 37
40 72
87 55
60 89
14 32
65 69
19 69
53 82
46 78
25 43
91 47
62 50
10 53
32 5
30 2
57 15
98 40
51 54
31 76
75 62
78 66
6 86
3 93
73 20
67 55
57 68
92 42
67 24
72 0
56 96
48 26
78 78
93 63
12 40
5 74
38 78
72 84
74 52
96 10
69 16
22 76
83 85
29 24
70 88
89 35
78 29
72 32
40 42
87 78
15 7
1 50
33 28
79 17
95 87
84 37
92 59
98 80
0 75
69 46
84 90
22 28
92 12
51 50
2 33
50 74
74 0
83 24
36 93
22 84
81 95
16 10
10 29
39 58
