# Penalty: 60170.79206675664
127
16 82
72 29
12 9
87 89
68 64
78 51
97 10
87 76
2 10
21 26
36 63
55 55
97 92
3 72
60 79
76 13
44 71
66 80
28 97
28 74
17 4
34 91
81 93
79 24
6 58
56 32
19 66
67 0
57 41
62 55
82 52
44 3
43 55
19 92
77 62
9 44
12 51
18 73
96 52
9 69
77 19
78 38
11 22
57 66
89 65
87 30
72 6
69 30
39 42
91 13
80 81
30 59
67 40
60 92
88 59
34 60
1 50
66 75
64 73
55 8
52 7
24 19
95 62
21 59
66 82
46 13
95 33
63 11
25 0
0 55
51 54
57 30
64 0
47 20
82 7
44 40
86 36
75 96
1 15
94 76
88 85
97 56
98 48
30 36
29 39
12 55
10 86
60 86
8 80
79 0
32 78
35 10
38 90
26 29
36 0
98 67
59 20
66 16
0 42
96 14
38 78
31 20
44 74
2 22
22 35
13 29
43 21
47 46
51 59
56 45
94 93
45 99
11 16
19 52
70 90
99 89
2 70
88 44
92 21
4 37
68 44
2 96
98 71
64 22
33 44
18 45
48 86
