# Penalty: 56434.212554648766
119
12 12
7 7
42 63
2 16
84 85
17 17
2 3
32 83
92 7
58 57
11 88
21 70
28 37
75 90
42 3
46 34
94 78
5 21
91 43
72 10
40 40
52 34
96 88
28 71
22 24
78 85
23 41
36 99
76 69
76 36
79 54
68 56
91 16
78 76
20 60
86 74
71 36
89 69
18 90
53 14
59 4
97 68
85 12
59 60
36 57
76 65
69 50
21 83
28 99
57 41
18 54
45 42
87 23
14 33
11 99
67 10
94 56
72 91
72 94
57 29
26 72
52 99
41 22
37 22
2 49
23 38
1 12
51 85
49 80
66 27
80 56
25 0
71 82
9 53
34 12
31 12
2 83
61 17
17 21
99 63
73 28
74 79
62 49
42 29
64 1
80 95
34 44
92 22
26 21
33 36
97 3
63 99
4 72
97 52
55 87
89 87
44 72
40 74
84 64
20 1
49 13
16 8
35 53
0 32
15 45
75 9
3 60
6 45
19 10
82 91
63 23
8 75
84 45
24 55
5 89
12 40
8 64
11 80
23 98
