# Penalty: 63913.04828874138
127
62 84
97 13
97 41
83 92
80 42
73 65
71 40
64 44
37 28
39 18
34 91
32 46
30 10
25 30
90 83
96 30
96 9
95 52
96 97
88 59
9 26
9 15
87 64
86 56
84 12
83 26
7 90
76 85
73 23
70 73
68 26
5 80
65 76
67 64
59 97
57 19
57 72
56 3
53 44
4 23
39 57
39 83
2 58
38 67
36 62
32 2
30 96
28 50
27 5
25 39
22 47
19 21
4 68
3 29
16 5
15 73
16 93
98 91
99 78
97 19
98 2
95 60
93 14
93 81
95 49
92 99
94 93
93 71
92 41
91 23
87 35
83 65
82 15
84 48
78 12
77 56
78 34
74 3
70 57
68 58
70 0
71 7
6 61
66 13
69 35
65 32
65 24
62 81
59 59
61 3
5 38
58 20
57 33
51 13
50 43
50 32
46 86
45 21
46 61
44 45
43 78
41 33
40 10
40 1
37 19
37 51
34 40
30 86
29 12
29 75
27 71
3 0
28 57
25 62
23 29
20 39
19 82
20 58
17 62
15 32
12 55
12 51
96 67
10 98
0 7
0 94
2 84
