# Penalty: 60171.017342140876
119
29 92
4 30
51 22
19 36
29 71
78 95
94 98
34 45
24 52
81 42
51 46
23 11
83 82
71 14
75 79
25 64
37 96
24 83
3 47
70 92
63 66
7 53
35 20
53 70
40 45
96 37
96 72
37 58
25 20
71 40
86 92
14 52
33 40
56 61
92 60
11 63
22 48
87 11
61 92
55 13
38 50
33 79
73 61
61 69
17 9
43 77
27 51
85 40
58 6
59 82
47 38
64 11
11 89
36 67
53 51
8 22
6 23
76 54
62 55
8 39
93 54
8 29
96 39
77 58
25 27
0 91
66 42
73 96
94 93
87 90
46 52
89 61
50 92
70 27
18 45
8 77
81 82
59 94
1 64
50 51
0 9
19 59
6 14
61 35
28 40
77 91
34 76
47 15
75 23
64 15
53 41
75 36
2 83
50 0
49 7
68 89
75 90
84 22
35 86
37 19
26 1
63 47
68 45
80 13
79 65
15 77
69 94
61 75
42 60
67 2
20 26
57 84
5 97
89 74
39 9
35 9
2 37
53 27
0 5
