# Penalty: 64740.204628196
127
63 22
20 79
93 10
24 65
7 30
30 67
3 45
46 34
88 11
46 48
92 44
56 67
46 56
30 75
63 66
34 3
19 58
53 44
71 6
92 3
88 69
21 45
61 24
86 9
35 40
1 95
6 49
68 19
56 28
39 13
16 83
75 20
83 52
34 98
29 49
25 6
13 17
69 83
21 74
46 62
58 78
2 87
26 38
67 62
37 81
54 6
65 41
85 27
25 29
30 29
25 60
89 96
7 0
35 35
3 6
90 19
40 52
48 53
6 78
11 24
50 15
70 95
87 66
68 15
32 13
1 67
70 68
94 62
65 21
40 25
17 51
47 3
52 71
88 44
69 53
60 69
81 36
85 51
32 62
31 51
15 14
66 85
18 86
72 89
15 94
31 90
27 92
76 82
96 83
95 0
74 38
38 87
93 36
69 79
10 70
11 87
77 53
95 75
55 98
45 75
12 58
98 52
14 34
99 14
77 11
79 3
81 84
59 49
62 6
75 72
20 30
19 4
19 46
53 88
36 22
10 62
71 27
10 41
99 93
43 4
79 43
77 43
93 71
55 35
82 25
44 67
71 46
