# Penalty: 60822.07219143635
117
67 10
59 75
63 50
51 21
76 10
61 78
69 25
84 40
99 82
23 62
89 90
97 60
51 75
57 67
9 75
34 71
41 87
75 38
6 85
26 76
80 17
92 11
95 21
88 28
3 60
81 92
75 68
74 95
33 80
65 73
94 51
84 43
10 96
18 32
40 11
10 40
85 58
92 73
11 25
41 26
67 66
95 90
22 39
16 64
28 66
73 55
34 92
28 22
7 79
55 89
41 47
5 45
15 94
86 14
2 17
8 10
43 95
84 90
96 36
28 50
62 10
26 93
82 73
29 27
27 28
5 55
36 82
59 47
27 59
41 38
39 12
80 48
65 49
86 59
12 73
72 48
49 44
48 40
94 27
82 58
79 31
9 22
45 80
1 29
61 26
62 33
16 30
45 20
18 84
33 39
54 25
71 76
17 24
26 10
65 98
47 50
26 20
73 25
70 14
79 97
95 67
4 48
40 28
51 51
54 29
84 49
64 33
79 84
75 82
45 88
6 20
62 41
68 83
32 97
57 56
34 56
54 39
