# Penalty: 87164.87897229045
100
17 69
53 61
6 23
89 91
57 66
34 78
34 94
27 28
19 58
15 16
5 12
77 96
68 89
62 96
57 86
39 48
36 55
34 65
32 83
27 90
27 96
27 65
26 51
16 46
12 96
12 57
10 65
3 34
82 89
75 85
70 74
63 82
64 74
55 77
49 74
49 54
47 98
45 79
45 63
45 56
37 98
37 72
37 40
34 61
30 72
26 41
24 35
23 69
20 30
20 24
17 90
14 71
13 51
13 36
10 76
11 21
6 48
3 94
3 82
2 46
1 33
90 99
83 97
74 95
69 95
66 92
65 66
60 94
61 81
53 88
54 67
45 89
42 81
39 86
35 54
34 41
31 36
25 93
25 91
26 57
26 78
25 76
21 40
17 56
17 78
17 63
16 99
12 93
13 29
10 34
9 19
10 82
5 74
8 66
6 27
7 88
3 15
5 43
4 61
1 82
