# Penalty: 55541.67799923706
119
13 23
38 5
67 50
16 73
49 88
57 83
18 47
7 75
28 95
83 61
11 57
24 28
71 96
95 55
34 61
88 53
84 87
51 95
54 56
61 86
42 95
8 14
94 34
79 84
61 8
82 0
96 22
71 77
33 84
78 38
44 89
68 26
18 26
83 23
37 43
10 87
67 68
24 67
93 15
91 4
59 91
96 84
53 5
24 75
12 43
30 13
88 99
19 11
88 58
86 69
91 72
37 92
70 15
48 12
17 65
44 59
58 71
94 43
86 18
12 21
2 26
73 34
39 87
36 2
30 95
93 98
14 97
31 81
81 59
53 47
69 79
73 78
62 20
64 59
35 39
35 71
85 3
53 29
53 30
98 43
82 47
87 84
0 44
45 36
96 0
53 53
98 73
13 78
75 26
60 98
1 16
44 28
27 87
7 52
8 54
89 95
63 11
87 79
61 64
57 39
32 18
70 58
75 19
48 72
34 32
3 58
51 73
89 66
27 53
25 8
73 44
9 30
96 62
65 12
41 63
53 17
77 92
2 80
73 64
