# Penalty: 57677.54758461338
112
4 3
11 7
13 16
26 24
38 39
12 70
61 69
51 60
9 97
37 84
12 48
16 24
47 48
14 79
54 67
15 53
83 89
8 40
19 5
43 9
79 5
24 20
23 95
26 67
73 77
20 40
10 63
26 42
13 84
35 91
29 95
98 97
68 69
35 43
30 35
85 85
29 87
7 17
24 60
72 89
18 30
3 18
17 15
18 8
28 22
28 6
45 32
51 27
55 35
56 53
57 8
62 57
67 1
69 67
74 18
82 78
90 46
14 4
20 98
20 91
38 37
9 95
5 94
37 57
28 84
2 83
95 96
92 92
51 94
27 48
64 93
87 90
18 70
77 92
76 86
24 77
2 98
17 43
41 89
10 61
5 29
3 10
6 1
19 1
35 28
33 19
40 16
42 38
47 8
50 12
52 22
53 45
57 38
60 19
64 0
65 7
67 45
76 13
86 49
87 71
95 38
95 30
97 89
87 21
32 98
43 75
72 55
91 65
67 51
47 18
94 81
98 52
