# Penalty: 58642.32933908062
119
39 43
88 8
63 16
68 85
4 90
95 52
66 69
89 82
26 65
12 52
91 39
11 91
39 94
14 66
60 82
15 37
62 61
72 35
5 5
73 26
86 62
9 23
10 10
86 26
53 65
79 37
72 67
30 82
66 97
25 84
61 24
21 47
74 45
49 13
21 32
47 36
30 76
55 71
42 71
8 74
59 57
13 87
7 48
43 7
82 96
37 35
73 3
16 28
13 95
96 30
37 98
72 10
26 13
65 33
53 61
90 14
71 63
15 70
20 60
22 80
68 97
30 61
90 30
40 55
74 27
8 2
23 31
21 58
32 35
76 32
15 44
11 81
38 74
12 44
99 73
29 72
69 53
55 21
10 62
86 85
91 70
11 12
29 47
31 8
85 5
43 68
56 86
57 31
41 36
1 60
86 94
93 46
6 28
15 79
37 4
17 16
54 37
99 65
22 21
94 94
60 72
38 19
37 65
77 90
94 83
25 54
82 49
30 93
41 32
23 92
82 73
4 23
56 47
0 7
1 33
64 38
86 97
6 15
50 89
