# Penalty: 59034.21113193714
125
10 15
7 54
70 83
96 93
16 72
59 81
52 76
21 4
73 87
72 7
18 11
76 79
77 60
10 90
71 67
78 38
57 73
96 48
97 61
6 97
34 83
27 46
91 19
43 71
94 55
51 31
38 45
19 90
35 93
47 62
9 61
35 69
35 36
87 92
59 59
0 80
0 76
98 82
11 72
10 6
17 37
17 55
81 77
17 60
76 23
51 60
27 79
41 6
2 28
83 36
17 46
89 63
37 21
67 69
91 6
66 79
0 56
28 0
94 35
49 27
34 46
67 18
62 31
82 69
61 48
6 87
11 16
8 74
73 51
34 27
89 44
50 42
54 35
94 39
70 10
68 10
96 83
56 47
54 85
43 0
17 95
99 32
1 22
7 43
9 34
83 27
26 68
77 37
33 59
12 39
85 21
44 86
88 14
95 15
34 72
31 40
65 98
52 8
50 96
73 67
18 85
1 4
78 85
72 72
21 15
76 51
83 91
19 51
48 13
19 0
77 94
75 92
51 65
99 23
67 55
45 8
76 0
64 95
25 92
27 23
92 73
12 81
97 1
41 22
61 26
