# Penalty: 181763.36949230795
203
93 93
62 6
98 84
98 79
96 73
98 66
97 58
99 49
98 45
96 36
98 28
98 22
99 17
97 0
92 96
91 85
92 76
90 70
91 56
92 49
91 43
90 37
90 28
91 20
93 13
91 7
92 1
86 93
85 84
81 77
83 72
83 67
82 60
81 51
84 46
83 36
85 30
84 16
83 8
83 1
76 97
78 84
76 78
77 68
79 64
76 55
76 49
78 41
77 34
78 28
79 20
79 7
77 1
69 93
70 84
71 78
69 71
69 65
68 59
68 44
69 35
70 30
70 21
69 15
68 7
70 2
62 97
63 89
62 77
63 69
63 61
62 56
62 49
62 42
65 35
62 28
62 20
64 12
58 93
58 86
56 78
56 72
55 64
55 57
56 52
56 43
58 36
54 29
57 21
55 15
55 7
58 0
51 97
47 90
47 86
50 78
48 70
50 61
51 56
49 48
50 40
50 36
49 27
51 22
49 16
48 7
48 0
44 77
41 70
44 64
43 58
39 51
42 43
40 39
43 29
42 23
42 15
41 9
42 1
33 98
33 90
36 84
34 76
35 69
36 56
34 50
36 42
35 34
34 28
34 21
36 12
33 6
27 93
30 86
26 77
28 72
28 65
27 57
26 52
28 45
27 35
26 29
28 22
28 15
28 8
29 1
21 97
22 90
19 85
22 77
20 70
20 62
24 56
21 49
22 44
20 35
19 27
21 20
21 15
22 7
19 0
13 92
16 85
13 79
14 71
13 64
13 60
14 50
12 42
14 37
13 29
15 21
16 16
14 9
15 2
7 97
6 92
6 86
7 75
7 68
6 62
7 56
7 48
6 43
6 37
6 27
6 20
4 13
9 0
0 98
1 89
1 82
0 77
0 70
3 65
1 55
1 48
1 43
0 33
0 28
0 22
0 14
2 7
