# Penalty: 63078.80359403831
123
2 56
32 82
93 59
5 94
92 66
27 40
2 30
20 59
81 35
94 79
30 30
9 68
62 44
2 21
25 5
62 70
4 3
43 15
59 81
20 93
19 70
0 91
23 81
49 80
15 49
32 21
61 62
41 84
33 5
25 53
92 3
45 8
6 85
7 19
12 21
21 17
63 97
3 62
85 16
2 71
39 92
33 67
87 39
93 42
66 84
56 30
56 14
61 16
92 74
12 60
90 82
28 73
73 9
35 27
73 98
71 97
29 87
54 92
29 36
88 79
91 94
18 74
91 13
63 0
92 88
65 8
46 83
45 22
38 24
21 9
48 26
74 82
25 30
38 51
53 40
44 6
5 27
52 49
80 55
90 88
78 11
46 97
71 50
42 27
3 7
42 34
31 7
19 43
70 63
87 65
86 30
40 0
55 59
4 39
85 51
59 76
56 67
9 98
11 36
79 20
8 8
52 31
68 5
54 86
63 90
14 3
79 74
15 12
73 86
54 75
82 84
36 73
70 26
0 16
74 3
45 75
32 45
90 24
37 17
20 45
52 21
58 8
60 51
