# Penalty: 63105.47948934859
129
83 51
77 86
96 92
30 32
5 9
2 36
42 6
38 86
39 36
51 1
91 83
47 58
9 38
63 8
88 12
89 90
84 18
68 60
90 22
4 85
2 24
36 49
14 80
93 81
46 92
22 2
4 18
35 93
83 75
18 15
97 56
63 24
11 11
78 65
3 43
52 7
68 69
22 45
16 98
22 54
13 22
3 98
77 98
24 20
54 80
47 13
8 64
21 74
89 65
59 88
81 24
49 20
29 58
51 27
18 78
4 92
41 0
99 3
95 2
97 17
10 48
68 14
61 7
52 48
91 6
52 34
21 60
31 97
5 68
71 61
26 78
68 56
53 13
82 0
55 32
93 21
47 74
40 21
35 21
63 93
60 71
34 58
66 75
86 81
61 51
96 25
54 24
33 91
60 75
80 83
85 47
45 62
83 60
11 59
91 61
38 84
39 65
35 62
28 54
30 10
0 10
49 98
82 36
27 15
86 29
98 62
52 86
53 57
92 48
44 28
99 86
52 38
14 30
3 80
72 71
84 99
32 6
96 33
35 29
12 4
98 38
70 40
26 85
31 71
61 39
98 45
35 15
63 84
43 42
