# Penalty: 61923.680294884805
124
11 79
88 72
23 67
93 32
14 11
82 17
40 89
31 32
57 22
59 66
6 36
30 62
67 23
3 68
64 78
92 13
75 30
76 2
4 26
27 92
95 26
43 33
74 14
69 86
1 54
4 76
86 31
0 7
89 45
77 81
55 67
56 38
90 6
97 85
66 94
85 93
30 25
88 18
5 2
96 77
71 58
63 49
56 81
66 34
67 69
56 92
79 68
2 45
12 27
31 2
77 86
50 44
79 44
36 13
93 92
65 12
85 68
91 54
93 57
23 41
16 80
48 49
57 54
10 14
37 19
31 86
30 32
57 20
46 79
7 30
34 48
60 74
17 93
78 79
19 28
18 56
35 70
34 67
22 69
0 21
59 42
76 38
98 63
21 12
28 60
24 3
3 98
60 35
33 97
99 14
72 41
69 42
70 9
92 1
83 22
88 47
35 93
10 89
8 53
8 70
58 10
42 38
17 38
53 58
4 44
27 67
51 3
34 41
60 96
62 56
32 15
72 27
30 52
36 53
71 19
77 51
92 97
8 18
36 25
61 60
98 46
58 0
41 49
18 15
