# Penalty: 68883.56394800148
124
58 76
73 6
57 53
24 10
23 44
57 90
73 43
81 21
93 34
89 36
9 7
26 53
97 22
18 48
56 30
44 42
17 79
96 11
56 59
70 66
55 41
7 20
48 57
44 21
40 76
45 49
2 71
41 4
71 24
3 52
71 72
75 21
46 34
49 76
22 78
93 45
64 64
76 51
80 2
46 12
97 88
61 96
85 39
13 36
88 23
40 83
64 18
69 55
62 86
56 20
4 64
70 46
74 0
60 39
58 48
54 92
60 77
67 63
4 92
12 76
84 86
97 96
66 71
54 24
27 72
39 12
32 20
29 18
11 92
76 91
70 8
92 49
90 69
60 12
59 58
56 80
32 50
35 66
52 95
98 54
48 82
78 98
33 76
86 94
66 91
85 61
35 21
74 71
59 3
72 79
81 74
32 42
20 93
99 66
76 57
19 13
55 68
4 0
11 52
48 61
43 69
16 51
78 62
65 34
30 94
32 57
31 8
90 7
22 85
66 20
86 32
13 99
83 9
29 3
7 83
25 37
48 5
98 29
18 58
84 45
52 36
8 31
61 36
27 58
