# Penalty: 66226.18049585237
100
79 90
84 76
80 97
94 84
93 9
87 29
82 42
81 35
79 47
73 87
28 42
90 77
89 81
87 23
84 15
79 66
78 2
77 16
69 34
59 47
54 20
52 43
52 6
52 24
27 9
26 15
17 19
17 26
14 10
98 6
95 55
91 62
92 92
89 48
84 71
84 10
83 55
82 61
79 56
77 62
73 98
72 79
71 88
73 69
68 46
67 15
67 70
60 26
58 40
51 36
53 13
47 19
20 46
16 44
16 35
0 6
98 30
98 11
96 79
95 43
95 68
92 7
90 30
91 99
88 33
86 0
82 27
83 75
81 11
81 23
81 85
77 50
75 27
72 28
73 62
73 95
72 44
71 24
69 53
67 6
67 63
65 53
60 40
56 28
57 3
54 51
49 27
47 36
49 1
38 32
33 11
26 24
21 6
20 10
17 50
13 7
9 34
5 28
2 16
1 0
