# Penalty: 51615.04514180321
110
98 1
91 50
86 90
96 78
56 29
33 41
14 78
11 12
6 3
1 6
82 59
80 6
62 0
55 43
51 5
46 25
43 97
40 2
28 63
24 35
22 52
15 44
13 55
9 66
94 33
91 55
76 31
75 51
73 20
71 66
70 59
67 36
68 41
70 28
66 52
63 88
60 60
53 77
47 8
42 38
37 17
34 8
33 19
31 33
26 45
28 76
25 86
20 92
20 18
4 21
7 54
1 99
92 87
94 24
90 10
86 52
89 32
87 29
84 21
84 39
81 79
80 18
78 90
77 95
78 40
75 53
75 48
76 74
75 16
72 1
70 92
68 24
67 88
67 9
64 63
62 83
60 96
60 1
60 23
58 48
57 9
54 30
55 91
54 50
50 41
51 23
53 97
49 56
48 68
46 74
41 32
42 55
41 68
39 99
38 87
38 19
35 79
35 58
34 39
30 90
26 21
26 56
21 65
21 93
17 16
15 79
14 52
2 55
4 11
3 0
