# Penalty: 68441.8348552069
129
9 17
16 6
73 84
83 78
78 96
45 39
29 60
69 8
54 44
56 38
87 41
85 70
39 35
16 95
63 51
3 65
67 59
30 89
32 86
70 65
71 49
58 57
7 23
25 47
33 48
17 33
14 23
31 75
29 14
39 52
16 13
8 47
22 84
95 74
14 52
31 69
69 0
70 80
10 77
4 35
42 10
86 88
93 28
42 76
90 65
94 60
44 47
65 33
87 96
35 13
24 69
62 11
37 87
61 36
19 61
56 72
22 49
31 34
28 32
76 83
34 14
30 83
10 65
3 20
13 90
3 41
60 63
68 3
35 94
60 30
17 54
65 94
45 96
0 8
85 49
25 56
94 30
38 20
11 87
18 41
51 7
49 8
79 35
14 71
4 69
76 9
70 12
39 63
17 4
60 92
99 67
6 38
39 43
83 87
1 5
38 26
77 63
46 59
90 96
39 4
20 88
86 27
91 42
42 94
21 71
70 77
26 73
75 46
77 45
91 1
52 21
79 24
19 95
15 79
30 3
48 71
93 7
43 24
93 90
13 35
72 21
26 23
52 87
57 67
57 83
44 61
46 18
72 34
71 26
