# Penalty: 66389.26536723295
129
52 85
67 18
20 94
22 77
76 42
79 4
40 77
64 49
42 13
53 36
35 70
57 33
55 97
30 86
31 31
60 88
34 27
59 10
91 51
49 10
17 51
51 6
4 37
30 69
21 67
11 41
59 51
81 78
31 93
11 63
74 63
38 6
83 71
52 78
95 82
74 54
75 39
23 44
89 66
66 67
78 85
10 93
91 14
86 56
22 60
41 44
78 91
15 9
7 7
26 31
44 53
94 76
51 31
95 45
57 4
2 21
54 53
41 95
99 50
5 85
89 40
70 0
30 98
14 50
22 85
58 62
45 82
79 70
46 69
20 7
75 18
55 72
63 64
10 56
97 29
66 15
69 14
29 49
70 7
26 3
79 47
90 82
12 20
98 7
44 58
39 12
28 6
2 94
20 35
31 38
95 86
94 87
85 94
67 30
98 38
40 26
85 83
48 93
34 12
14 88
36 89
25 64
74 99
34 47
48 61
0 64
5 95
12 97
91 55
43 85
99 56
10 83
62 24
48 43
96 66
91 10
68 60
85 30
18 18
2 12
98 62
45 34
37 65
48 97
65 75
5 77
58 15
33 62
56 19
