# Penalty: 71601.42622207009
130
2 5
94 63
86 16
79 63
35 82
27 18
50 85
52 63
17 47
42 40
98 3
8 11
64 66
87 3
23 25
56 33
89 39
69 82
83 14
44 60
96 50
23 8
73 32
43 33
86 57
11 32
62 44
97 39
63 16
17 64
89 59
38 51
42 89
29 25
32 50
17 18
1 80
74 91
62 79
75 54
22 79
58 10
80 86
51 75
45 42
7 78
27 73
52 46
20 39
36 38
62 87
81 95
59 25
28 3
5 96
34 13
51 13
72 78
26 31
91 64
51 24
81 10
66 78
4 58
19 7
73 33
19 28
11 33
59 57
98 22
66 40
6 20
27 59
57 67
38 54
22 99
30 49
87 36
32 89
65 53
95 79
12 69
49 27
8 86
8 27
38 82
48 57
64 94
52 4
58 39
97 9
48 68
77 60
7 3
0 2
24 76
66 2
76 84
48 75
3 45
40 43
99 17
41 93
84 90
32 43
85 32
1 51
16 69
57 93
54 95
70 18
98 78
84 81
81 80
13 97
79 38
93 93
75 98
86 48
71 57
32 66
84 84
71 41
64 9
35 34
88 45
57 49
34 25
13 13
12 23
