# Penalty: 59726.08956343235
122
29 27
65 55
93 72
36 50
10 27
36 8
49 24
41 14
26 78
49 82
90 95
51 30
43 40
75 69
19 20
36 76
70 86
20 61
53 41
3 37
34 44
53 5
76 43
98 33
80 95
24 34
65 17
88 44
20 50
45 18
13 91
18 69
69 46
80 22
85 54
50 95
68 62
89 60
65 96
9 79
88 18
41 35
32 69
98 24
29 43
83 31
5 50
69 78
37 4
14 24
9 15
14 49
29 48
12 64
29 62
96 52
54 0
18 75
93 75
19 35
61 14
52 24
92 0
48 92
86 86
80 89
45 64
70 42
3 82
29 0
90 15
50 55
87 24
17 88
87 96
90 93
24 43
25 10
1 19
52 32
41 22
63 53
31 39
77 8
93 61
6 72
56 13
80 79
6 54
38 59
59 81
22 83
21 4
61 89
92 7
42 83
24 26
73 71
70 6
76 35
21 90
38 61
93 83
55 86
99 99
53 68
29 6
74 20
1 86
98 4
61 74
86 69
77 59
51 5
12 13
83 10
10 98
4 42
30 13
84 35
50 76
60 0
