# Penalty: 66752.89408279395
126
38 7
65 26
44 11
78 47
35 59
45 41
40 35
30 63
20 36
23 52
39 71
38 88
61 64
1 42
52 62
23 42
75 25
7 1
81 34
25 32
2 88
87 38
26 58
11 61
73 79
29 93
59 11
49 29
31 56
38 78
96 23
12 90
69 97
72 89
97 54
53 71
90 67
81 76
16 49
6 39
87 51
96 74
90 25
93 91
67 57
34 78
88 7
57 77
41 52
15 57
43 20
13 16
23 65
92 35
80 22
56 87
5 1
42 46
46 1
94 1
59 93
4 71
5 69
78 46
61 10
50 3
61 86
38 81
0 36
30 3
9 86
36 45
3 28
41 12
50 23
58 26
96 47
33 62
57 42
10 37
79 77
78 63
76 62
60 18
75 41
68 28
68 21
37 20
46 79
93 82
12 29
32 66
36 72
50 63
74 51
84 93
17 81
52 43
25 76
47 98
81 98
8 47
9 20
98 66
54 23
44 23
60 64
9 50
66 82
81 9
46 89
2 80
0 92
0 7
88 17
18 92
10 8
79 14
87 3
20 5
85 43
89 10
66 12
2 52
94 13
46 52
