# Penalty: 55573.733379111196
117
60 26
82 64
12 36
78 29
2 67
42 57
52 32
92 76
7 24
59 66
69 80
3 11
76 71
53 93
55 88
93 34
49 65
10 52
30 52
59 96
97 52
44 65
88 86
33 31
10 64
35 87
35 12
90 19
75 37
77 56
77 52
28 17
2 49
21 38
47 2
23 65
0 29
65 51
92 25
13 26
49 43
93 84
60 53
38 5
45 78
65 14
50 36
30 92
10 42
16 52
78 86
92 11
56 51
26 98
18 33
96 45
54 45
98 89
72 61
2 20
43 55
53 28
34 30
94 92
5 69
86 75
62 33
27 15
76 49
77 18
90 47
59 81
14 95
12 94
83 67
16 72
86 47
44 46
84 99
67 6
45 36
83 89
22 54
21 9
43 10
37 22
30 59
15 13
10 73
60 61
98 34
81 5
92 37
67 83
14 35
0 94
44 70
70 13
57 92
51 98
31 86
78 12
27 74
6 80
46 52
82 80
72 22
8 38
45 24
22 32
60 13
51 11
76 98
15 78
73 89
65 99
35 82
