# Penalty: 56502.345573899576
120
38 67
50 39
45 72
92 93
24 96
96 10
37 87
68 21
39 93
84 31
51 16
30 18
45 63
94 4
60 6
94 65
51 71
55 70
82 92
78 85
94 21
40 1
15 91
30 43
94 38
55 46
28 80
28 72
15 72
45 21
8 58
92 89
49 27
56 87
55 97
34 46
93 49
72 81
24 4
95 56
77 96
86 96
76 53
30 61
51 23
50 82
68 67
67 36
98 91
88 21
74 67
2 39
19 21
26 56
43 12
2 55
24 23
66 85
29 41
35 78
99 62
28 1
11 32
8 95
86 67
35 84
26 73
17 76
43 89
63 17
13 38
90 6
69 1
29 20
12 8
33 50
91 3
79 13
6 51
79 54
27 48
90 84
96 4
22 86
31 92
81 63
95 83
68 88
75 56
39 7
37 44
64 74
80 39
13 60
45 48
4 23
79 98
71 18
73 15
79 68
10 41
90 50
74 32
13 57
5 91
67 63
14 83
82 8
69 97
37 92
32 6
9 13
3 28
99 28
85 57
76 5
92 16
26 13
44 54
34 34
