# Penalty: 59868.17674594258
123
67 43
24 29
83 79
25 60
76 72
30 23
90 16
64 42
40 43
72 90
40 63
44 14
46 83
8 31
93 39
49 68
56 92
57 80
26 44
14 91
68 50
84 33
61 1
66 18
68 96
13 24
94 53
72 37
47 39
95 77
1 64
95 49
84 77
64 36
76 32
80 14
57 37
29 75
52 4
28 95
30 97
37 52
40 69
67 85
6 42
32 65
78 39
75 94
0 9
97 7
59 24
75 54
21 21
43 3
32 3
31 84
42 35
17 12
92 72
33 16
94 15
85 5
59 49
70 68
46 70
11 96
93 29
7 14
38 13
56 70
16 89
42 58
12 64
21 67
85 81
64 10
10 56
72 30
69 60
33 33
31 29
19 58
17 97
79 48
48 19
41 97
50 64
67 3
87 20
46 26
53 33
39 72
62 88
21 41
26 11
76 3
71 53
5 61
83 42
0 15
96 21
40 24
82 75
26 39
2 76
32 83
82 57
82 54
88 57
91 68
44 97
92 94
0 1
60 67
18 2
23 3
3 42
3 10
48 52
7 71
61 97
17 68
14 41
