# Penalty: 61474.30639836067
123
12 11
18 31
22 43
80 33
85 73
47 45
98 35
15 6
59 35
26 50
28 58
93 66
6 72
74 61
33 23
78 17
81 9
22 83
2 87
94 60
62 2
64 34
97 50
54 26
56 88
76 83
37 27
50 55
71 30
30 67
50 68
2 20
24 3
95 90
60 21
10 29
23 34
32 85
54 13
51 37
57 83
72 79
64 78
86 40
24 87
35 83
32 33
62 10
86 49
96 79
91 14
2 97
91 87
97 9
21 79
3 14
21 25
54 22
13 90
45 77
85 0
74 2
43 26
74 43
93 21
11 44
46 47
33 47
84 18
17 2
22 5
62 19
38 92
79 73
65 85
27 55
15 54
32 5
12 24
83 57
81 92
97 27
6 36
49 4
71 25
63 42
66 74
23 20
38 86
7 58
26 77
40 69
80 4
0 74
70 92
7 74
96 65
71 14
22 45
39 36
88 47
92 1
71 11
98 96
35 61
41 1
33 95
60 50
93 74
3 10
81 22
14 67
89 21
20 71
64 59
91 32
40 56
17 48
24 12
68 51
5 19
21 64
7 46
