# Penalty: 54995.935393367974
120
13 46
51 27
41 81
3 36
74 78
4 80
76 9
35 92
43 23
25 73
58 50
42 69
91 5
70 33
61 8
65 65
44 77
20 46
51 68
39 3
61 27
94 55
85 27
22 35
20 90
52 50
77 65
30 5
29 34
10 83
27 24
65 20
86 85
88 56
4 42
29 87
71 2
45 3
94 94
74 89
55 75
99 27
69 11
45 64
38 77
61 87
4 98
20 77
75 46
34 59
33 50
48 55
73 26
15 36
20 54
88 31
79 5
12 3
6 56
70 51
63 39
51 40
94 59
96 0
88 42
42 98
22 66
28 6
54 30
93 73
27 75
58 14
48 92
56 97
90 52
29 96
97 97
37 26
43 42
70 11
2 91
4 10
20 14
22 13
11 14
71 21
83 90
89 97
3 45
37 40
29 16
31 52
69 97
89 71
13 81
5 62
50 17
4 6
89 88
12 88
95 78
71 84
91 21
19 63
60 77
2 76
79 97
90 27
92 18
6 68
43 14
37 55
60 59
83 49
90 83
84 19
95 69
80 37
27 60
14 20
