# Penalty: 62135.18467147555
118
10 11
85 68
16 44
67 41
30 10
68 9
67 75
11 96
44 16
3 62
7 15
87 39
22 54
43 81
74 43
22 79
13 51
71 57
45 66
9 81
49 22
7 56
93 92
14 97
25 47
98 57
93 43
74 12
78 56
32 32
41 38
73 76
14 9
66 34
63 80
87 11
7 72
38 75
10 30
46 50
80 1
25 28
51 61
58 44
70 1
20 39
16 60
32 59
42 94
62 62
39 44
92 35
95 83
91 51
1 30
23 97
7 47
64 92
38 60
83 21
23 46
42 18
41 9
40 27
76 11
32 41
53 36
48 41
42 58
82 51
49 82
55 32
63 83
18 31
89 61
20 53
72 61
53 68
68 50
10 28
44 51
48 8
73 40
22 27
79 77
98 24
75 19
15 60
10 36
97 11
48 30
63 99
85 29
48 47
28 89
76 99
15 3
58 65
21 63
53 49
39 67
82 90
59 76
68 81
21 81
97 99
2 88
7 68
32 76
78 44
84 79
52 87
36 54
37 24
54 18
92 97
67 67
15 84
