# Penalty: 60634.750131099936
119
75 37
56 68
93 43
62 55
30 58
63 66
75 25
36 71
22 47
94 88
64 49
60 45
36 63
10 74
39 29
45 66
94 77
31 34
12 19
83 62
40 75
45 91
63 78
42 24
17 48
2 4
87 1
95 28
81 58
47 8
56 83
72 95
88 95
64 22
9 26
31 48
2 20
24 12
11 69
95 38
94 9
28 2
57 16
25 56
51 32
47 50
72 84
20 26
74 66
60 62
18 95
15 44
89 75
95 54
46 73
86 33
28 22
43 9
7 99
32 70
67 79
39 22
79 24
18 2
53 75
70 91
27 17
82 81
84 13
51 65
43 23
34 26
76 93
46 26
49 97
29 50
3 18
11 2
68 16
0 39
43 99
23 91
36 0
96 11
65 88
69 60
37 90
43 62
77 56
17 25
5 47
7 70
94 45
62 82
39 50
42 64
58 23
87 53
13 36
75 3
50 41
0 65
0 46
60 7
76 96
66 8
6 39
28 90
22 81
9 31
26 37
74 12
0 55
53 28
28 82
52 56
86 7
15 85
60 33
