# Penalty: 54222.95016699534
119
45 48
53 53
23 16
45 93
73 71
16 40
3 8
12 74
31 57
42 55
91 36
84 15
71 46
4 59
47 87
22 31
91 14
39 13
20 96
38 95
53 99
38 65
26 29
86 94
39 36
55 20
58 88
18 69
83 55
54 66
72 89
92 20
43 77
50 62
16 22
34 81
95 83
73 79
19 12
2 66
46 59
69 37
92 47
38 31
53 2
51 81
42 26
45 17
33 14
1 43
22 22
80 8
10 1
69 21
0 17
85 95
49 7
76 85
54 35
10 15
34 56
85 0
9 93
3 7
28 43
96 40
97 38
30 54
0 29
48 72
95 14
96 91
37 61
85 18
37 9
76 20
95 6
1 97
74 68
87 60
20 7
84 68
22 84
47 34
61 87
29 89
54 17
93 29
62 33
17 47
34 93
28 75
95 53
8 49
6 48
93 75
21 41
76 38
78 28
66 90
28 18
59 72
6 76
28 27
14 35
67 2
11 65
84 82
94 79
16 86
36 74
7 88
65 72
60 42
93 59
23 77
77 48
75 58
79 99
