# Penalty: 66004.97770937522
127
81 0
25 97
91 57
19 76
10 49
10 51
94 50
58 58
75 77
97 96
41 90
18 63
87 24
51 38
11 11
2 54
93 17
24 20
9 5
90 75
49 46
6 27
65 82
44 68
53 11
83 83
37 69
30 67
45 76
88 7
15 41
67 28
91 67
92 39
96 1
12 83
23 29
48 14
74 92
68 15
38 36
56 53
4 49
7 45
31 9
8 62
24 46
19 54
10 77
56 13
0 84
73 34
67 80
45 66
35 54
19 69
83 79
32 41
0 62
3 30
65 91
23 95
81 93
65 7
31 21
64 86
18 2
72 74
0 78
42 90
40 90
64 98
42 86
64 22
14 79
41 25
85 25
26 41
35 13
88 59
9 34
53 98
14 86
16 59
46 86
8 67
96 26
40 0
55 44
79 6
98 69
26 52
9 14
87 55
89 30
24 87
42 58
38 44
9 21
38 96
28 95
74 0
54 75
13 50
79 35
95 11
1 13
82 65
34 6
11 95
24 59
76 27
71 12
7 81
16 29
71 82
51 5
27 7
44 17
15 14
99 84
1 69
64 73
94 73
63 45
93 7
33 85
