# Penalty: 101280.59700237816
166
34 97
96 61
95 56
97 28
87 83
86 70
90 57
89 42
71 5
32 40
15 22
80 64
78 51
22 40
90 33
72 69
2 19
54 9
63 61
54 85
54 34
30 51
47 96
7 14
26 28
34 76
31 35
10 50
95 99
96 89
98 83
96 77
96 49
96 41
95 35
95 20
95 13
96 6
95 0
88 99
87 92
87 62
17 43
86 28
87 20
87 13
78 98
79 90
80 85
78 56
80 42
80 35
78 27
81 12
79 0
72 98
72 93
73 84
72 76
1 15
72 48
72 41
70 34
48 91
72 23
71 14
63 92
63 82
62 75
63 68
63 58
64 48
64 41
63 35
63 28
65 21
64 15
65 6
64 2
56 96
55 92
56 77
57 68
55 62
57 56
57 49
57 44
58 27
56 21
46 86
48 75
49 69
49 62
47 51
48 40
47 33
50 29
50 21
48 12
48 5
46 1
39 97
39 93
40 76
41 68
40 62
39 50
40 40
41 36
41 21
39 13
42 5
40 0
31 86
33 71
32 63
32 56
34 27
33 21
31 12
31 7
33 0
24 96
25 90
25 84
23 77
22 70
22 64
26 55
26 49
25 37
23 22
22 12
23 7
23 0
16 83
17 75
16 62
16 55
16 49
14 36
15 14
16 6
16 0
8 89
6 83
9 76
9 62
8 55
6 42
8 37
9 28
8 21
7 8
8 0
0 92
0 84
0 78
0 70
88 1
0 54
0 41
0 35
0 30
0 7
0 0
