# Penalty: 78869.45952000265
96
66 72
48 68
7 50
54 71
35 99
35 90
34 63
21 83
19 60
14 73
4 21
78 81
69 92
67 86
61 76
51 87
53 77
47 94
33 77
31 44
31 94
20 39
17 46
14 39
8 98
9 18
2 53
1 89
76 98
62 96
58 83
58 66
55 97
55 59
48 57
46 89
46 80
41 54
37 43
37 82
34 75
34 70
29 62
31 49
27 91
28 81
28 86
27 43
22 67
23 79
22 30
19 77
19 53
15 15
10 86
10 92
7 45
9 29
5 11
4 59
2 96
3 25
94 96
80 86
77 79
76 95
75 84
70 98
61 71
60 90
54 80
51 99
39 94
38 69
37 57
32 99
35 49
30 66
30 31
29 35
24 86
19 86
21 38
18 96
18 93
16 78
17 24
12 70
9 63
11 55
9 23
5 43
9 38
4 20
4 80
0 63
