# Penalty: 56185.98458923787
120
15 28
7 10
21 4
42 19
57 97
6 61
42 26
78 47
59 64
9 71
50 52
40 9
92 19
79 64
84 92
78 84
43 5
89 33
72 31
52 25
50 73
64 21
78 31
0 67
70 18
61 53
96 44
34 76
51 19
41 34
17 88
35 87
6 79
11 50
30 3
68 49
18 98
72 96
80 10
52 63
2 78
32 96
87 98
97 64
57 69
78 17
91 59
87 86
54 90
3 21
59 33
48 95
45 46
97 16
34 18
83 40
34 55
60 41
40 93
64 62
97 98
87 81
44 39
82 93
9 22
15 65
72 56
40 18
69 71
97 53
15 70
94 30
6 39
22 26
84 69
30 2
8 8
7 6
23 41
50 41
86 63
82 27
30 37
43 58
47 60
90 51
2 53
43 11
23 11
9 42
71 63
19 71
75 75
45 0
95 0
17 16
55 98
67 79
64 92
10 99
57 12
22 98
97 77
46 74
1 95
19 54
75 39
94 69
28 87
1 45
81 15
77 38
88 72
51 9
74 23
83 53
78 2
94 90
67 9
16 47
