# Penalty: 68260.74708032726
108
72 60
28 76
22 30
38 61
62 34
30 37
55 28
22 69
73 26
78 29
75 16
65 40
28 7
20 58
73 77
57 70
78 63
35 58
81 75
67 26
55 66
90 47
23 79
38 46
41 59
33 29
47 17
68 62
60 59
33 21
40 25
59 48
22 64
78 25
61 65
64 69
34 51
17 26
68 47
49 60
24 3
16 19
67 55
70 72
26 25
2 69
37 73
78 57
62 16
82 23
41 88
18 74
19 39
8 29
83 80
30 66
61 4
48 4
84 17
34 31
43 17
71 89
90 20
20 22
34 19
73 80
73 13
27 79
72 40
67 83
49 77
9 17
19 53
62 42
31 58
89 71
14 36
25 86
28 35
82 40
54 55
45 62
58 32
63 31
13 67
62 76
6 99
66 53
99 54
52 27
97 51
44 33
46 37
84 59
35 8
64 25
84 32
25 43
46 93
7 51
82 43
11 77
79 71
25 93
0 0
35 83
53 76
8 73
