# Penalty: 56677.64261583654
117
89 80
43 62
31 65
1 54
58 88
46 52
70 54
38 92
65 35
11 2
78 91
55 30
82 40
20 27
0 41
43 71
55 18
51 6
45 82
73 37
26 41
21 4
87 60
11 41
48 39
48 49
46 48
75 6
17 40
16 92
18 77
48 88
45 31
90 7
21 25
91 35
36 60
3 75
99 12
62 72
39 22
2 92
40 10
83 91
59 32
95 13
96 67
97 40
7 28
44 3
58 9
57 62
23 93
72 44
49 21
58 95
26 87
65 5
75 99
64 19
32 97
75 16
83 52
20 6
13 9
48 11
4 25
3 21
74 38
57 22
83 34
76 63
40 79
91 79
10 81
37 27
30 55
15 27
31 93
58 44
12 86
19 47
36 5
45 59
57 16
95 92
79 0
1 83
24 11
3 64
51 38
17 95
81 24
31 29
1 16
60 56
8 31
48 90
79 6
79 84
2 67
7 73
0 49
53 56
79 68
37 50
54 14
69 42
79 13
0 8
86 84
18 15
46 74
74 25
70 32
34 72
92 97
