# Penalty: 63877.39241749923
125
87 48
65 15
64 84
63 59
6 14
39 35
90 76
44 25
6 66
41 83
72 20
11 87
45 49
3 56
29 1
83 5
85 91
76 4
30 89
43 71
71 45
85 18
70 94
81 32
16 49
68 54
33 31
39 78
6 0
24 39
92 60
21 85
80 55
76 36
48 7
10 36
34 98
25 8
19 92
78 73
73 83
90 71
8 70
34 68
40 24
95 36
89 37
98 57
72 76
39 85
23 47
57 67
69 42
88 20
5 65
3 68
28 31
27 28
79 78
60 5
42 41
74 65
38 11
34 38
2 89
89 10
15 77
54 20
79 37
93 49
92 72
68 12
11 67
99 42
64 37
48 43
28 45
73 51
37 2
40 63
76 19
70 6
91 33
11 46
7 34
84 2
60 60
93 96
78 44
74 30
33 44
15 95
11 2
74 88
98 0
49 49
24 60
1 48
18 64
14 35
17 14
82 10
98 51
81 84
50 63
98 81
47 86
32 65
33 51
15 6
22 79
27 73
17 60
59 93
49 28
63 75
55 13
69 24
30 81
26 17
45 31
46 4
8 40
51 57
97 89
