# Penalty: 75165.71964256254
98
3 19
80 96
50 58
22 60
6 78
88 92
39 86
38 43
27 31
19 69
81 88
65 75
58 83
48 96
46 89
45 60
44 51
32 81
30 39
29 97
25 41
24 76
11 62
7 70
90 98
85 95
79 79
64 87
61 96
58 60
54 70
53 92
42 93
40 62
38 79
30 89
29 71
30 60
24 90
24 50
21 65
20 41
22 37
20 85
19 20
18 32
17 48
14 18
17 53
14 34
10 75
12 13
11 46
9 25
8 21
6 87
5 57
2 52
3 7
2 16
4 66
0 43
82 84
76 87
76 80
73 99
68 87
66 73
68 80
63 68
56 88
55 73
51 98
49 56
51 79
50 72
48 61
45 98
42 55
39 71
37 63
34 76
30 87
28 80
25 95
28 29
16 60
17 95
14 96
15 92
14 24
10 11
7 39
6 50
3 30
1 92
0 37
1 5
