# Penalty: 66653.41335502164
127
16 75
58 34
26 27
13 90
47 20
82 74
37 60
58 42
47 81
39 74
39 12
15 52
18 79
69 18
2 18
4 82
59 98
17 12
48 53
49 76
84 97
63 36
64 66
82 60
50 12
55 5
5 0
42 56
94 35
57 95
41 21
87 18
67 53
83 48
42 69
32 58
28 43
45 64
29 73
72 31
65 28
8 57
7 43
36 43
1 36
52 0
14 66
22 97
73 13
16 62
72 48
97 38
3 62
57 54
42 12
41 98
6 74
23 51
90 67
23 86
72 53
33 30
58 76
25 89
44 50
83 12
13 11
16 43
99 96
22 93
65 39
98 0
6 25
14 74
39 99
60 97
67 85
40 8
32 82
32 4
62 79
49 44
95 18
52 67
87 78
49 87
84 69
89 40
31 95
1 14
70 3
11 88
87 84
70 61
80 77
20 19
54 90
78 79
62 14
62 17
68 88
72 14
42 0
32 63
32 44
36 89
86 60
64 21
52 78
81 96
97 29
13 32
80 39
69 22
2 68
26 60
20 28
79 21
23 36
54 27
94 61
89 47
46 31
0 54
7 7
71 71
53 38
