# Penalty: 68160.14397824566
125
76 29
70 74
85 62
61 59
29 15
62 10
78 97
52 45
76 61
22 11
87 73
30 32
56 92
19 88
39 63
20 35
51 7
48 75
84 67
90 76
8 61
19 24
40 78
62 3
4 24
71 86
86 22
55 49
45 45
14 20
96 25
29 51
35 58
72 4
85 90
55 34
2 73
83 8
21 15
74 32
68 37
90 61
78 67
64 43
84 0
18 66
28 26
97 45
45 33
6 54
80 75
40 45
8 82
45 60
38 9
6 87
35 21
5 49
27 71
68 78
34 36
72 23
65 29
57 55
87 49
92 94
74 56
54 69
32 65
84 25
1 45
80 37
0 21
69 97
76 51
38 0
74 28
80 44
42 38
11 23
12 29
50 18
13 97
3 33
31 57
81 91
60 13
18 49
54 34
87 83
49 24
85 8
12 55
31 87
39 12
41 48
61 37
26 86
88 58
80 20
34 95
80 85
60 87
15 10
9 35
42 19
71 87
60 41
56 6
51 87
97 57
33 42
97 90
27 94
4 78
98 50
92 12
0 3
6 12
14 92
19 53
32 54
27 4
71 1
73 95
