# Penalty: 64363.790839336776
123
5 59
96 22
83 91
73 34
14 28
68 76
32 75
94 65
11 84
97 50
88 94
45 61
22 55
6 39
82 15
33 29
50 80
68 13
2 84
77 40
26 64
29 7
78 29
91 30
56 86
91 6
38 16
76 89
8 97
10 4
32 84
61 92
83 48
75 9
12 52
89 80
51 35
41 86
91 64
88 84
81 65
39 76
31 91
63 4
2 57
2 94
80 33
13 76
33 62
95 13
35 22
5 84
2 78
82 10
96 65
10 28
18 96
14 98
87 36
40 61
92 93
68 77
44 22
52 10
73 40
70 21
25 70
67 64
96 92
91 22
13 19
20 77
16 85
48 49
26 32
78 75
96 56
52 32
61 72
70 53
17 66
97 26
68 0
23 59
44 7
4 40
37 89
70 60
31 50
55 38
91 74
31 35
3 71
52 74
77 61
61 4
32 70
60 59
54 92
17 37
16 89
23 27
55 58
18 44
21 11
26 92
51 46
73 45
0 48
95 38
20 69
21 85
26 16
59 78
26 76
61 45
13 6
13 57
66 84
47 20
53 26
98 4
47 41
