# Penalty: 51743.43088735698
116
44 95
57 61
58 97
53 87
69 71
50 51
8 61
28 11
41 22
12 46
26 73
93 3
26 92
80 49
96 75
41 27
52 25
82 20
1 77
47 36
81 95
15 63
72 20
68 39
6 35
36 80
65 4
35 97
48 80
6 15
11 79
48 5
87 95
90 54
87 48
73 51
27 56
30 98
57 53
6 6
57 32
97 15
76 72
87 82
41 57
42 4
43 12
92 8
80 60
1 95
30 25
4 29
75 42
85 26
93 45
62 88
74 26
47 1
61 37
73 2
71 0
60 76
68 21
59 22
24 71
28 16
97 60
64 78
41 96
18 55
35 43
64 19
8 65
34 74
51 72
52 67
25 56
78 33
57 5
59 55
56 34
21 45
41 36
13 11
15 18
32 62
93 24
69 53
41 11
12 49
99 52
19 91
19 16
6 83
43 26
74 79
54 22
4 56
65 67
95 5
20 36
60 44
33 51
27 81
60 49
38 68
24 34
82 75
14 86
72 13
8 97
14 72
37 48
20 22
98 38
2 0
