# Penalty: 58239.56148549567
123
51 35
64 38
16 43
86 74
48 93
98 45
70 42
85 1
80 98
1 81
89 15
60 82
10 37
30 22
55 72
5 96
74 22
12 82
46 43
19 83
77 11
8 91
76 89
31 50
1 14
10 62
45 36
49 94
13 68
35 28
87 59
48 54
17 12
85 39
25 54
77 40
56 62
36 51
90 50
94 42
27 38
88 33
76 69
34 35
51 10
36 42
63 51
56 36
95 30
22 80
3 44
6 1
82 82
30 90
20 91
95 72
47 38
59 99
17 95
68 68
82 74
30 97
89 69
66 8
97 49
40 1
42 49
74 99
7 23
82 89
46 7
96 55
15 55
78 34
98 87
56 50
36 19
69 22
28 70
28 68
97 7
51 69
67 83
90 16
83 54
14 29
36 75
35 97
41 76
9 17
73 81
49 76
61 8
87 7
71 97
28 78
52 12
94 0
62 0
56 87
72 7
49 87
1 69
64 75
98 15
41 14
51 24
53 95
96 23
13 75
61 47
1 30
44 21
30 14
19 71
57 29
76 44
20 23
79 19
50 62
39 64
23 35
98 26
