# Penalty: 59215.538342072454
119
25 14
56 76
2 24
31 14
64 23
48 44
95 13
6 71
70 37
59 35
56 23
37 16
80 34
38 61
55 59
62 13
36 53
29 6
36 90
22 4
95 65
0 72
40 32
70 0
28 44
65 36
44 84
72 93
17 30
97 87
20 20
36 97
68 96
77 23
97 69
91 11
76 2
56 49
92 6
47 63
31 63
0 78
44 23
56 61
49 97
85 66
19 64
4 65
97 30
31 70
64 81
81 76
67 6
98 19
70 29
77 80
73 9
91 91
41 50
18 88
88 25
66 13
50 83
30 73
59 70
88 80
57 97
71 54
92 85
34 13
84 92
38 46
3 4
26 91
21 24
32 45
73 87
89 17
50 69
9 18
87 54
82 41
37 36
78 18
40 67
77 42
79 40
74 21
23 68
55 39
55 11
94 22
80 53
90 5
2 35
29 79
99 37
55 88
81 28
20 56
30 59
66 30
79 97
8 0
4 51
27 53
35 38
33 75
22 79
31 34
0 92
3 15
7 82
44 45
10 53
47 5
42 74
63 58
9 87
