# Penalty: 60913.40322683531
123
17 96
50 53
89 76
2 59
31 8
55 41
39 10
13 34
27 67
87 35
64 63
34 16
92 29
97 13
74 87
25 42
34 68
25 9
18 48
81 80
15 76
19 67
75 49
60 88
58 61
36 25
73 96
43 29
32 38
35 77
15 91
0 43
16 24
85 44
8 56
97 66
60 52
81 89
59 25
89 21
32 45
59 18
6 35
89 50
33 46
83 29
87 84
16 2
20 93
65 17
78 2
67 29
53 81
25 31
49 93
64 70
86 70
41 9
61 1
9 10
35 23
70 32
41 28
0 41
28 51
11 85
77 98
17 20
54 36
67 78
3 21
64 53
30 87
24 15
29 71
31 17
7 42
87 60
44 82
80 83
1 81
94 36
78 24
86 53
99 54
69 85
36 87
39 63
90 94
21 62
37 3
66 0
90 14
52 9
29 57
15 97
66 5
52 52
87 86
16 37
42 71
41 57
45 89
22 82
96 60
9 61
88 8
75 78
55 73
62 24
17 6
42 94
79 16
69 47
21 49
49 71
91 98
73 69
94 20
26 2
45 79
1 75
2 68
