# Penalty: 63864.848909459935
122
53 84
80 52
45 46
52 26
57 54
26 22
75 79
53 0
6 64
42 36
70 78
12 86
79 24
39 42
37 80
26 37
55 32
79 37
88 82
17 55
75 28
63 83
36 23
95 1
87 55
12 35
38 51
29 47
59 46
2 82
42 73
72 91
35 32
33 27
18 81
50 97
89 9
39 96
49 68
63 98
35 91
99 74
71 23
46 77
2 9
64 37
2 16
67 60
90 60
16 27
7 70
23 32
40 9
96 94
65 15
62 22
11 8
1 63
94 39
13 58
36 38
34 42
20 16
76 97
74 46
11 79
29 82
22 53
5 26
50 9
60 79
77 53
27 3
79 62
64 51
3 0
54 13
74 67
82 97
23 65
51 43
90 47
24 71
50 61
14 16
86 44
88 97
67 0
23 39
69 65
80 47
74 39
27 93
56 70
90 86
35 7
49 18
45 50
97 49
56 35
28 28
69 43
53 49
54 76
23 59
36 18
0 20
41 27
32 99
24 78
39 64
13 1
32 12
3 98
62 27
21 90
22 64
20 13
21 6
8 49
79 4
84 91
