# Penalty: 62239.34138242445
126
28 64
35 71
12 14
20 84
21 42
11 3
13 48
32 80
35 8
12 59
18 94
76 90
36 26
87 17
83 8
7 46
29 41
68 48
22 88
58 31
77 19
36 77
66 90
60 84
1 57
81 61
3 6
69 35
97 55
95 95
71 68
93 27
7 83
40 81
36 15
38 63
63 70
40 93
9 21
4 70
68 0
52 7
49 7
6 38
30 23
6 93
53 86
65 75
64 31
47 34
75 44
30 18
12 28
83 28
97 81
48 41
69 97
66 45
0 84
99 58
78 16
63 90
78 61
15 40
25 50
88 78
86 74
0 15
47 47
91 97
96 26
2 99
10 80
4 25
29 95
70 27
37 25
0 93
92 10
29 80
48 67
90 1
78 23
19 64
49 20
14 64
17 32
68 7
15 11
48 10
78 38
15 87
51 73
81 53
28 59
42 65
69 80
46 53
27 48
1 79
9 37
36 35
30 30
31 51
42 87
88 90
46 95
44 74
54 54
49 81
93 48
76 96
37 48
19 74
97 13
88 58
77 72
72 41
54 5
84 67
14 67
35 97
72 12
45 96
63 51
20 12
