# Penalty: 67389.24407814312
130
2 64
6 85
88 13
26 97
48 16
32 60
14 48
51 70
33 89
16 90
94 36
37 28
15 38
97 48
42 44
94 70
42 37
56 93
87 69
65 69
16 56
7 0
70 62
66 47
92 55
34 9
60 17
73 8
88 78
16 88
11 77
76 35
49 41
52 56
20 20
9 17
46 32
97 79
0 34
72 70
84 13
52 47
61 95
2 88
97 62
91 95
75 96
35 75
57 29
22 74
51 99
78 62
77 70
67 53
21 37
71 27
44 58
92 0
13 13
32 79
33 44
79 97
72 84
38 48
85 48
40 36
35 60
20 54
24 10
20 9
90 72
0 96
67 62
12 49
0 54
95 52
52 69
77 25
76 22
71 6
26 47
49 19
61 7
75 1
53 54
2 23
7 19
45 68
57 16
98 0
0 61
70 88
72 77
28 93
58 79
78 79
24 24
91 33
86 73
39 15
45 89
41 75
37 66
11 98
74 53
12 6
98 66
27 78
34 95
45 81
35 2
81 58
42 3
58 7
51 27
94 26
17 2
63 52
21 80
37 35
55 46
53 38
99 40
62 31
6 97
0 0
27 36
31 25
22 56
64 21
