# Penalty: 61248.19494573831
125
85 4
23 3
65 18
21 70
41 8
48 87
90 49
62 44
54 31
46 51
9 78
93 35
98 8
66 38
79 15
43 94
87 59
65 58
94 54
3 86
60 14
8 62
74 31
94 77
14 47
37 44
50 26
37 85
93 46
15 96
77 63
72 19
59 96
75 89
42 49
91 19
51 89
16 88
40 36
33 81
49 39
47 40
56 45
58 55
81 2
70 11
59 80
69 67
95 84
44 70
85 96
16 22
42 14
79 99
78 59
23 77
65 6
80 43
13 17
47 5
1 88
58 12
65 76
84 91
2 65
85 34
8 34
17 36
60 20
27 88
92 8
6 48
8 66
19 3
49 81
72 94
14 86
10 45
33 0
0 13
56 60
0 0
58 88
49 97
65 85
2 80
99 67
84 74
86 41
4 20
54 14
16 30
12 6
27 8
13 68
47 92
26 0
33 11
77 7
0 43
51 5
57 72
22 50
25 31
22 19
72 82
72 54
7 8
93 0
41 33
10 22
1 96
39 82
18 54
62 66
25 85
0 8
30 37
59 28
28 51
15 82
2 53
96 71
92 98
31 62
