# Penalty: 54658.93816105263
118
54 71
6 75
63 91
91 33
50 84
32 79
17 21
34 68
75 85
69 5
79 19
55 67
56 1
18 40
71 26
35 98
82 47
33 9
41 32
55 20
80 70
6 95
52 75
1 5
28 24
39 67
25 59
46 7
40 93
36 43
39 27
72 81
70 9
11 25
54 52
62 54
67 97
89 3
81 30
84 20
17 66
61 96
75 40
18 55
41 84
35 58
8 36
95 56
0 86
6 42
15 81
10 78
14 94
81 63
83 39
56 9
50 15
13 2
2 30
68 59
5 67
34 96
53 86
9 56
9 55
38 62
68 47
86 0
65 36
27 57
66 71
98 18
20 45
47 25
58 27
99 22
4 95
90 68
28 1
44 0
52 4
30 13
42 70
37 79
72 25
18 26
19 2
89 33
38 35
93 52
92 57
25 50
66 1
51 31
12 30
58 85
64 12
53 67
2 37
35 54
97 95
22 62
47 43
75 47
43 15
56 13
85 99
5 16
93 9
82 76
78 61
29 72
23 82
90 86
90 79
47 52
73 98
22 17
