# Penalty: 58994.56690418769
123
76 35
37 52
91 77
63 56
50 64
26 87
93 96
92 87
91 0
38 84
48 15
84 32
11 1
24 5
91 40
19 30
74 27
69 8
89 68
35 22
37 80
40 65
79 19
53 28
45 14
3 23
64 91
31 15
90 56
35 38
35 93
70 28
51 55
97 31
97 26
49 8
72 82
55 26
26 38
22 68
74 76
57 97
14 63
20 86
85 4
15 71
47 74
68 78
3 11
7 54
86 37
33 31
29 58
54 19
26 3
65 25
90 94
89 89
38 24
93 76
17 93
79 94
25 91
20 22
41 39
93 21
14 44
77 1
53 62
15 96
81 45
59 2
44 94
9 36
98 11
96 9
24 43
97 18
18 57
22 59
98 0
0 76
43 79
60 80
43 6
96 98
46 50
52 85
22 1
31 68
4 77
4 69
26 36
68 73
62 82
2 31
44 58
56 15
69 40
86 21
99 93
73 9
12 79
14 30
80 38
78 61
2 96
2 37
34 9
73 17
23 86
37 68
83 56
67 93
58 47
7 61
31 62
56 51
0 0
97 52
92 25
22 74
57 37
