# Penalty: 63835.80411817445
125
76 27
72 14
58 75
49 48
7 57
74 7
56 97
50 14
48 52
35 48
26 56
24 73
13 4
97 85
95 10
91 74
90 32
86 15
82 10
83 62
80 93
79 29
75 59
75 50
72 87
70 60
71 29
70 97
72 2
61 32
61 92
61 66
62 3
59 56
56 44
55 73
54 54
44 66
37 14
36 35
34 97
33 23
28 2
26 85
21 51
20 85
17 62
16 27
14 66
14 59
11 85
10 26
5 53
5 43
6 10
1 57
0 33
98 65
98 23
93 92
92 9
94 62
91 47
90 48
90 19
88 76
85 73
85 48
88 41
88 90
85 86
86 0
84 54
83 13
81 85
84 17
79 23
81 72
76 84
77 41
73 73
70 26
72 41
65 60
64 86
61 10
62 9
62 41
55 44
54 95
54 27
52 89
50 88
48 14
48 61
44 35
44 25
43 72
39 13
33 34
35 54
33 14
32 8
30 80
32 59
26 62
23 15
19 34
17 33
18 96
18 52
18 8
15 20
14 93
11 98
10 98
9 86
7 38
6 17
3 44
3 80
4 0
1 50
1 88
0 60
