# Penalty: 55533.010875483254
117
20 74
90 31
54 87
48 62
43 46
86 49
61 87
13 56
93 58
3 12
94 42
65 50
61 77
40 68
41 41
27 23
81 35
77 78
3 2
72 24
24 88
78 53
26 71
98 26
41 19
89 76
78 2
27 18
58 20
44 5
0 96
43 32
2 74
5 47
19 20
30 60
60 1
17 32
18 45
23 44
36 78
98 75
63 13
3 34
62 34
33 38
64 21
41 74
60 92
34 28
12 87
9 85
67 42
40 52
34 54
44 24
10 16
47 3
72 94
97 69
73 86
43 92
73 19
71 59
25 95
52 89
49 79
90 68
11 48
40 21
16 61
81 73
83 71
29 19
21 4
61 56
5 67
65 62
62 41
83 14
44 12
47 33
59 69
1 51
23 85
89 59
28 56
92 43
68 6
79 28
77 42
76 39
20 30
82 82
7 46
32 36
6 36
24 34
70 37
38 88
85 88
25 2
78 95
27 65
19 47
42 84
35 94
69 12
2 19
98 53
59 36
8 27
5 58
98 64
3 79
23 11
25 79
