# Penalty: 60598.59805429061
120
82 64
78 92
36 79
63 38
41 72
4 66
22 15
70 54
1 38
1 74
37 35
32 39
91 23
76 73
30 18
10 86
36 73
71 99
81 90
2 14
63 10
16 72
16 15
69 10
46 48
86 48
87 5
22 61
61 62
1 26
74 58
24 52
31 59
87 13
86 71
87 28
65 65
33 90
41 89
51 97
35 13
95 47
6 13
59 44
34 68
57 54
89 56
58 34
90 77
43 21
74 26
17 25
9 50
80 96
42 15
25 49
80 31
43 81
66 93
81 68
92 4
51 21
76 88
29 30
28 31
2 18
5 67
57 80
41 31
44 40
89 84
21 14
65 25
83 45
93 26
43 60
22 75
96 98
78 4
32 93
60 82
72 63
14 0
13 8
13 70
94 84
66 1
31 67
47 74
22 68
17 87
49 42
35 45
37 26
95 63
46 85
23 43
24 86
88 20
91 88
19 94
91 69
26 21
19 31
20 36
50 35
0 84
44 66
96 6
55 9
57 29
36 1
46 2
11 57
98 67
40 85
26 4
60 89
57 19
14 45
