# Penalty: 716420.945026164
187
82 32
82 18
2 40
2 31
2 13
2 5
0 26
0 20
94 32
96 15
97 44
95 41
94 9
90 47
88 21
89 2
80 45
81 38
80 5
80 2
77 1
51 45
49 40
49 37
48 32
48 27
49 22
48 17
49 8
47 4
49 0
76 71
74 52
72 0
68 95
70 92
69 87
71 82
69 75
69 72
70 64
70 62
69 57
70 52
71 47
70 41
71 37
69 30
70 27
70 22
69 17
70 12
69 5
30 94
29 87
29 88
28 82
27 86
29 75
27 74
28 72
31 67
27 71
29 62
27 61
27 55
32 56
29 52
27 49
31 44
27 45
30 40
31 32
30 34
27 30
29 27
30 22
27 24
27 19
30 14
27 14
31 12
29 7
27 10
27 3
32 0
24 93
22 95
25 90
25 82
22 83
22 82
22 75
22 69
27 63
22 65
22 49
22 44
25 38
22 41
24 37
22 25
22 13
22 5
26 2
22 0
17 95
20 90
17 89
17 84
17 78
17 74
17 71
19 60
17 61
20 55
17 49
17 43
17 39
20 33
18 32
21 22
18 9
17 8
17 0
12 76
12 70
14 66
12 61
13 57
12 49
17 33
12 35
13 32
12 29
14 27
12 26
16 21
12 20
14 14
14 5
12 3
8 96
7 94
11 87
9 92
12 80
7 80
9 67
8 57
7 58
7 54
9 47
10 39
7 40
7 23
10 17
10 12
7 9
10 0
2 94
5 89
4 87
2 89
2 86
2 78
4 77
5 72
5 64
2 64
2 59
2 56
5 49
2 48
4 47
3 37
4 29
5 22
6 17
5 7
4 1
0 77
0 70
0 45
0 36
0 10
0 0
