# Penalty: 48860.59241197157
94
22 23
18 19
13 14
8 9
28 44
44 6
3 7
88 8
14 31
40 78
67 43
60 44
35 28
98 97
3 39
34 41
89 70
74 26
46 36
21 5
40 28
98 28
80 80
21 40
7 29
12 44
34 96
6 17
40 13
31 22
12 23
91 6
92 41
83 53
32 73
29 39
93 9
88 15
85 30
57 75
54 85
67 80
50 60
24 86
0 62
29 28
32 54
34 59
18 74
47 11
37 11
19 50
17 35
23 28
4 4
40 0
66 4
99 2
37 91
62 51
76 23
74 70
86 82
3 43
95 70
26 48
34 42
47 36
97 21
54 48
40 47
51 16
59 11
71 52
91 65
68 54
89 60
60 55
73 61
15 94
48 25
42 54
4 30
46 74
15 46
4 19
46 50
71 20
38 67
28 13
37 15
39 39
45 3
12 3
