# Penalty: 59531.33630191076
116
70 70
36 57
42 54
96 27
59 57
73 18
32 70
25 86
57 88
31 5
79 7
54 37
51 53
32 52
6 97
66 77
19 25
82 67
60 70
46 92
78 47
85 59
47 65
74 87
50 44
97 86
40 6
80 81
2 53
57 5
81 53
66 62
54 26
51 89
26 3
83 91
10 16
9 82
8 11
6 51
31 95
27 42
64 56
93 49
28 65
93 59
25 52
84 70
44 99
18 57
93 15
66 68
72 53
97 97
33 21
82 88
53 69
70 37
61 43
98 34
71 79
4 61
78 43
63 17
86 5
95 87
95 78
44 46
41 52
40 27
62 34
77 54
81 50
97 29
66 99
64 10
35 10
23 94
90 37
76 7
45 5
56 17
41 72
38 69
19 14
83 23
42 22
73 21
26 65
10 0
60 21
53 59
92 96
77 29
39 61
89 22
32 62
51 34
67 50
69 28
16 42
55 81
42 79
82 14
30 30
9 39
30 83
25 10
98 71
98 5
9 60
90 71
57 97
12 74
50 8
84 37
