# Penalty: 53336.46677270946
120
78 32
96 76
36 96
36 22
20 39
97 26
12 25
66 14
16 69
18 12
60 83
50 6
75 57
88 11
86 40
43 12
95 95
26 7
73 8
6 5
59 51
61 7
63 46
5 79
80 4
73 30
68 50
35 6
64 2
26 55
31 36
97 88
66 30
6 61
40 95
13 15
36 39
98 80
77 51
58 26
19 92
85 24
32 99
48 2
59 59
51 56
45 96
64 37
41 33
97 65
21 21
23 50
24 19
50 29
0 18
55 3
19 27
28 5
17 40
77 74
53 82
12 52
9 54
74 5
2 2
3 14
64 62
60 78
7 21
59 91
17 81
95 36
44 75
98 73
44 37
44 84
77 36
95 25
96 5
97 2
72 69
89 98
70 15
9 31
78 57
97 99
54 19
89 46
95 87
41 56
88 65
86 63
13 83
15 72
85 55
0 22
8 63
19 0
36 65
70 62
43 67
48 52
34 53
82 23
80 48
99 56
43 90
63 90
53 48
39 1
93 79
65 78
96 12
41 47
39 80
32 71
79 95
53 34
6 42
0 97
