# Penalty: 65917.9532134705
123
81 5
5 17
91 5
97 82
42 65
55 49
77 56
19 60
91 79
36 34
83 21
85 58
89 65
45 81
24 53
79 11
48 38
56 15
7 83
36 13
86 88
19 74
66 8
14 22
5 30
77 64
76 21
37 25
2 95
78 60
35 6
85 51
90 90
74 72
63 55
57 34
26 29
14 41
67 50
78 36
62 61
4 50
30 24
95 96
70 10
7 89
28 17
51 5
76 46
48 11
31 84
53 81
34 71
12 76
24 36
13 7
10 4
32 43
19 72
88 1
69 60
44 74
45 72
19 11
89 77
97 50
93 71
47 44
86 63
30 58
91 82
63 3
5 67
44 39
50 29
46 27
54 55
59 9
26 99
49 25
61 87
64 29
49 64
45 8
72 31
9 98
29 35
6 77
14 15
65 23
76 78
47 92
0 8
98 56
64 44
79 3
4 88
62 45
33 18
11 68
12 50
77 42
18 32
71 83
46 13
27 64
12 88
55 97
62 94
94 26
49 83
38 83
51 62
87 16
44 99
40 94
49 91
64 14
47 54
74 27
1 69
71 88
92 16
