# Penalty: 61603.87671660718
124
74 23
14 5
30 13
75 45
70 40
84 2
92 71
14 40
21 24
26 9
32 97
30 68
73 91
37 69
60 32
38 55
39 35
58 71
92 35
47 32
73 10
74 27
74 2
40 63
47 2
17 74
14 99
77 69
60 19
58 82
21 12
24 93
25 36
45 69
11 9
63 46
85 58
51 27
81 44
54 13
69 51
41 92
45 20
81 81
34 12
29 39
0 64
89 27
13 56
29 92
91 22
50 74
67 70
49 83
65 57
97 22
66 83
3 46
25 73
69 28
46 2
67 37
67 42
93 13
91 12
16 73
15 38
44 10
70 23
22 48
89 51
59 38
38 50
38 90
14 84
12 88
58 50
68 59
18 16
9 2
3 53
77 49
8 69
85 46
76 59
49 91
99 38
0 60
43 24
28 53
10 55
8 82
95 27
52 39
29 50
50 44
62 95
95 57
93 0
27 98
43 98
17 67
27 25
96 43
61 64
78 13
96 47
65 0
71 55
35 10
51 66
34 82
99 78
72 97
43 88
1 39
86 92
3 12
18 83
17 30
99 93
90 62
32 74
59 87
