# Penalty: 57909.52194316517
121
10 52
3 52
30 85
76 82
79 61
85 28
90 77
67 75
70 42
36 32
72 27
11 35
71 3
86 65
85 19
94 53
57 71
20 67
58 6
20 85
90 57
45 35
43 81
65 2
67 26
1 0
12 68
72 91
6 71
75 49
79 92
31 28
13 78
91 89
49 88
89 94
63 54
23 4
53 19
13 10
71 74
76 97
13 92
34 6
36 3
33 5
42 68
88 8
2 14
24 24
37 94
31 93
14 32
2 20
25 89
81 32
2 35
68 12
42 50
99 43
76 20
77 15
17 54
56 8
82 27
77 77
80 85
21 17
0 25
29 67
59 69
86 41
61 40
83 96
48 34
49 96
93 93
34 85
10 58
65 62
69 80
18 40
58 45
49 4
33 62
29 63
26 6
67 91
57 57
11 14
72 97
63 22
10 44
96 8
90 45
45 89
84 67
40 25
37 66
3 89
62 75
97 21
77 0
76 63
95 30
0 8
29 96
59 64
39 6
50 41
99 94
24 19
90 26
56 78
82 57
19 74
42 11
22 38
13 21
99 69
4 61
