# Penalty: 38740.532137426264
103
32 77
33 95
47 77
46 94
63 77
61 94
77 77
77 94
92 78
94 94
81 56
80 40
66 57
64 39
52 57
51 40
37 57
38 40
21 56
19 40
7 57
5 40
82 22
81 5
67 22
66 5
51 22
50 5
36 21
36 5
22 22
19 4
7 22
6 5
19 98
30 72
39 77
36 89
36 99
43 71
54 76
54 91
50 98
59 72
68 76
69 88
66 99
75 70
84 77
83 91
80 99
88 71
97 76
96 90
98 98
83 61
75 55
76 43
75 36
70 63
59 55
62 43
61 35
53 61
44 58
49 44
47 35
40 60
30 55
31 44
32 33
23 63
15 56
16 42
17 37
9 62
0 56
1 43
1 35
82 25
74 21
75 9
76 1
68 26
59 19
63 10
62 0
53 29
43 22
47 8
47 1
37 27
28 20
34 9
31 0
25 25
13 21
19 8
18 0
11 27
0 20
1 8
1 0
