# Penalty: 65852.03769814441
131
22 44
76 35
66 84
37 51
70 1
84 27
46 21
93 63
9 21
83 9
9 93
61 78
8 53
33 82
2 70
74 82
51 48
40 51
93 3
43 46
47 3
83 91
91 87
59 51
16 64
12 73
81 22
7 10
7 76
87 66
78 57
0 86
94 81
46 32
18 92
49 89
13 83
30 16
54 16
30 10
14 9
17 59
42 61
40 2
14 28
31 76
98 34
68 89
77 97
13 19
56 76
93 44
91 93
52 11
27 31
24 61
47 61
68 80
63 83
91 12
74 12
61 35
79 73
30 68
32 67
21 35
52 57
0 59
80 67
12 64
19 47
36 0
67 59
94 30
85 12
67 29
58 69
56 97
3 58
43 18
82 80
25 0
12 4
65 5
5 78
43 82
11 81
93 50
53 19
25 25
28 54
8 95
64 35
37 91
68 97
86 86
15 36
98 78
26 93
55 66
51 43
98 85
9 32
37 69
76 48
75 39
59 21
19 23
86 55
67 51
90 9
61 16
99 60
54 0
33 27
22 89
92 76
83 50
73 63
47 38
95 5
94 98
59 3
40 10
28 46
84 96
42 28
98 41
27 11
58 48
37 42
