# Penalty: 68141.96685730628
130
59 5
48 12
84 71
81 9
74 39
75 11
62 11
46 4
40 41
32 32
31 19
24 10
8 90
11 10
94 72
94 80
93 9
93 88
90 67
89 4
88 39
87 52
84 92
83 83
81 54
76 17
72 16
70 55
70 1
68 80
62 68
64 76
59 87
58 42
56 12
54 77
55 21
50 30
45 68
40 15
30 9
29 41
29 3
24 32
22 62
21 21
18 0
16 93
11 0
9 47
8 39
7 13
4 21
1 2
99 48
98 4
97 97
98 62
94 17
96 48
92 52
92 34
87 41
87 16
86 14
81 30
80 7
83 24
77 59
76 34
76 88
73 76
70 9
71 69
65 30
66 90
62 24
62 56
61 2
60 71
60 33
55 99
54 11
52 49
51 93
51 2
47 43
48 80
43 60
45 48
45 21
44 86
41 40
40 98
39 55
37 82
37 4
38 28
36 8
37 69
37 22
34 44
34 90
34 75
29 17
29 29
29 67
27 46
28 93
22 82
22 78
21 31
18 51
17 13
18 43
18 78
17 82
15 17
12 57
14 27
10 65
12 98
6 40
7 69
5 29
2 63
1 93
3 79
2 47
3 67
