# Penalty: 61768.94472357106
122
11 18
57 62
75 10
75 43
34 38
83 98
36 9
18 56
25 23
78 89
86 17
64 25
63 17
24 74
79 80
74 51
34 19
14 17
82 33
42 57
76 24
42 66
43 88
33 79
54 86
76 15
14 52
44 2
34 61
88 4
4 68
48 29
6 45
2 12
75 95
21 65
50 72
35 75
2 7
45 96
28 54
8 96
64 5
16 2
37 31
48 42
27 2
75 66
42 46
15 70
10 40
82 55
87 25
42 8
97 49
32 3
66 66
37 58
22 42
46 83
60 26
61 96
8 53
44 57
91 66
63 85
73 80
70 81
17 18
14 30
36 85
98 24
96 23
32 63
0 66
67 47
28 80
31 77
88 13
96 86
82 91
11 83
98 37
88 46
71 97
39 50
70 30
55 4
25 32
29 14
94 22
0 34
70 58
41 60
72 86
0 82
13 24
19 8
6 33
14 5
23 3
45 16
35 15
27 97
66 8
96 78
52 72
47 22
76 4
7 81
5 77
62 47
39 95
0 59
8 21
35 92
36 25
49 90
0 88
93 91
64 38
73 34
