# Penalty: 59318.715179098646
120
89 50
10 22
13 7
58 35
78 66
93 35
35 28
29 94
59 28
30 71
9 10
1 79
94 22
74 54
23 72
87 13
36 64
20 5
63 58
27 52
97 41
66 64
66 91
72 97
85 46
67 18
15 60
89 73
1 31
76 17
20 30
53 25
44 85
41 74
81 35
60 90
46 65
86 87
89 88
92 2
31 78
39 7
98 87
6 94
96 9
47 55
29 44
67 7
81 72
3 67
59 71
56 8
98 77
96 65
87 27
26 62
96 54
47 0
29 3
24 55
97 4
32 13
67 25
26 84
95 48
32 94
48 73
17 81
90 21
88 53
30 69
81 6
12 3
7 86
66 93
19 98
21 93
86 21
43 60
40 84
78 79
88 61
85 59
71 18
16 74
91 64
40 41
63 42
48 44
65 49
20 27
39 88
89 5
21 77
66 55
69 3
28 21
71 45
72 33
71 32
7 38
77 41
73 10
17 62
91 84
29 34
33 20
9 27
43 98
17 19
30 26
13 91
66 33
13 34
96 97
48 14
56 98
43 67
98 13
54 91
