# Penalty: 64234.22850856389
127
4 32
60 97
42 90
69 89
9 49
39 23
10 9
69 9
54 72
30 6
2 3
77 7
83 95
96 92
36 93
39 87
87 85
58 87
12 85
78 80
49 78
36 76
42 74
34 70
71 67
90 63
63 64
83 61
95 61
57 61
78 57
95 54
20 51
35 52
66 48
29 48
65 45
71 43
33 41
91 35
23 33
6 34
82 30
43 27
20 25
7 24
74 19
15 18
96 14
21 4
3 74
85 72
8 69
11 61
46 51
9 42
59 37
44 37
67 28
32 19
36 18
63 3
30 95
69 95
98 94
71 91
64 91
35 85
95 82
2 80
32 78
54 70
26 71
77 70
50 65
75 67
98 61
54 60
93 57
3 57
72 54
38 53
20 49
36 40
83 38
53 38
30 36
54 29
80 28
36 26
11 23
56 22
88 20
51 18
71 19
17 14
1 14
66 10
45 10
61 9
21 3
7 6
99 1
39 9
95 99
22 99
75 95
8 90
82 86
18 82
69 82
87 79
57 78
92 74
44 66
21 56
86 49
4 48
1 43
89 44
64 32
97 24
31 15
57 13
86 11
53 9
50 0
