# Penalty: 74712.66494844099
121
57 91
86 55
72 76
66 7
17 14
50 76
95 7
17 70
75 90
54 86
68 67
77 65
87 13
69 69
66 16
92 80
70 56
57 41
88 26
68 88
59 6
83 75
85 33
78 6
63 91
97 15
92 40
69 60
61 22
52 13
86 1
94 20
69 21
70 47
83 59
56 31
9 14
59 69
63 30
93 33
57 49
98 62
93 1
57 78
84 30
26 13
95 53
74 23
24 70
35 46
68 44
78 94
32 19
83 11
88 56
11 77
36 8
1 29
89 12
83 40
22 81
4 1
54 9
64 98
73 95
20 55
23 6
85 19
22 21
33 28
21 63
19 63
4 26
62 86
53 92
29 0
26 41
21 0
90 96
81 53
86 80
14 61
68 85
94 79
80 27
14 28
0 7
54 25
61 62
89 71
94 30
84 86
10 70
13 6
14 59
15 23
80 72
57 95
48 60
86 63
60 38
97 82
13 0
65 76
73 39
59 56
28 26
19 25
33 1
11 21
0 19
37 39
2 13
17 78
95 43
20 76
92 71
0 0
92 84
19 5
14 84
