# Penalty: 51774.67569055828
111
61 58
90 68
77 51
45 18
33 49
31 55
22 54
93 77
90 92
86 31
81 88
79 73
55 18
50 84
46 63
35 63
36 36
34 81
29 90
28 79
23 74
15 4
10 37
99 44
97 74
92 6
92 60
82 45
81 94
77 45
76 73
75 17
75 58
73 79
75 34
69 72
65 24
58 43
57 90
56 48
54 62
53 26
51 92
47 78
46 54
46 4
42 93
42 48
30 70
30 44
26 60
29 14
24 38
22 88
16 79
13 88
10 31
5 52
5 40
99 58
97 35
96 30
96 96
95 88
95 50
93 35
88 16
86 1
83 7
81 67
78 69
79 10
80 3
76 24
65 70
67 15
65 17
67 95
65 38
62 91
63 34
57 82
54 73
55 33
45 32
43 34
45 76
45 68
41 89
42 28
40 3
39 78
37 4
34 93
33 39
33 23
34 89
30 76
30 1
31 22
24 97
23 4
20 14
17 33
17 1
14 64
10 57
6 24
2 51
3 43
3 5
