# Penalty: 175815.78256839642
196
98 97
98 92
98 82
97 76
97 71
98 63
99 54
97 49
97 43
98 36
97 26
99 20
96 12
97 7
90 97
90 91
91 86
90 79
90 70
93 62
90 57
93 48
91 42
91 35
91 27
91 22
91 16
90 8
84 99
84 89
84 83
85 76
83 69
83 63
83 54
84 50
85 40
84 33
84 26
84 22
85 12
85 7
77 97
75 91
76 83
77 77
76 70
77 62
75 57
76 47
75 42
79 36
75 30
76 21
75 13
79 5
68 97
71 90
70 82
69 77
70 70
70 62
70 56
71 47
71 41
71 34
69 27
72 19
71 12
69 5
63 97
63 91
62 82
62 78
64 72
65 63
64 55
61 50
64 43
63 37
61 27
62 21
65 12
63 6
55 99
56 92
55 84
55 77
58 70
55 64
55 55
56 48
56 43
56 33
55 28
55 22
55 13
54 7
50 99
47 89
48 84
48 76
50 71
50 62
50 54
50 48
49 42
49 35
47 26
49 20
47 16
48 6
41 98
42 90
44 84
43 77
43 70
40 64
41 54
42 48
42 40
41 34
42 27
42 21
41 13
41 8
33 96
33 89
33 83
34 77
36 72
33 62
34 55
36 48
36 41
36 37
36 27
35 21
36 13
35 6
28 98
27 91
27 83
29 76
28 70
28 62
29 55
26 49
28 41
26 37
28 30
28 20
28 14
27 7
21 98
19 91
19 84
19 76
21 72
21 62
20 56
23 48
22 42
20 35
22 29
20 20
19 12
22 6
13 96
14 89
13 86
14 77
14 70
14 63
14 58
13 48
14 42
14 34
14 27
15 22
14 14
14 8
7 98
8 93
5 83
9 76
5 68
6 61
5 56
7 51
5 41
6 33
5 27
7 20
7 14
5 7
