# Penalty: 45513.228237962096
109
90 63
11 11
78 31
9 36
15 65
91 30
90 95
84 69
75 47
21 10
8 2
40 85
1 82
13 55
83 31
47 62
4 31
1 20
34 43
85 40
25 20
19 58
79 74
47 89
55 63
80 99
66 75
60 24
54 33
9 62
52 93
65 57
32 35
60 13
46 12
70 41
90 84
48 0
22 27
2 76
8 80
35 97
82 13
79 84
43 80
88 19
64 86
0 92
73 59
0 58
46 34
45 66
5 53
73 90
27 95
36 56
54 44
26 87
72 8
99 76
7 89
12 1
89 47
25 76
19 44
30 29
34 63
79 58
35 0
12 89
3 43
13 81
79 26
36 21
50 84
70 96
56 36
16 36
29 11
73 17
12 98
0 23
50 8
67 51
60 30
72 77
50 40
88 88
73 41
91 56
55 75
60 44
60 53
48 26
26 5
0 68
56 3
0 50
61 99
76 63
80 88
54 23
19 1
20 64
75 2
86 2
24 57
0 0
74 51
