# Penalty: 45973.74684011166
107
34 79
26 35
41 79
44 93
52 47
0 66
9 45
31 31
19 68
89 3
55 5
48 87
2 84
47 18
22 26
10 28
21 61
96 56
39 61
63 89
69 91
31 41
79 83
83 41
57 27
17 32
17 50
41 38
1 73
78 29
2 4
62 58
8 51
14 84
76 96
18 11
87 33
47 40
39 21
86 63
29 65
53 38
72 74
80 68
28 86
61 78
18 42
56 19
88 72
96 78
68 59
85 19
69 10
68 43
44 71
76 55
60 20
42 52
27 24
97 92
54 53
50 88
49 9
33 83
31 14
28 99
42 65
69 31
71 68
23 17
68 50
79 97
89 85
62 72
27 78
46 26
47 36
1 88
75 9
11 62
9 35
4 68
6 79
11 6
47 1
64 5
85 68
63 65
57 13
18 5
6 25
58 27
85 9
62 48
84 82
55 48
28 47
22 98
73 92
72 37
78 51
13 27
60 0
39 0
93 63
66 78
55 73
