# Penalty: 59198.70747049213
123
28 97
25 77
65 41
83 63
48 13
24 56
30 19
47 57
28 44
23 64
60 84
77 25
73 36
80 1
42 67
3 69
26 5
44 37
95 47
7 98
84 17
69 20
98 77
16 45
95 56
52 77
42 2
52 18
19 20
8 75
9 2
54 34
12 56
63 14
34 83
70 54
23 35
43 75
67 68
84 73
26 91
17 93
16 53
90 20
48 94
76 50
33 52
51 48
80 78
85 88
61 20
72 95
29 1
59 9
93 26
3 26
75 74
76 10
81 92
69 41
15 27
98 25
96 10
0 81
54 53
13 40
7 22
26 48
60 81
35 76
40 25
31 69
37 18
15 86
70 84
81 21
97 40
24 42
79 69
78 65
6 65
74 64
8 92
1 58
52 3
55 63
85 0
86 96
41 13
60 38
79 81
83 58
23 7
85 48
79 34
10 61
95 66
37 88
0 5
97 47
44 81
38 33
1 91
92 79
98 35
6 16
65 58
42 95
65 53
45 47
63 30
15 8
56 29
59 66
94 96
3 86
70 20
32 28
13 17
90 60
16 77
86 79
20 81
