# Penalty: 51449.1168105514
105
3 4
16 28
62 35
42 72
20 55
34 23
12 90
65 71
16 18
27 34
45 36
83 49
80 72
61 80
97 49
69 12
50 19
35 96
73 39
74 81
73 90
49 89
36 17
47 86
42 92
80 51
60 29
66 85
34 43
31 51
95 94
85 30
76 43
50 96
53 98
53 57
83 57
17 85
26 96
45 50
30 82
9 58
79 86
60 15
91 48
19 36
87 99
62 64
36 58
67 33
90 64
13 35
78 75
31 39
76 68
38 86
49 43
83 64
52 71
20 90
8 87
59 81
37 51
58 26
61 26
70 26
61 40
21 47
68 44
13 44
29 46
43 31
43 56
94 57
49 26
59 14
8 71
32 69
79 35
14 59
77 99
50 63
94 50
98 83
69 51
43 11
87 51
99 68
42 15
87 11
88 72
98 26
76 19
78 13
64 98
32 28
31 11
9 49
17 49
85 20
21 76
75 61
95 36
18 26
0 2
