# Penalty: 54906.05297424151
118
15 79
49 95
62 82
34 89
51 61
56 43
66 56
42 46
56 25
44 24
61 49
3 63
48 2
53 20
49 90
78 42
36 40
24 97
16 67
34 76
91 20
38 79
71 98
12 93
28 1
88 42
15 40
60 87
42 40
65 12
23 52
10 12
3 53
86 88
7 95
49 46
83 79
29 16
28 83
2 10
91 5
0 0
73 23
84 65
0 28
83 72
89 26
78 8
17 92
68 37
54 10
60 28
60 10
38 59
25 36
32 7
87 34
37 20
0 17
40 69
61 0
25 86
15 68
17 77
68 6
57 39
25 15
95 24
3 89
72 81
9 34
18 40
56 84
27 22
18 7
34 23
99 6
46 94
43 31
94 68
43 72
48 21
8 91
1 95
11 50
82 5
22 26
42 15
25 93
94 52
86 59
57 19
81 99
38 4
21 53
27 99
21 60
56 0
74 37
13 22
56 12
41 60
93 64
40 87
8 44
71 93
83 0
79 61
0 34
35 55
33 62
64 25
28 62
15 19
96 34
97 74
2 78
96 38
