# Penalty: 55449.16418007003
119
80 20
53 53
97 41
36 39
83 57
3 64
68 8
6 28
24 9
71 4
28 78
37 97
6 6
56 21
48 27
88 84
4 71
5 83
61 84
23 73
36 90
60 8
56 57
86 11
34 36
24 89
76 64
1 11
83 5
80 29
12 44
10 43
90 46
87 73
96 1
94 10
6 67
47 40
32 53
8 25
61 69
73 16
38 14
62 77
30 97
12 6
13 93
92 23
44 9
31 44
41 74
68 43
97 78
41 65
38 45
72 65
63 58
19 45
0 46
75 86
63 82
70 51
39 21
72 29
69 28
38 0
92 30
93 38
9 33
1 9
84 21
23 65
46 20
33 87
12 34
2 16
52 51
60 26
52 67
4 91
74 32
73 77
77 40
18 20
17 23
79 10
50 37
95 63
82 66
33 68
81 1
0 32
2 86
59 3
32 3
29 56
22 1
94 58
11 92
79 91
49 75
38 8
95 79
0 54
80 75
22 55
11 56
32 82
2 99
17 96
68 74
10 84
65 13
68 63
55 34
18 58
96 98
66 21
18 52
