# Penalty: 59569.97353513921
122
12 53
5 2
97 65
32 69
50 49
59 67
48 38
21 43
77 84
57 91
55 25
60 85
57 47
94 71
88 87
87 61
65 68
91 8
14 22
95 42
96 39
94 26
40 48
70 91
97 79
18 8
22 52
16 78
30 22
36 74
98 84
81 40
83 17
92 78
58 16
3 52
36 52
71 34
79 0
74 8
80 32
7 82
14 29
1 80
85 28
29 94
67 26
34 3
48 25
27 12
50 53
22 80
26 42
60 38
18 57
10 62
41 92
55 59
3 4
11 41
4 25
67 63
43 12
91 15
80 79
76 77
77 97
1 86
41 86
94 30
20 85
61 18
26 29
42 21
74 3
44 41
72 41
96 0
64 5
98 88
89 98
70 21
56 91
60 90
34 98
92 77
90 56
48 97
6 13
4 45
52 9
95 14
43 5
81 69
35 23
17 5
34 38
63 81
76 14
12 30
29 68
80 22
15 14
24 91
18 97
65 73
63 74
79 62
36 12
97 49
73 59
45 60
38 62
29 46
29 82
44 50
35 32
34 86
75 66
29 60
64 35
66 44
