# Penalty: 60676.429209897666
123
22 13
88 2
27 95
59 91
48 28
2 49
83 61
51 92
54 10
15 38
45 34
59 18
4 91
14 10
11 28
51 81
89 95
72 24
70 19
30 66
78 86
15 2
64 77
94 74
24 33
70 98
73 75
58 82
66 91
81 3
84 48
24 50
69 80
68 76
41 90
44 68
66 4
55 90
65 34
29 90
16 19
87 42
10 86
43 20
10 76
35 69
31 18
62 67
1 38
27 77
78 44
7 53
89 55
7 31
29 27
41 60
94 64
9 43
27 99
60 89
53 60
78 88
19 2
10 48
92 28
9 97
95 84
39 90
88 91
52 32
60 34
47 95
3 77
17 58
72 93
29 50
22 20
62 30
56 22
88 84
15 34
83 5
67 16
37 49
35 47
92 52
89 65
61 98
30 14
49 15
96 44
71 46
1 45
78 8
62 58
57 8
1 87
45 37
45 2
54 55
57 39
1 65
97 28
2 22
11 13
49 52
96 2
92 4
31 3
34 79
98 48
90 19
51 77
33 95
99 78
58 71
96 93
78 81
22 65
22 94
8 3
44 47
4 7
