# Penalty: 51412.963543652884
113
11 80
74 56
32 84
85 65
79 33
82 10
46 16
50 82
18 92
95 28
33 51
95 42
16 12
23 39
28 10
59 4
95 34
96 59
32 70
64 84
80 89
69 15
40 96
47 96
19 37
70 35
41 60
51 27
19 89
88 13
57 50
31 34
86 1
1 44
10 89
51 7
76 47
64 55
22 96
38 5
57 68
4 32
12 13
82 16
23 66
5 29
83 38
98 85
16 66
71 51
79 55
39 24
41 76
42 54
45 24
75 86
52 47
67 8
30 57
65 18
83 8
50 69
25 14
21 71
16 34
13 79
51 26
43 81
62 86
60 83
67 69
37 34
34 46
85 67
5 42
67 76
90 28
20 3
11 50
38 97
29 48
68 25
59 38
88 22
13 23
11 2
18 72
2 25
6 21
88 90
31 19
91 58
26 22
40 64
1 47
71 42
87 79
44 63
16 3
90 78
95 2
37 42
76 39
78 62
21 55
71 77
95 50
7 99
57 55
52 35
25 80
93 9
4 71
