# Penalty: 45078.21051124684
105
70 3
71 80
20 8
42 73
53 72
67 95
62 72
71 31
84 8
30 55
67 58
28 29
73 59
15 93
10 87
39 1
52 48
73 20
15 30
36 95
94 41
63 29
1 61
60 8
81 13
55 21
44 18
59 97
14 78
95 21
11 12
71 37
22 96
47 65
82 68
0 11
86 81
58 81
2 28
20 15
29 18
34 64
96 51
36 84
56 32
84 37
48 83
85 54
7 23
48 90
78 74
5 65
0 44
93 78
52 39
57 59
67 66
9 71
10 21
31 42
28 99
43 7
89 28
43 62
54 1
10 7
0 76
62 5
34 7
76 86
90 62
67 47
63 89
49 9
38 41
38 14
31 77
53 66
12 88
50 79
43 35
22 12
29 22
22 1
24 45
77 49
44 46
71 27
2 99
14 50
10 57
0 86
78 56
45 24
85 85
35 35
0 19
64 13
7 39
61 36
59 67
81 27
40 98
72 92
85 92
