# Penalty: 52986.129722064696
116
28 96
57 84
13 21
65 51
38 4
61 9
21 28
90 53
89 96
42 92
51 95
7 54
71 96
48 88
16 47
83 86
7 75
31 82
15 73
53 56
33 61
84 58
69 79
83 69
89 14
8 85
52 15
41 59
18 9
57 91
90 72
63 67
58 71
14 26
26 13
97 59
20 69
86 3
69 17
34 93
40 96
93 34
54 29
93 83
77 38
93 21
88 80
6 15
35 40
83 23
59 84
22 74
52 3
77 84
80 1
66 25
71 64
0 78
75 93
37 64
84 52
64 11
7 29
70 45
21 9
24 52
48 52
88 65
50 73
1 59
29 32
93 55
43 74
15 63
7 52
74 19
69 58
29 18
55 38
24 88
87 59
39 27
36 45
0 14
9 43
57 99
73 28
8 79
95 73
89 5
95 1
43 36
0 40
22 67
66 69
76 58
79 48
96 44
31 3
32 73
71 79
60 59
60 21
23 29
16 49
82 63
43 10
9 58
51 45
9 96
91 97
36 85
68 35
0 23
82 16
89 42
