# Penalty: 46001.94167705769
100
4 3
12 6
28 22
83 88
36 38
19 7
13 16
64 69
78 3
50 23
67 1
46 48
42 9
24 18
23 40
4 17
8 40
12 48
11 70
14 78
20 96
53 65
8 96
16 23
29 84
73 92
15 53
35 87
49 59
96 98
42 31
55 38
55 54
66 48
88 69
90 45
81 77
75 13
61 57
57 8
28 34
30 97
27 6
24 26
17 1
17 15
96 90
86 87
68 69
37 15
10 61
31 43
12 84
17 30
24 60
26 47
26 66
72 78
96 51
42 20
92 81
69 56
41 75
11 2
84 21
94 30
93 38
81 50
71 19
64 65
63 7
57 20
52 45
50 35
47 14
46 7
40 38
30 28
7 9
0 8
3 30
15 90
39 89
16 45
0 97
21 77
73 86
9 65
7 99
16 72
61 93
24 93
0 93
35 83
46 94
90 95
0 84
6 17
35 57
32 92
