# Penalty: 45335.86633455616
105
89 94
91 86
88 78
90 70
90 62
91 54
89 46
91 38
88 30
89 22
88 14
89 6
70 94
69 86
71 78
69 70
71 62
71 54
70 46
68 38
69 30
68 22
69 14
69 6
59 94
61 86
61 78
60 70
60 62
58 54
61 46
61 38
60 30
59 18
62 10
58 2
48 94
50 86
51 78
49 70
48 62
50 50
49 42
49 34
48 26
48 18
50 10
49 2
40 94
42 86
42 78
41 70
41 58
41 50
39 42
39 34
39 26
38 18
40 10
39 2
31 94
31 86
29 78
30 70
30 62
28 54
28 46
28 38
28 30
28 22
31 14
28 6
10 94
10 86
9 78
11 70
10 62
10 54
11 46
9 38
11 30
10 22
10 14
10 6
0 94
0 86
0 78
0 70
0 62
0 54
0 46
0 38
0 30
0 22
0 10
0 2
91 2
69 1
59 26
50 58
38 66
29 2
10 1
0 18
88 96
