# Penalty: 47638.38519707764
109
39 43
87 9
94 52
3 90
73 26
39 96
68 85
63 16
9 23
3 6
57 80
86 82
13 66
12 12
64 71
10 90
41 33
91 39
58 60
25 64
8 50
85 63
68 34
13 36
67 99
47 15
39 74
86 96
43 7
29 72
70 8
63 37
93 31
23 31
25 15
71 3
79 33
42 68
71 68
46 36
32 96
23 55
12 96
91 84
27 80
51 65
57 73
85 27
57 34
28 83
8 45
59 23
15 28
5 74
66 61
24 47
9 83
73 46
17 45
45 90
4 14
0 31
0 7
54 45
0 21
80 3
84 92
80 75
21 93
81 48
74 92
34 65
35 19
12 71
19 79
93 93
20 22
96 66
94 32
15 17
35 5
13 78
3 28
32 37
88 45
0 59
52 85
29 7
70 34
87 70
12 87
8 62
50 21
65 55
96 74
56 56
60 63
27 34
53 70
27 76
19 34
7 2
37 55
10 51
28 61
18 61
77 98
78 39
88 14
