# Penalty: 51053.27425550404
113
22 71
71 67
21 2
45 88
73 78
21 83
57 91
61 35
17 11
69 81
1 34
2 28
35 72
85 42
11 28
40 25
53 80
79 52
24 96
84 89
61 45
4 50
3 64
95 74
15 22
29 14
62 6
30 23
85 71
12 78
46 12
46 56
55 72
70 14
2 89
33 95
10 4
64 0
77 4
90 63
42 7
60 23
72 58
77 31
82 13
60 88
35 6
75 67
20 14
0 95
17 61
83 21
81 29
33 38
19 43
48 97
79 79
21 90
34 54
15 48
66 8
42 28
68 49
16 98
95 80
88 26
19 24
87 40
10 40
57 98
66 91
24 66
56 16
41 39
51 50
18 30
83 0
8 60
37 70
46 42
95 35
30 2
53 62
95 10
27 85
3 36
50 0
92 86
77 61
60 81
36 46
47 13
27 7
44 65
89 18
22 15
76 89
92 43
2 10
31 20
87 47
73 23
60 69
40 76
72 9
24 36
24 29
75 95
13 5
82 78
25 72
0 0
65 33
