# Penalty: 64605.52247039992
129
10 0
90 80
48 59
28 27
94 8
90 68
85 25
35 38
10 90
51 37
39 55
24 52
18 67
72 65
5 30
69 41
78 28
61 22
22 14
37 23
47 77
14 64
66 50
21 59
96 73
31 58
50 55
42 95
99 92
54 20
81 76
79 18
14 80
63 73
75 95
13 48
34 87
59 34
67 14
2 76
55 67
87 70
48 14
94 30
36 3
32 95
64 2
78 37
66 30
16 73
43 50
53 78
36 64
8 14
30 0
87 85
47 90
57 54
91 78
74 61
60 24
20 15
89 5
47 82
50 60
47 72
28 29
34 48
74 14
60 16
95 10
97 10
94 88
8 34
91 64
71 5
75 19
52 93
58 95
49 70
43 10
44 19
21 82
97 33
70 12
86 44
26 74
15 27
16 1
65 66
13 31
46 40
16 47
95 93
29 16
5 76
73 84
97 0
89 48
80 5
55 91
90 20
92 26
12 73
25 37
98 82
25 94
29 7
80 1
8 57
97 97
99 36
83 50
56 61
58 59
89 51
33 70
47 25
90 32
24 62
0 50
59 44
18 9
84 14
38 69
53 1
0 29
52 28
73 89
