# Penalty: 68840.58102667205
130
66 16
94 72
52 39
71 4
45 90
28 20
29 25
23 5
93 94
51 11
27 9
27 62
25 75
37 63
21 93
18 91
45 96
77 8
93 80
40 24
88 23
62 55
70 98
83 17
77 62
85 10
74 77
12 89
24 24
11 18
39 4
9 42
20 13
68 45
83 65
68 20
49 50
54 80
63 66
47 24
7 56
56 51
60 98
14 56
85 90
18 68
96 18
98 83
94 38
54 17
28 74
47 66
73 87
95 25
7 64
1 36
14 46
90 80
39 23
31 12
56 94
68 73
71 13
0 67
20 81
4 19
20 87
0 10
68 95
82 18
93 9
2 97
99 0
46 20
10 34
40 82
86 48
68 35
68 54
29 3
53 47
55 22
2 86
97 99
29 31
83 30
54 65
99 35
46 3
28 43
27 88
96 7
60 21
19 34
96 63
13 64
85 72
94 20
64 29
35 71
52 30
20 54
60 3
11 3
4 91
67 77
79 96
68 70
35 13
57 75
61 31
3 71
35 54
64 6
5 23
6 96
1 51
38 42
50 74
56 86
90 2
68 84
90 29
13 79
79 81
77 52
19 18
76 71
32 79
23 41
