# Penalty: 73840.45951599533
132
40 55
24 38
31 47
62 96
3 82
29 0
72 58
59 59
27 94
38 8
34 25
52 97
42 93
55 49
19 6
26 27
67 80
56 8
86 89
92 30
22 18
75 97
4 9
26 6
80 19
57 71
25 46
18 98
66 10
16 38
6 69
35 52
87 56
68 7
65 37
40 41
28 21
72 1
67 97
42 16
63 32
13 8
51 29
93 12
2 34
70 51
22 55
60 67
76 39
17 80
54 2
36 39
97 91
41 50
41 54
79 97
58 10
58 13
26 38
38 0
88 69
61 87
81 49
82 12
26 86
50 20
21 31
8 36
69 72
95 29
47 39
87 50
9 79
9 47
49 46
31 12
99 39
26 33
69 22
70 62
81 68
72 10
84 7
54 56
52 53
97 45
94 43
78 80
68 62
33 96
56 82
48 2
85 80
22 12
81 34
95 80
30 57
66 30
63 2
85 62
2 96
3 91
5 76
38 18
9 10
68 88
60 79
78 64
36 61
55 38
11 56
1 46
27 63
3 56
15 72
98 19
94 84
61 70
9 22
8 26
42 67
18 2
43 80
13 16
83 43
14 66
88 77
14 32
39 81
13 92
22 69
74 22
