# Penalty: 63362.79590734665
129
2 15
25 19
97 77
71 43
34 90
81 85
80 12
13 31
62 11
75 62
73 79
30 85
96 95
35 45
32 25
15 76
5 37
82 65
6 99
26 46
35 39
29 62
80 44
55 64
3 91
7 8
17 51
49 71
91 14
24 5
85 9
79 31
59 72
62 65
62 57
13 46
88 81
35 71
58 95
23 89
57 32
54 56
8 28
95 7
70 47
63 89
48 79
68 54
64 49
64 44
70 94
68 2
5 77
3 71
25 83
60 80
63 24
76 21
39 51
9 99
28 71
90 34
60 8
1 6
98 20
68 95
48 39
69 81
99 62
68 29
28 0
16 17
78 48
99 1
46 13
82 73
10 91
79 34
15 87
62 68
53 29
51 27
32 53
37 14
78 83
11 68
38 78
18 50
98 55
1 84
97 66
33 97
8 43
5 44
65 11
14 2
92 37
78 80
10 53
23 38
28 93
88 95
55 0
45 84
40 1
62 36
30 14
69 91
10 17
98 40
29 47
87 61
72 35
86 52
31 6
2 62
89 22
90 5
25 29
36 4
31 76
3 47
51 97
56 47
45 96
55 89
1 26
56 36
29 28
