# Penalty: 65850.64873005963
126
17 22
70 18
29 55
88 41
94 23
52 67
63 20
59 74
33 78
51 95
45 42
5 53
78 58
19 68
19 29
97 14
40 79
55 51
54 26
52 64
39 42
47 79
82 99
25 94
85 36
88 53
14 89
78 7
57 70
87 74
21 88
65 45
17 98
55 6
27 12
95 82
8 60
35 93
41 92
26 31
44 36
17 52
20 85
25 54
6 42
73 53
76 76
59 23
98 73
93 2
93 72
55 34
64 66
76 42
9 19
3 91
79 33
42 53
41 52
70 87
34 28
14 78
0 33
95 55
86 22
81 38
24 13
64 17
12 91
2 28
90 73
50 90
57 5
49 17
8 58
35 46
43 9
84 89
45 61
35 55
41 70
12 72
45 33
14 24
8 32
58 93
84 82
9 0
57 13
42 16
40 88
23 83
39 97
70 34
92 85
96 30
99 40
10 96
70 50
35 40
69 93
69 25
82 20
31 40
66 43
20 5
79 14
36 6
6 99
91 9
30 59
28 24
34 98
93 43
53 13
55 40
92 95
46 67
0 11
0 19
0 79
84 63
79 68
15 11
46 57
26 74
