# Penalty: 53448.56871064488
112
49 52
42 88
69 44
50 37
31 18
1 22
12 75
51 91
51 66
55 85
31 42
60 43
14 32
91 75
38 22
47 20
18 44
95 73
65 32
7 98
43 48
66 91
34 67
23 23
55 77
0 28
52 45
68 69
58 93
39 56
29 91
64 83
78 65
11 58
66 13
76 73
30 6
44 15
69 34
18 33
70 50
0 59
8 40
94 6
33 13
74 87
31 33
79 17
60 7
80 5
88 62
22 52
17 63
76 33
84 10
8 82
58 56
95 86
11 4
14 84
10 93
55 36
37 42
84 18
93 51
43 74
58 86
94 29
0 95
61 99
39 27
74 46
5 27
45 90
33 1
31 39
86 48
26 87
39 11
85 34
82 80
80 64
7 53
39 69
35 75
96 21
4 18
58 77
41 35
23 78
87 86
83 43
7 64
95 97
66 6
0 47
68 60
30 23
25 47
87 67
79 35
70 40
79 74
7 34
47 16
22 20
91 16
9 14
35 61
51 97
21 26
49 81
