# Penalty: 52587.77958431829
113
0 5
43 40
50 76
7 11
24 25
34 49
15 47
93 65
77 58
41 89
49 83
56 24
3 80
64 66
85 4
26 75
97 2
83 14
17 67
33 86
26 18
86 57
51 62
12 32
66 79
78 81
70 78
21 9
16 16
95 48
19 39
50 12
33 13
78 94
35 34
37 53
96 39
49 46
27 3
59 47
93 61
86 42
60 86
79 63
5 96
57 9
71 83
71 38
18 79
81 86
69 55
72 30
42 32
72 92
82 37
62 17
96 79
54 95
36 81
33 40
43 60
53 33
86 16
18 27
6 79
9 22
10 12
33 25
60 9
57 79
60 46
44 40
30 68
84 50
0 0
71 99
90 91
10 97
81 81
67 19
14 6
25 51
76 9
0 49
82 30
3 26
83 92
96 15
35 43
0 45
63 1
4 3
45 68
71 53
94 9
55 37
49 4
60 96
46 57
3 87
44 27
9 71
27 26
20 99
53 69
24 57
3 19
63 40
96 23
57 58
2 58
23 32
88 38
