# Penalty: 47126.44613570705
111
67 85
7 40
90 56
44 3
2 85
97 56
96 78
51 45
96 25
10 84
64 58
37 38
51 10
39 47
74 20
90 29
66 4
22 73
84 91
46 61
0 27
43 50
59 44
26 61
82 48
70 95
2 17
69 58
24 27
58 65
24 83
54 87
51 97
52 67
77 74
13 89
66 30
4 5
46 41
82 64
0 93
50 83
19 93
26 43
95 42
6 99
2 61
43 31
50 22
98 8
84 11
17 62
91 62
9 73
44 70
34 69
76 43
95 71
81 76
55 37
38 9
81 26
34 22
29 62
52 0
25 76
64 50
24 54
4 24
9 39
12 51
66 90
34 84
1 47
28 48
72 32
65 37
65 11
54 91
16 41
75 60
89 35
56 56
18 22
88 24
61 96
96 88
82 41
21 99
74 22
29 9
0 9
85 87
81 54
71 67
92 12
81 33
45 99
77 5
82 2
44 91
26 68
30 1
34 74
8 31
38 56
69 4
28 21
0 55
95 19
11 69
