# Penalty: 46623.15839739093
111
4 65
51 52
27 52
29 95
34 43
87 97
53 15
56 24
2 49
89 33
78 71
45 28
44 91
29 13
44 40
49 0
64 76
75 84
92 46
0 91
16 35
27 24
95 24
67 54
25 83
87 16
51 85
9 31
61 32
16 24
0 60
79 24
18 59
36 31
43 84
95 58
61 44
60 69
15 5
7 46
20 90
59 89
95 6
87 58
34 79
97 40
73 27
4 13
31 68
92 80
47 55
11 39
13 72
6 3
51 25
96 92
81 81
97 34
55 94
42 3
32 4
41 15
71 9
7 59
81 51
75 41
62 94
19 66
56 47
44 34
87 71
57 38
52 0
75 89
56 81
34 11
72 94
25 58
20 11
10 99
82 10
60 62
10 78
32 76
22 32
21 75
19 47
90 99
76 59
54 64
0 96
30 17
69 38
25 3
95 61
3 93
69 55
50 39
8 48
5 66
58 2
72 46
62 83
0 29
73 25
69 67
94 70
58 16
30 62
70 0
19 93
