# Penalty: 34142.421640593464
88
95 35
94 2
27 18
37 26
95 28
66 26
26 94
27 6
56 93
27 59
36 2
84 37
96 45
93 73
55 73
26 83
92 54
9 53
83 26
56 27
54 0
94 22
84 71
83 1
26 2
50 26
16 36
25 73
25 51
0 73
71 14
82 16
50 94
61 28
39 85
57 35
11 87
25 36
15 60
84 47
47 84
58 84
92 9
83 57
90 64
25 12
4 82
71 83
14 85
0 57
35 17
24 46
44 58
26 81
60 92
72 36
59 15
0 9
9 94
2 27
24 65
43 51
12 74
36 91
55 96
79 7
47 38
16 95
2 92
14 26
92 93
57 3
71 95
7 42
87 25
14 49
0 33
16 4
59 82
33 82
16 43
24 99
89 17
93 38
82 99
60 72
71 58
25 89
