# Penalty: 60401.59149257526
127
88 6
96 14
93 29
53 73
31 95
93 37
13 51
63 83
71 26
56 34
42 55
82 29
0 87
34 72
69 4
59 10
36 79
42 83
49 16
56 98
62 39
41 15
78 8
42 65
59 59
16 94
78 22
69 66
4 81
77 46
7 73
18 46
97 56
9 90
61 4
86 15
87 82
66 99
84 62
61 54
34 7
28 67
1 37
3 12
59 73
24 16
96 41
27 58
30 29
26 63
75 98
96 71
56 29
81 54
46 93
52 52
4 20
91 91
2 41
47 18
89 5
10 60
64 38
73 85
39 15
19 8
17 4
75 11
84 24
50 76
51 0
5 71
18 71
8 49
86 50
31 0
99 50
41 33
22 87
30 80
46 59
17 43
38 37
5 58
67 82
43 11
81 93
78 92
81 44
60 90
24 46
8 39
45 2
81 72
10 24
69 75
27 75
55 23
70 15
96 17
41 51
37 52
49 82
72 40
78 74
32 14
60 27
98 83
35 8
57 50
60 20
59 18
25 35
16 80
93 73
91 25
70 59
75 0
8 95
95 49
13 18
45 42
30 19
1 50
60 70
11 0
34 98
