# Penalty: 60650.64491516595
123
34 41
93 90
13 90
47 92
8 71
51 36
68 34
87 20
44 36
68 47
72 23
41 97
0 50
54 86
61 65
45 61
67 75
73 91
70 56
57 76
30 65
24 5
88 51
13 44
86 69
29 42
17 56
81 85
15 32
38 36
61 18
24 79
74 26
3 67
9 53
35 85
50 50
27 81
57 99
85 43
52 95
36 77
40 58
79 43
88 58
89 28
85 81
80 57
15 98
79 48
3 85
30 12
1 22
18 91
29 33
57 56
36 7
57 80
47 59
94 85
91 51
95 14
91 37
87 10
5 71
88 3
87 4
71 0
66 56
43 89
44 86
77 81
89 95
51 83
70 6
94 95
30 74
15 60
68 16
2 12
92 71
3 98
80 33
67 78
34 59
39 31
41 14
71 60
28 54
43 73
79 9
46 6
78 76
10 13
72 97
98 88
2 30
28 17
16 20
13 83
11 79
7 22
2 3
2 95
19 24
52 66
24 57
37 18
45 50
28 85
8 2
36 72
82 99
3 80
37 50
20 3
21 72
32 34
99 76
49 18
34 62
20 97
48 22
