# Penalty: 59721.88630072003
121
60 55
83 74
43 25
45 35
91 33
19 41
96 68
7 6
39 35
44 94
68 66
5 22
35 93
76 35
41 69
4 93
42 50
35 22
95 5
33 77
61 75
32 86
69 73
81 54
96 92
72 88
29 6
5 44
92 61
58 9
35 46
24 91
35 27
87 5
51 91
95 48
54 70
66 37
79 28
76 13
7 98
38 56
80 3
88 83
69 49
66 86
82 48
76 85
39 13
10 84
23 83
98 9
32 34
40 97
71 7
30 54
57 84
81 91
84 12
93 34
9 48
7 50
73 96
69 95
2 57
61 72
96 56
91 40
30 20
3 72
42 59
77 74
25 35
47 67
17 22
16 20
58 51
51 7
22 49
61 91
66 53
51 32
49 28
87 73
13 74
93 70
69 25
38 3
11 29
22 94
59 99
40 17
58 32
31 29
37 83
81 17
27 71
30 67
33 94
13 92
89 7
21 43
13 99
58 43
88 91
2 38
89 96
54 23
30 14
30 42
85 17
61 4
3 67
51 51
58 83
94 22
39 87
21 62
49 12
72 61
81 41
