# Penalty: 48286.94559609512
110
45 58
86 17
92 18
4 7
35 65
3 59
2 47
40 16
22 18
15 41
44 92
27 27
12 73
17 96
69 44
30 59
50 53
84 95
91 36
52 64
20 31
38 35
52 97
22 12
36 94
46 87
45 47
71 72
38 58
33 80
79 10
9 0
51 2
92 83
60 38
66 22
67 91
33 14
0 65
82 56
67 37
93 76
20 24
41 25
35 9
72 78
91 46
55 88
51 81
53 20
41 78
17 68
74 88
77 97
71 57
73 48
20 75
90 59
62 71
3 86
87 12
33 74
12 88
49 15
25 31
82 83
73 66
10 64
62 2
13 36
96 36
2 76
57 74
27 19
75 26
73 36
19 42
6 49
44 18
92 53
27 76
15 47
37 97
90 29
26 88
33 32
59 86
12 24
45 33
20 85
81 67
17 5
84 61
0 96
92 6
75 18
28 53
93 92
94 13
47 71
0 27
93 41
26 43
7 93
82 0
53 67
9 17
52 35
46 8
0 15
