# Penalty: 60124.385543722296
123
48 47
18 96
81 38
51 17
42 90
30 12
41 35
81 96
51 98
39 10
49 87
7 5
78 87
74 66
33 16
82 27
77 20
68 0
89 69
95 75
13 22
92 64
71 25
48 70
84 3
34 58
56 42
36 2
3 4
91 17
68 33
61 18
93 25
69 93
86 43
50 41
2 9
48 34
33 88
88 60
6 99
97 54
37 64
7 72
60 65
81 69
22 80
28 79
57 4
29 44
78 51
14 68
76 60
39 28
63 97
26 73
33 30
23 34
74 11
86 98
98 19
60 34
69 1
2 62
54 94
12 13
66 10
59 85
36 53
52 21
79 73
80 6
49 18
92 90
45 39
22 93
48 50
94 6
58 14
8 45
13 58
65 31
51 34
66 54
81 19
0 78
72 81
29 21
21 6
31 2
90 82
95 52
41 72
5 94
71 71
3 19
52 84
98 5
16 53
74 39
51 10
87 56
90 0
82 88
43 1
24 42
30 40
95 12
63 71
69 75
46 62
9 76
81 81
90 28
81 64
71 52
17 69
48 0
97 64
81 13
27 33
16 85
96 95
