# Penalty: 56323.16966796371
119
78 91
75 66
63 88
46 30
34 63
29 30
98 80
39 68
61 94
61 17
66 42
1 93
27 95
85 37
31 40
84 89
95 9
53 48
9 77
94 1
62 23
51 11
21 13
89 7
39 54
63 49
92 69
63 65
43 83
26 85
53 62
78 5
59 73
31 4
6 97
40 46
7 23
34 59
14 39
30 22
41 11
23 65
13 46
84 56
45 98
42 19
17 30
46 90
97 88
58 31
12 12
1 48
35 74
92 16
23 5
74 47
17 86
22 36
29 8
5 70
4 67
98 9
66 13
74 39
46 26
48 30
52 49
52 16
29 32
76 83
68 36
30 65
26 75
30 13
18 52
48 71
60 64
92 59
96 97
23 93
50 58
35 82
75 73
24 24
42 66
51 2
21 17
21 93
59 80
90 36
36 87
50 79
14 24
52 64
64 42
83 81
9 84
14 62
86 47
4 42
17 67
14 93
70 55
79 21
0 90
93 22
99 74
88 61
31 92
78 96
77 24
38 29
99 64
94 48
76 51
5 12
65 82
77 62
53 93
