# Penalty: 62957.195804621835
122
71 69
43 0
12 87
35 53
70 82
69 72
39 49
79 52
46 11
95 84
87 34
89 93
2 25
38 66
35 90
72 23
79 81
90 25
11 45
13 4
13 30
66 89
45 78
67 65
65 37
10 84
5 96
79 93
96 63
72 53
77 43
50 88
84 10
71 79
90 86
19 66
59 90
37 98
52 52
11 21
36 6
83 51
22 42
72 87
83 41
63 25
52 17
88 81
17 80
29 66
82 56
2 4
67 8
76 83
21 20
68 19
4 46
36 85
24 77
82 79
74 4
19 72
1 42
52 42
60 39
96 24
13 49
12 90
30 53
9 92
89 59
60 66
45 62
60 9
34 73
29 82
9 36
30 34
90 28
12 57
41 30
67 0
39 0
52 76
27 14
8 64
62 75
92 4
0 22
26 33
23 29
80 71
30 40
22 39
64 49
40 10
42 20
47 53
82 59
56 60
78 29
1 61
56 29
71 11
51 23
49 65
77 62
85 66
61 3
50 32
54 82
1 71
8 73
99 96
84 97
43 69
31 4
45 38
97 17
71 34
92 48
25 57
