# Penalty: 53631.5249338669
110
34 64
69 20
30 92
45 73
54 8
94 71
49 81
19 28
89 39
85 47
95 62
38 74
58 46
77 34
68 73
81 20
56 83
83 66
38 27
7 63
17 66
86 30
79 59
85 77
57 70
89 89
59 12
17 53
70 40
44 54
7 96
74 78
38 93
94 7
40 65
20 83
93 33
81 89
69 85
86 23
45 96
61 37
11 45
69 54
78 96
66 49
84 14
83 99
58 91
24 98
4 21
38 35
4 87
95 53
63 65
28 88
45 88
24 50
96 41
12 32
64 34
32 82
63 5
24 69
87 80
42 26
0 52
22 40
96 16
74 23
44 48
39 9
48 78
52 38
8 11
26 79
13 50
56 78
41 1
30 74
30 21
69 48
48 71
46 33
96 72
15 2
62 77
73 85
11 61
56 20
94 93
31 35
40 42
62 42
27 2
17 55
29 56
60 51
80 56
73 60
21 17
59 72
14 14
20 88
83 8
95 81
10 26
52 89
11 71
5 76
