# Penalty: 53939.5923018461
98
76 24
38 60
26 79
54 27
22 68
71 60
74 15
73 78
62 34
70 26
21 31
55 70
28 35
78 61
23 5
67 55
83 80
37 48
31 57
64 65
77 30
66 46
88 49
31 27
20 58
64 39
36 20
4 72
19 78
29 67
45 62
75 70
7 29
40 88
65 26
62 16
33 50
34 73
19 39
81 23
79 75
45 15
27 7
52 65
23 74
40 57
60 63
83 35
57 49
97 52
11 18
15 21
58 56
19 25
39 23
87 18
52 75
0 66
33 82
25 23
0 0
24 93
59 23
9 77
79 44
4 53
18 52
43 93
33 63
74 18
23 43
28 39
76 55
38 16
32 9
81 60
44 38
39 33
53 34
48 58
67 72
4 98
58 78
10 68
18 63
60 71
22 87
64 62
10 36
86 71
45 75
64 82
69 41
70 88
33 32
46 5
60 4
26 75
