# Penalty: 50388.66791860311
112
43 21
6 9
45 76
67 54
16 71
92 47
10 72
78 78
73 6
71 72
93 8
60 87
96 31
65 44
85 44
74 61
32 60
0 60
18 57
52 70
8 23
22 29
81 29
64 61
82 13
52 81
65 12
25 5
50 8
27 11
69 19
37 69
73 84
23 45
77 24
97 41
55 46
38 33
20 89
36 80
59 53
91 87
63 4
33 16
48 50
29 22
0 19
13 88
55 99
58 22
13 2
23 78
44 58
15 13
39 11
17 66
30 66
45 95
67 97
78 94
49 92
4 64
8 55
12 28
34 53
84 23
10 74
56 74
90 57
6 15
18 96
2 85
6 97
37 43
36 82
54 36
75 14
24 98
32 90
84 48
30 36
69 40
62 79
80 86
84 71
10 61
78 51
11 43
45 19
0 24
66 3
94 67
0 3
30 24
85 77
43 10
23 61
93 25
89 20
18 16
80 18
0 90
0 32
24 37
61 30
94 75
13 7
55 84
71 66
50 64
0 96
16 22
