# Penalty: 50982.828926793954
110
53 16
89 80
30 63
41 62
45 50
20 26
53 30
67 33
47 5
38 24
79 40
96 12
58 92
8 29
73 38
43 70
70 53
77 90
48 89
0 53
0 40
36 91
11 2
14 91
58 70
94 69
6 72
1 94
67 43
53 8
64 5
25 87
84 59
15 77
32 58
19 3
23 92
47 22
42 32
79 9
71 5
47 49
54 62
88 6
57 57
81 92
0 65
43 82
94 39
60 35
1 19
38 10
15 41
89 34
22 44
21 40
45 41
87 97
31 74
90 77
72 26
43 75
14 14
43 59
56 96
10 28
84 84
0 6
57 87
71 43
35 50
76 69
57 9
77 85
41 1
30 30
79 23
91 15
15 96
50 38
58 30
22 10
0 81
77 0
92 92
56 17
16 8
32 4
8 86
57 45
29 93
41 46
7 80
0 74
34 61
37 78
75 62
19 29
80 33
54 23
3 23
44 12
8 10
9 39
80 53
71 16
31 99
63 21
72 97
0 56
