# Penalty: 48329.24187385106
109
87 48
66 57
64 15
29 4
40 84
6 14
44 23
63 84
85 91
6 37
42 32
5 65
71 44
43 49
33 67
75 2
82 5
8 69
10 87
91 71
1 56
35 34
71 20
89 74
50 60
43 6
19 85
91 60
96 58
80 33
94 35
78 55
22 38
19 48
31 49
15 94
41 70
33 97
85 17
96 51
13 37
28 89
50 47
8 2
72 33
87 39
35 41
70 82
58 60
70 76
76 71
12 48
69 9
77 38
37 77
68 94
26 29
92 90
24 18
28 81
66 25
51 14
61 74
47 26
37 26
54 93
14 59
8 65
24 75
19 80
13 6
21 48
44 84
96 81
79 85
77 12
12 15
83 22
14 66
0 47
21 59
96 1
73 88
34 87
76 45
83 1
89 96
88 31
73 20
36 63
35 3
71 50
63 36
94 41
15 90
22 9
0 68
47 8
52 21
1 2
12 77
84 10
0 86
35 11
71 65
40 40
56 6
75 79
54 67
