# Penalty: 50525.12796092153
84
2 19
48 58
4 79
20 61
80 96
6 68
19 69
22 41
25 32
38 43
38 87
80 87
88 92
3 53
8 24
9 12
10 62
12 18
12 47
15 33
14 55
24 76
23 91
26 61
29 81
27 97
30 39
38 62
42 93
45 96
44 51
51 97
55 71
56 83
64 75
66 86
76 80
88 99
0 12
0 3
1 32
0 42
4 90
9 74
14 96
18 22
18 86
21 34
24 50
28 71
28 88
32 79
37 78
41 56
44 63
45 87
53 59
58 98
0 65
1 8
1 59
4 51
4 85
5 39
11 26
12 90
15 39
16 48
20 66
22 42
23 27
29 91
38 72
47 71
47 80
51 93
54 88
56 60
61 66
64 80
65 74
70 98
71 89
81 93
