# Penalty: 50602.135652440855
112
16 77
48 80
82 75
40 12
13 90
32 59
57 34
65 32
37 74
55 4
34 43
72 13
15 52
69 22
83 61
25 27
45 21
70 55
56 96
58 42
49 41
95 36
9 9
87 49
25 73
91 65
4 1
22 50
22 94
6 74
13 68
40 97
51 23
50 88
3 82
72 48
42 8
56 54
2 62
41 58
80 97
70 31
35 59
1 20
27 45
59 95
48 11
63 39
14 62
69 88
0 35
6 44
64 65
19 83
44 62
7 56
87 81
42 69
86 18
45 51
15 11
69 71
0 53
43 31
89 33
89 69
21 38
78 21
17 30
21 59
0 69
94 39
77 40
8 33
94 30
33 88
31 64
9 76
40 0
18 99
39 49
57 19
58 13
74 79
50 0
18 20
68 63
68 2
0 10
29 93
87 40
81 70
50 68
94 17
15 73
81 48
60 77
31 3
30 83
36 22
34 99
5 26
96 0
83 98
94 95
47 75
15 42
82 10
23 89
55 74
29 29
66 18
