# Penalty: 55850.74338483129
114
58 45
3 18
63 21
38 4
43 43
87 72
64 79
79 75
18 71
5 14
56 82
40 30
96 30
80 56
45 61
39 91
33 30
54 36
33 68
28 4
60 67
12 61
29 46
10 75
86 30
33 58
55 56
50 14
32 42
84 63
46 4
51 31
73 97
46 89
42 49
84 93
26 77
67 62
25 64
49 22
23 18
46 33
20 86
74 64
13 51
90 44
0 4
16 4
70 84
65 37
98 49
19 50
67 51
46 78
14 93
48 53
21 97
59 90
94 38
1 57
1 66
68 31
9 27
0 79
20 36
83 49
21 10
91 16
89 92
58 97
60 70
15 80
44 70
9 70
83 19
34 87
7 8
23 68
67 13
12 43
59 2
90 99
43 24
28 78
20 74
66 25
35 56
86 37
55 34
0 90
92 83
15 25
26 37
75 21
29 72
70 6
73 87
51 2
48 97
78 40
49 61
88 10
96 20
28 50
19 47
6 47
24 55
36 38
31 33
50 46
73 11
35 21
56 16
8 21
