# Penalty: 911466.8264320013
175
45 3
40 3
36 3
29 3
24 3
22 3
14 3
3 96
3 86
3 81
3 73
3 71
3 65
3 59
3 54
3 43
3 42
3 33
3 32
3 20
3 17
3 11
3 7
3 0
3 25
44 94
42 94
43 92
42 90
46 85
42 84
44 82
44 75
42 74
46 70
46 67
42 64
46 59
42 58
45 56
45 47
45 48
42 51
42 44
45 42
45 37
44 32
42 29
42 27
46 27
44 22
42 20
46 15
45 9
42 9
37 90
37 85
41 82
37 79
37 73
39 72
37 65
39 56
37 55
39 42
37 42
40 34
37 34
37 30
37 21
39 17
37 15
35 95
32 94
32 89
32 84
33 71
32 70
34 62
32 61
32 53
35 52
36 43
32 45
32 39
32 36
32 29
34 23
32 27
32 21
32 13
35 8
27 94
27 85
31 77
30 78
27 79
30 67
27 70
27 59
30 52
27 54
27 44
27 40
27 26
27 13
28 10
24 90
22 84
24 77
22 69
25 64
22 66
23 52
22 48
24 37
24 32
22 35
23 19
26 10
20 94
17 94
18 92
17 83
17 78
20 79
20 74
17 64
20 59
17 59
17 55
18 53
19 47
17 49
17 45
20 40
17 41
19 29
20 27
19 22
20 17
17 16
19 9
17 8
12 95
12 91
15 91
16 77
12 76
14 69
12 69
12 55
12 39
15 37
13 32
17 25
14 19
12 19
12 5
12 0
9 87
9 79
9 62
9 66
10 52
7 48
9 46
11 32
10 34
10 25
10 17
8 10
2 89
5 91
0 52
