# Penalty: 65692.7863620937
127
2 51
20 32
57 44
21 18
9 55
79 32
19 56
68 80
23 85
52 46
2 31
22 7
82 95
91 15
87 40
88 30
75 34
88 87
39 97
11 83
53 39
26 31
9 41
39 71
89 92
35 25
51 16
7 69
11 95
13 89
83 77
71 7
55 28
92 33
62 72
43 80
67 88
2 74
95 7
65 47
13 14
24 38
45 65
56 14
3 56
65 94
67 32
45 36
71 14
53 91
14 38
29 18
24 1
76 43
0 6
70 68
71 66
51 70
6 66
5 81
87 18
4 4
7 51
85 73
70 99
46 76
0 48
72 3
69 3
25 75
37 69
94 97
20 7
10 56
61 27
39 52
37 16
20 83
19 51
97 32
79 53
37 90
80 31
97 3
72 85
57 95
94 65
27 6
34 51
10 75
20 66
57 21
94 42
76 29
55 57
33 61
25 23
28 54
93 70
31 37
14 23
15 20
28 39
93 9
35 84
67 43
95 18
43 8
46 87
19 89
23 14
29 90
34 78
23 49
82 85
55 79
11 1
65 70
45 16
61 33
70 27
98 10
82 19
19 94
88 52
77 99
98 77
