# Penalty: 51807.73546470656
116
65 32
43 90
86 56
55 26
47 68
91 73
87 5
7 76
52 10
29 76
83 71
0 50
93 7
2 82
39 58
94 68
73 20
61 13
87 33
37 82
40 15
35 64
47 94
25 16
28 53
88 41
61 52
37 48
34 13
21 44
79 17
58 71
47 58
0 18
7 64
20 25
31 8
19 82
38 95
98 45
14 1
49 24
29 25
10 84
84 91
23 61
23 54
11 38
15 30
34 19
91 52
0 87
15 51
83 84
65 56
24 72
78 11
18 95
51 76
6 13
40 73
59 86
35 37
51 96
60 26
98 15
93 75
46 1
94 63
32 97
34 51
24 90
1 63
52 53
4 36
1 35
0 78
86 66
27 69
29 81
22 25
81 6
99 28
19 11
73 61
36 24
51 43
14 88
52 36
89 97
78 49
2 56
26 10
58 67
62 42
71 30
13 95
97 52
97 5
66 19
77 67
6 30
59 0
41 19
75 41
22 4
69 80
23 36
81 29
14 74
75 96
59 96
70 11
88 13
96 83
61 4
