# Penalty: 70464.15936524159
133
46 21
54 84
4 95
35 52
96 93
6 12
23 10
21 98
37 58
44 29
32 79
97 47
47 82
24 45
97 61
71 89
62 86
90 31
71 8
13 31
78 2
59 33
68 45
93 81
51 74
81 53
10 36
68 32
39 66
83 13
66 4
85 72
88 80
78 67
56 8
62 62
73 51
5 41
94 68
60 19
92 76
63 76
10 59
48 33
27 16
15 21
17 25
58 49
21 1
29 4
83 36
84 82
39 44
59 39
92 6
77 64
33 47
76 74
16 62
29 90
77 38
8 43
6 92
48 23
29 55
94 92
26 41
14 41
15 39
9 2
25 91
7 83
2 84
58 65
40 52
51 57
25 2
1 27
8 35
30 29
73 2
19 17
90 46
71 69
19 47
43 65
14 11
52 9
84 61
42 18
39 14
39 23
33 71
41 35
10 79
2 58
0 55
68 22
97 24
53 91
78 91
84 25
31 20
74 60
79 16
45 96
43 71
11 14
24 60
62 10
90 65
73 40
68 99
8 24
58 73
70 14
6 69
93 54
90 54
75 7
54 28
23 74
79 50
17 65
14 85
33 90
85 93
41 0
72 95
40 95
1 71
99 38
51 62
