# Penalty: 61826.14723962236
121
12 64
50 16
48 94
87 16
26 84
80 46
52 48
21 68
85 39
78 57
54 44
9 84
48 83
43 73
12 39
18 31
94 33
37 86
94 49
52 75
46 44
12 94
50 0
66 28
84 54
64 95
85 23
46 12
63 64
94 4
57 15
66 71
24 36
71 75
16 84
92 88
58 29
76 22
4 37
96 91
79 64
25 28
61 92
9 73
2 33
77 36
69 11
33 15
24 57
22 45
82 98
68 54
82 69
51 91
8 43
32 27
43 43
92 94
44 98
76 87
21 88
49 66
65 25
85 29
84 3
10 0
90 78
58 12
60 1
25 33
46 18
69 46
41 19
79 92
87 43
96 65
99 0
78 6
66 92
62 23
51 23
98 15
98 13
21 24
77 12
12 31
1 9
3 89
95 43
95 37
62 36
55 97
41 27
6 50
11 18
18 76
45 78
12 23
98 74
72 25
2 22
95 56
63 81
16 91
34 95
28 56
58 56
17 0
21 8
28 63
0 54
78 46
16 51
44 33
53 35
17 14
46 57
62 16
75 0
72 18
46 52
