# Penalty: 60653.0427772719
121
12 23
33 55
3 77
49 28
18 92
90 14
88 27
45 1
37 35
75 59
91 52
16 28
47 43
5 93
7 27
5 45
44 51
48 59
61 10
50 64
38 21
14 59
73 68
32 12
57 85
65 16
26 16
72 89
22 6
94 7
94 59
83 2
1 7
3 31
26 23
95 12
30 76
90 43
58 26
82 15
23 52
56 77
60 18
13 35
88 2
7 80
37 11
32 8
38 83
7 67
68 75
11 13
44 87
91 36
22 81
87 66
27 88
81 52
30 44
58 65
33 39
93 98
79 32
71 49
73 49
46 85
86 27
62 7
41 67
43 43
62 97
43 24
10 0
43 12
57 50
57 46
2 2
69 11
23 64
19 66
72 96
71 94
5 59
95 80
34 70
82 41
21 49
94 92
96 21
5 10
42 59
67 26
16 10
35 23
25 2
1 18
35 1
38 47
4 98
86 80
61 69
17 35
8 39
22 79
53 2
32 3
35 62
29 64
52 12
9 3
68 2
86 85
65 21
17 20
49 19
66 61
47 33
22 32
95 48
21 60
12 43
