# Penalty: 45294.91152926346
108
51 35
47 94
88 16
54 72
15 43
64 37
7 92
94 46
30 22
9 39
69 42
84 0
15 83
80 96
35 38
50 11
32 52
85 74
59 80
0 81
80 90
43 41
29 90
96 26
24 38
54 62
14 11
44 50
76 43
0 15
4 0
79 81
2 43
33 28
17 93
22 52
21 75
60 47
87 33
42 17
51 95
3 95
13 72
22 82
72 9
66 71
85 56
52 88
96 53
73 97
75 68
61 10
70 81
72 22
39 75
32 98
28 68
83 39
12 58
96 44
46 36
37 65
77 17
17 23
35 52
56 30
27 15
93 32
0 29
91 22
50 24
95 15
54 37
0 67
58 52
55 62
35 44
59 0
92 0
25 79
84 8
47 77
91 40
24 39
7 18
77 72
41 9
13 29
87 51
46 70
95 8
65 22
33 19
52 51
95 89
74 39
77 34
5 24
38 3
45 54
86 58
86 69
8 68
6 62
57 99
18 89
74 11
91 73
