# Penalty: 49263.00907217703
109
56 59
54 75
25 14
77 35
94 13
69 36
31 67
67 25
28 5
36 90
55 23
61 13
38 60
47 44
97 68
1 71
21 60
57 35
36 52
1 24
36 15
95 87
28 13
72 21
96 29
75 2
91 4
30 71
63 82
0 77
45 63
83 66
64 31
89 16
67 96
40 45
7 52
96 17
20 24
66 5
19 4
3 65
34 35
78 18
79 75
43 23
71 89
30 46
39 32
49 97
54 49
5 71
42 82
36 97
16 32
69 1
7 88
62 57
40 75
61 23
45 6
2 83
0 15
0 90
19 80
30 75
32 39
25 53
85 3
5 1
76 96
27 59
78 27
69 31
18 19
53 88
96 39
27 80
0 34
77 54
91 24
51 13
52 40
21 69
75 43
37 68
81 41
86 55
8 17
47 69
36 16
23 89
0 6
81 93
71 93
68 55
55 96
24 44
85 81
56 70
48 84
64 15
86 27
17 88
94 63
40 52
88 92
70 10
76 80
