# Penalty: 46865.231685030674
107
17 96
50 53
1 59
76 86
31 8
60 61
89 76
96 12
1 42
59 25
87 85
23 43
16 4
13 34
33 68
35 21
60 19
87 32
25 9
35 13
32 46
22 65
91 20
88 51
91 28
43 28
40 10
53 41
30 37
77 0
1 73
51 81
79 26
63 29
14 74
79 91
74 49
18 20
13 95
20 50
43 75
4 35
19 92
35 76
51 73
43 93
95 64
77 80
66 3
58 50
84 44
8 55
58 89
69 96
28 71
49 34
24 2
72 69
88 99
61 15
67 48
76 17
87 8
4 63
19 83
38 56
14 38
27 58
50 9
86 16
33 4
82 36
88 92
37 64
34 88
67 85
31 43
95 56
27 19
93 38
0 79
95 68
43 83
83 58
4 40
60 65
21 16
25 86
62 55
0 21
63 80
25 66
75 99
8 84
15 25
26 49
69 32
34 26
8 10
58 1
14 67
84 71
62 72
78 79
46 94
15 46
24 33
