# Penalty: 50010.64402064566
117
91 60
89 79
62 69
12 39
62 32
54 65
8 43
26 27
69 25
72 41
47 55
10 9
51 73
75 19
39 50
51 23
82 65
9 91
31 39
35 2
55 9
5 12
10 28
1 85
16 93
86 11
16 24
40 40
61 46
7 48
86 93
94 36
96 69
29 45
0 0
2 80
2 57
9 72
68 94
73 99
49 36
50 95
95 49
79 97
68 17
44 26
25 5
79 5
30 22
18 10
2 25
25 92
29 55
79 55
62 79
47 18
65 5
35 91
0 67
82 70
43 99
11 44
27 87
72 68
1 94
45 63
42 79
24 35
8 23
76 78
0 15
18 55
46 2
52 70
96 26
65 70
86 22
78 45
94 80
96 64
71 16
68 33
30 15
17 49
0 30
50 83
59 87
77 14
5 2
47 10
96 40
28 81
12 84
12 69
13 61
51 30
13 16
36 71
93 33
31 29
87 93
39 85
7 80
22 19
58 8
52 97
32 66
95 3
38 0
63 53
59 24
63 42
16 95
86 51
35 22
22 60
20 12
