# Penalty: 51485.60348581235
113
77 52
73 26
44 46
57 54
72 78
53 83
52 25
39 41
52 0
79 23
17 55
44 75
33 80
22 35
5 63
76 37
10 87
88 85
36 22
24 26
53 35
41 35
35 33
56 48
94 93
30 6
86 60
63 16
20 15
1 15
87 10
37 51
22 66
5 69
46 68
33 90
24 93
18 80
64 37
10 34
39 9
66 61
39 94
96 74
1 7
74 78
70 91
13 27
1 84
22 41
29 26
61 98
82 54
48 96
78 47
88 47
28 46
94 0
62 82
80 91
76 5
4 50
19 7
59 26
0 97
44 51
29 12
11 2
37 64
20 79
29 98
40 26
66 21
0 19
34 79
19 59
52 30
50 78
66 43
94 49
86 80
45 19
78 38
54 71
43 78
66 66
63 2
85 97
10 18
25 36
47 61
19 71
48 42
79 98
73 66
52 13
0 0
63 52
77 61
46 7
3 26
58 45
61 85
20 53
86 56
9 79
72 98
11 59
91 40
25 20
0 61
10 8
60 20
