# Penalty: 70035.21307082774
127
23 7
42 62
55 49
69 65
39 80
3 7
37 42
53 97
48 79
26 80
26 44
81 58
75 78
31 13
90 48
76 11
45 37
89 85
63 49
65 22
86 41
48 12
36 15
3 26
81 65
49 45
24 70
78 95
90 57
84 74
94 66
85 20
14 34
60 5
90 16
97 41
6 61
99 12
37 22
71 50
49 0
10 9
10 86
43 8
49 17
93 26
97 62
47 23
36 57
22 24
31 21
23 60
15 50
29 6
40 52
76 90
36 12
11 70
39 0
32 94
50 35
93 87
81 51
60 51
76 49
38 86
36 43
6 50
56 23
73 91
91 8
65 87
24 76
61 41
24 5
97 25
67 57
55 60
82 97
94 55
60 66
82 20
70 34
99 1
98 78
96 77
73 56
38 75
5 91
4 88
63 34
54 71
17 10
30 15
77 32
75 29
21 57
59 10
70 19
41 64
77 73
8 82
53 85
50 87
71 78
91 28
5 58
72 70
69 21
53 7
71 4
43 97
87 65
80 42
2 42
2 19
65 73
65 79
14 80
34 67
61 76
16 96
85 89
34 86
97 46
24 46
50 60
