# Penalty: 58286.685959913884
123
86 14
32 59
85 92
70 18
50 90
87 82
23 7
65 42
81 22
16 44
50 36
3 5
63 91
53 66
34 84
18 9
69 49
9 9
97 97
79 32
12 92
66 34
88 70
96 53
43 54
30 48
70 76
51 80
2 89
71 13
37 64
90 87
14 50
51 70
3 33
42 38
8 70
14 80
74 91
78 78
39 58
3 51
97 63
35 13
85 52
24 70
5 96
19 39
65 67
96 69
76 31
96 47
77 16
29 37
56 20
61 6
38 29
36 24
12 30
88 99
88 96
86 16
63 37
87 11
31 54
87 81
23 2
35 90
48 15
8 21
16 97
91 0
22 48
21 17
29 83
6 26
29 0
1 2
97 87
38 73
90 62
61 67
98 22
52 55
40 0
9 3
86 54
8 59
28 26
32 61
16 71
57 92
72 44
76 51
45 26
76 71
55 75
34 41
74 27
41 65
99 11
42 6
92 40
82 68
95 14
58 37
73 98
41 15
16 59
7 83
51 1
52 22
17 27
72 58
24 62
57 32
9 44
87 22
28 72
1 62
47 43
46 99
80 44
