# Penalty: 63861.750894074714
122
25 69
40 48
71 85
46 81
30 29
62 12
0 77
70 47
95 91
77 49
17 32
84 67
36 45
6 18
36 86
44 46
54 28
2 53
69 72
90 13
94 14
56 93
75 57
62 2
25 44
7 3
72 38
42 92
81 48
31 20
63 19
92 70
26 55
8 27
97 3
69 17
15 58
62 57
18 54
57 85
49 91
6 76
4 45
97 60
84 0
64 71
75 67
78 94
70 9
33 49
65 27
30 88
14 13
18 21
28 39
98 19
33 34
37 60
17 49
3 15
6 15
40 37
27 73
90 33
55 61
51 77
76 5
73 57
45 61
43 89
80 59
54 74
58 45
16 34
27 56
97 28
64 80
95 66
3 99
17 61
19 69
77 28
48 36
27 67
13 95
34 13
59 87
63 9
8 62
6 28
31 2
2 8
61 50
74 88
97 83
25 6
63 92
23 31
66 39
91 39
30 79
50 43
78 40
92 82
88 82
73 1
21 97
62 30
86 68
80 12
90 22
37 3
44 28
73 73
88 93
42 52
67 35
21 75
99 52
46 98
56 52
76 21
