# Penalty: 54032.964460161704
116
80 15
36 28
44 36
56 51
44 58
2 5
37 18
71 92
67 35
62 4
95 59
57 34
88 39
83 25
26 16
31 38
97 5
8 80
32 84
44 28
36 12
42 76
70 19
83 58
6 0
30 5
30 98
39 51
49 42
63 29
52 97
61 2
69 48
86 30
44 82
68 72
46 50
97 19
4 61
3 27
5 55
24 36
61 83
97 84
51 19
3 91
65 53
37 68
90 78
75 68
78 33
66 61
67 3
57 89
65 25
88 2
75 82
51 29
50 3
35 64
43 63
68 34
84 61
55 13
33 6
63 48
23 75
67 85
54 79
3 80
2 77
15 71
94 76
43 93
83 72
83 70
46 8
71 33
37 98
30 2
15 4
6 47
85 11
10 41
14 19
33 22
80 82
16 54
51 37
20 14
47 11
17 64
77 71
18 90
98 54
90 45
89 85
61 59
15 13
47 92
13 26
48 4
98 89
64 91
12 93
38 79
79 61
9 88
49 78
65 76
59 67
52 7
79 46
90 28
68 10
76 36
