# Penalty: 67980.64057428995
124
41 48
6 31
80 23
73 27
14 17
81 59
81 68
62 40
50 52
10 40
50 75
45 96
42 23
63 21
35 57
81 7
26 53
19 62
13 57
51 92
26 98
12 91
13 70
6 22
54 42
57 89
65 32
36 62
30 79
14 84
79 0
14 96
96 42
33 18
70 88
11 16
48 14
38 30
68 69
21 54
21 29
37 5
60 72
4 58
59 44
92 37
26 72
95 13
36 81
47 60
85 25
43 70
23 15
32 92
56 27
24 45
34 41
42 13
40 12
49 97
2 24
57 39
89 0
45 52
19 0
32 0
39 61
11 79
74 98
81 57
85 59
23 10
77 69
93 56
0 51
82 13
9 26
5 47
95 62
39 55
6 38
95 25
6 13
43 90
33 68
65 18
20 24
34 44
11 94
49 30
50 35
4 84
96 3
47 77
58 45
6 59
0 7
98 70
80 40
15 48
67 52
83 54
92 95
51 40
72 0
73 84
32 71
13 50
28 9
86 88
34 52
60 56
66 83
79 94
90 47
59 10
22 97
27 59
65 63
45 21
63 98
58 79
25 67
82 81
