# Penalty: 67573.98627306336
128
99 71
76 58
8 34
20 86
53 95
66 23
54 42
47 8
10 97
80 86
30 77
66 54
56 85
4 68
54 73
68 69
38 22
32 17
12 80
43 28
71 7
54 51
46 46
42 61
60 4
42 36
62 80
42 77
63 59
3 72
6 84
10 29
67 3
82 18
76 86
47 39
98 44
38 65
35 33
34 87
24 59
64 86
32 71
73 98
94 13
20 47
83 60
79 45
91 88
10 5
14 57
26 24
63 50
28 5
45 71
55 17
72 66
99 84
3 51
71 12
41 89
24 11
46 54
89 50
3 67
38 95
64 96
64 44
83 81
32 95
33 15
91 23
42 26
14 68
14 0
97 32
0 84
38 7
37 4
1 31
32 36
55 25
52 27
49 78
41 49
9 15
53 60
83 42
93 44
33 76
98 20
29 34
85 13
80 37
75 37
16 11
1 9
77 3
90 77
44 45
81 64
42 16
70 40
38 82
98 39
92 0
54 34
94 91
14 47
84 3
98 98
89 57
49 73
7 68
63 20
72 79
35 60
22 42
4 36
48 98
84 50
35 41
32 19
65 34
53 83
88 65
0 98
27 64
