# Penalty: 60106.544259256574
118
73 17
86 29
79 14
77 79
68 93
67 16
58 97
49 17
45 15
39 42
35 0
34 17
10 28
19 25
6 8
3 46
3 2
97 15
97 66
96 77
94 2
92 13
92 69
88 44
87 12
85 83
81 58
81 69
78 89
80 61
75 56
70 54
69 77
63 88
61 5
59 17
53 99
54 78
51 85
45 47
46 31
40 27
36 65
38 35
32 55
32 42
31 68
29 8
26 17
27 27
21 57
17 20
14 12
24 3
13 5
13 90
23 38
10 85
4 29
92 5
94 51
93 37
93 20
89 51
88 72
90 59
87 2
81 36
83 4
75 64
75 19
72 15
72 47
67 90
64 69
62 98
64 31
63 46
61 37
61 76
57 17
58 53
58 46
57 31
56 24
54 54
51 55
52 12
50 38
50 97
49 7
48 96
42 7
44 7
44 69
44 60
40 80
36 98
29 54
29 48
27 84
24 8
26 99
15 73
16 11
8 91
26 76
9 4
17 90
19 1
21 29
20 86
12 27
11 13
12 49
6 39
6 17
1 34
