# Penalty: 60238.842778127364
122
81 65
83 97
35 37
81 32
93 28
88 38
4 53
10 38
49 52
96 61
4 32
72 75
84 73
29 68
35 10
67 89
73 10
21 92
41 26
77 91
12 77
52 74
71 1
26 0
87 11
62 35
58 67
69 85
53 39
80 88
47 19
44 36
23 73
55 82
22 58
42 61
89 77
94 47
7 98
54 91
53 98
40 10
48 15
9 76
89 91
14 64
14 21
9 69
90 18
29 48
39 47
19 17
70 49
54 6
66 63
51 33
87 65
87 54
48 67
96 26
15 5
15 56
45 1
1 40
10 30
23 64
95 57
77 28
81 36
29 86
26 86
48 57
18 93
67 83
70 33
42 67
31 99
43 27
74 57
45 63
78 41
54 24
87 72
40 0
32 66
11 89
92 77
53 18
87 81
68 72
68 4
15 78
23 34
2 19
26 31
94 90
55 72
23 85
1 80
98 32
37 30
66 26
75 28
63 54
41 73
4 90
29 46
18 20
71 15
93 17
56 49
26 54
88 1
78 11
98 7
43 44
23 11
73 94
81 47
11 45
56 40
17 39
