# Penalty: 58234.72692093928
121
68 13
40 27
32 20
78 61
12 13
77 96
15 89
74 14
46 35
17 11
56 38
62 30
96 72
4 43
39 48
43 76
50 88
95 58
52 29
90 20
94 1
84 97
79 36
50 7
23 14
81 16
71 23
1 22
63 94
31 97
40 4
35 88
1 15
70 85
42 10
94 44
91 41
91 88
48 58
88 50
1 36
83 5
94 29
12 92
53 62
14 28
21 23
39 41
95 53
13 69
48 48
27 53
53 50
13 54
33 59
57 14
73 29
48 0
10 5
13 48
27 10
75 67
40 22
86 12
30 23
93 76
26 47
2 8
51 81
84 53
70 41
57 30
21 65
40 58
55 4
80 89
81 24
56 10
78 51
33 94
45 10
6 49
90 32
19 94
71 92
98 18
74 83
71 80
74 2
21 97
63 37
81 72
17 74
42 79
47 96
57 98
62 1
93 10
5 31
85 31
3 65
11 22
98 80
33 77
41 92
34 5
43 41
32 67
46 13
28 31
24 2
42 68
65 59
48 71
56 43
96 83
10 80
64 68
26 81
55 70
5 82
