# Penalty: 59863.562363656725
118
71 10
96 39
24 31
50 25
9 7
6 65
32 51
97 83
44 28
88 53
36 69
47 90
41 67
25 12
80 38
86 9
13 52
30 4
21 67
13 21
72 71
52 71
41 40
66 36
39 21
31 80
72 98
53 82
83 36
94 55
44 86
51 48
39 52
40 2
86 62
17 86
75 40
46 61
21 75
85 88
91 11
56 76
78 91
57 7
90 32
82 16
17 46
30 56
40 89
17 4
62 95
52 37
62 73
79 79
94 62
24 6
96 19
70 27
78 48
11 73
13 60
3 6
13 83
53 24
21 41
29 17
96 5
63 8
82 24
6 63
33 49
34 13
83 41
77 0
44 2
1 22
10 47
8 50
89 27
58 36
41 8
50 1
58 56
85 96
96 32
97 31
52 17
44 14
18 35
74 66
72 20
84 8
67 90
60 86
90 0
71 13
23 16
13 95
2 42
57 32
14 39
93 49
26 27
27 87
25 85
20 24
5 72
61 42
63 33
65 41
70 35
58 64
32 96
9 35
44 96
22 48
68 46
36 77
