# Penalty: 57898.301171128405
121
4 68
43 91
34 9
70 5
48 65
77 68
7 27
53 74
58 12
3 6
18 43
82 26
97 66
17 13
65 60
43 75
0 50
6 20
19 70
23 49
39 66
53 84
57 21
27 89
14 22
73 77
39 87
23 25
64 31
42 3
14 32
72 27
91 14
2 44
94 59
93 78
85 81
55 44
7 55
36 89
68 69
4 94
31 31
99 16
6 14
83 90
50 39
33 43
12 14
62 92
80 42
92 22
26 85
16 80
30 57
30 7
59 1
39 29
31 63
62 52
45 55
74 77
68 79
24 65
42 38
42 37
49 8
17 50
68 20
16 59
97 39
2 64
17 36
85 38
9 54
71 72
53 64
34 40
31 0
42 51
27 46
97 80
28 30
77 99
54 58
45 84
83 51
91 29
57 75
3 89
87 68
33 28
91 93
76 1
62 96
41 14
75 91
23 14
76 55
85 60
73 61
86 22
19 94
19 92
0 24
62 37
6 59
19 35
69 48
54 95
10 73
14 80
41 18
7 86
31 55
93 42
66 44
96 49
51 47
42 82
67 36
