# Penalty: 57927.039546028536
120
49 12
19 3
76 8
71 95
2 54
35 59
15 54
66 79
43 92
33 39
55 37
25 91
9 68
91 40
37 29
6 21
17 95
57 46
81 66
23 38
3 87
33 85
18 7
85 58
24 99
57 66
61 15
98 63
73 50
44 63
86 91
96 74
28 67
14 73
91 28
75 21
42 37
84 47
64 70
26 81
97 4
50 0
81 0
74 13
91 33
1 42
62 41
64 86
81 23
8 53
36 55
10 87
92 51
73 29
68 30
33 64
26 21
68 80
14 48
50 28
50 62
4 11
27 94
78 14
58 14
72 46
24 76
41 24
13 26
21 42
91 87
83 7
29 13
41 8
44 54
49 39
98 51
96 50
82 89
7 8
26 51
89 77
90 29
83 83
4 19
22 59
19 88
76 79
65 71
1 27
46 44
57 74
33 7
26 3
59 6
86 69
51 15
46 30
13 97
13 32
67 55
21 69
52 98
58 87
20 81
75 29
75 35
47 7
27 28
50 51
78 71
62 59
43 76
71 5
60 96
74 83
23 56
94 96
41 85
36 19
