# Penalty: 57594.629049346164
123
6 43
47 82
13 18
62 7
8 86
27 24
44 77
23 1
5 74
59 83
17 8
81 14
60 18
31 82
47 8
80 2
48 24
53 10
85 23
15 56
3 4
59 10
2 32
98 44
52 87
65 27
27 47
39 32
97 70
2 89
15 93
37 4
59 25
45 50
9 16
30 63
70 28
26 86
26 71
75 99
69 96
42 85
63 97
83 48
8 21
6 51
74 34
34 15
52 48
95 57
5 96
55 21
93 23
70 53
40 11
63 68
82 61
31 52
7 7
0 43
4 54
44 24
86 2
84 6
90 29
67 61
55 87
82 82
18 69
25 4
87 56
93 83
79 35
43 49
81 71
18 46
29 23
63 57
0 63
97 1
22 37
15 17
29 95
40 56
47 19
87 70
83 98
81 95
31 15
29 14
57 40
12 62
78 19
67 38
55 81
52 73
89 88
99 99
80 89
89 40
36 73
28 80
9 82
30 45
61 76
75 81
44 32
74 74
21 69
77 8
13 9
32 90
75 55
69 1
90 35
52 67
95 7
18 76
60 45
88 46
56 60
11 3
49 39
