# Penalty: 63750.4014995951
125
2 52
87 86
87 70
50 86
50 48
86 49
54 4
33 46
41 94
79 79
73 74
11 38
10 81
16 46
35 28
7 8
13 7
43 71
27 33
90 42
63 2
38 47
39 5
78 36
83 88
72 96
38 54
72 13
61 37
71 64
78 52
3 26
32 85
33 41
75 4
40 11
40 63
47 19
95 49
59 75
53 40
48 28
50 71
88 11
5 42
48 93
69 90
24 64
87 18
57 98
79 16
5 73
75 30
58 27
8 66
74 42
60 50
98 23
26 28
24 12
10 92
64 4
86 99
90 95
4 80
0 93
31 19
26 2
18 42
59 60
15 1
4 4
65 87
46 57
45 56
90 55
54 51
44 12
53 12
35 59
33 0
2 88
96 95
39 18
22 77
28 9
17 24
13 37
79 11
52 45
84 0
85 77
85 59
47 79
49 36
64 99
18 48
52 83
43 92
7 51
95 78
25 96
2 59
34 21
1 39
67 54
7 59
97 92
96 88
17 75
79 99
31 89
95 68
79 65
21 82
37 79
15 7
2 30
43 87
45 37
71 45
19 92
36 13
83 40
26 81
