# Penalty: 30721.829575001888
81
59 90
9 90
59 41
11 39
60 59
9 60
59 10
9 9
83 17
33 83
33 33
54 96
4 97
54 46
3 46
54 53
3 53
53 3
4 4
33 17
83 83
33 67
83 33
82 67
71 78
22 78
71 29
19 30
70 70
19 69
69 20
20 20
93 57
41 58
93 7
42 9
93 93
43 93
92 41
43 44
21 25
63 85
13 87
64 37
63 64
13 63
63 13
14 13
47 53
45 4
97 46
87 63
89 88
38 38
89 12
39 88
9 42
80 79
30 80
80 30
69 30
72 73
71 21
95 5
23 74
13 36
80 70
79 20
29 20
29 29
69 82
18 81
96 52
96 97
46 97
47 48
36 65
37 12
85 38
89 61
30 70
