# Penalty: 48422.34921841607
114
39 51
25 48
39 84
53 34
88 42
84 93
1 33
24 93
80 51
66 61
3 74
45 69
47 80
49 71
10 13
78 16
17 47
31 60
19 31
12 78
83 10
19 23
25 3
32 76
21 64
84 20
64 9
49 91
33 98
35 10
62 19
31 7
58 6
72 38
3 55
96 53
58 48
96 67
5 3
14 55
11 29
79 46
91 73
69 95
32 69
7 41
95 93
95 8
65 46
65 55
23 41
44 60
84 31
82 83
41 92
35 77
84 22
27 48
18 99
2 77
8 82
75 94
96 25
42 48
51 31
83 99
44 57
46 2
62 91
70 14
91 87
91 89
73 1
71 59
56 45
48 87
27 58
86 6
12 22
22 30
92 18
70 35
40 1
98 32
81 4
95 61
85 11
31 42
66 77
53 69
17 92
76 64
27 89
75 82
17 10
5 61
98 87
39 22
42 25
44 23
14 62
80 65
70 68
34 29
78 87
22 4
0 13
3 8
11 95
64 98
61 79
99 47
75 27
42 71
