# Penalty: 50055.52620791469
86
6 62
90 47
78 47
66 47
54 46
42 46
30 46
16 49
6 47
90 35
78 34
66 37
54 34
42 34
30 36
18 34
6 36
90 26
78 26
66 24
54 23
42 24
30 23
18 25
6 24
90 13
78 14
66 14
54 11
42 14
30 11
18 12
6 10
90 2
78 0
66 0
54 0
42 0
30 0
18 0
6 0
2 62
86 48
74 48
62 48
50 49
38 48
25 48
2 49
85 36
74 38
62 36
50 34
38 37
25 34
13 34
1 35
85 22
74 24
62 23
50 23
38 26
26 23
14 25
2 23
86 12
74 11
61 10
50 10
38 11
26 11
14 11
2 14
85 0
74 0
62 1
50 0
37 0
25 0
13 0
1 0
21 48
13 49
7 62
1 60
94 48
