# Penalty: 66169.8411472457
133
9 97
43 87
3 86
44 73
37 22
42 19
8 17
93 60
63 4
88 16
82 29
63 42
15 13
88 88
96 4
63 72
20 74
98 48
77 30
81 94
55 36
49 49
56 78
59 91
24 92
63 24
23 76
27 87
16 50
22 4
68 17
40 49
51 31
6 48
80 10
2 48
92 83
31 25
85 54
69 23
40 67
86 65
7 36
35 35
24 37
16 64
14 31
13 27
31 55
88 4
3 96
27 47
2 21
76 73
96 67
95 66
82 42
62 39
47 71
86 88
62 74
76 33
97 77
40 20
0 88
48 99
10 7
69 80
64 47
19 0
39 86
66 86
55 69
52 50
91 31
71 99
79 46
62 17
72 13
33 0
26 17
23 47
8 48
38 27
60 9
89 39
81 5
2 62
30 79
21 43
71 19
89 32
40 69
68 37
66 2
79 17
61 64
12 79
82 75
36 42
23 59
13 60
92 95
5 40
40 38
10 87
56 19
54 97
26 7
82 80
98 30
1 38
51 26
54 89
81 56
27 89
44 55
39 57
79 69
58 54
73 64
5 9
2 6
35 98
58 62
49 0
29 34
75 87
56 86
52 5
98 97
89 80
69 50
