# Penalty: 64504.46382331228
125
87 2
51 31
58 14
72 92
25 90
61 86
3 79
58 71
42 66
44 57
16 54
47 35
41 25
78 19
57 9
26 7
76 99
64 97
17 96
94 95
49 89
5 88
84 83
57 84
68 82
31 84
75 77
89 76
18 75
73 71
26 68
67 66
37 62
57 62
49 57
87 54
63 50
19 50
56 45
0 46
69 42
91 42
26 40
77 36
42 32
20 30
64 28
51 24
77 23
17 21
44 20
42 13
34 5
72 98
20 98
0 96
38 96
82 91
97 90
42 85
10 83
31 81
20 81
58 82
67 79
41 76
95 74
88 72
53 73
47 71
0 70
95 67
14 65
75 66
70 65
82 60
7 61
30 62
87 61
9 57
98 58
19 55
68 52
30 51
36 50
75 51
20 47
50 50
11 50
89 47
99 47
35 45
85 46
19 44
1 41
80 42
9 41
23 39
82 38
28 37
14 36
59 37
17 31
90 27
32 27
6 23
53 23
87 23
15 17
80 18
23 18
31 16
73 18
94 12
68 11
83 9
84 8
11 10
76 9
17 8
63 6
27 3
55 3
97 1
67 0
