# Penalty: 72879.66627790463
129
77 48
3 70
36 7
6 33
84 45
47 54
41 32
50 41
18 91
72 10
80 81
54 52
69 38
51 32
61 81
10 67
3 14
39 56
96 2
88 53
48 65
46 45
57 61
21 75
18 50
33 68
73 67
93 9
61 9
40 21
7 0
65 29
43 42
16 32
88 84
65 50
83 73
51 8
51 72
11 42
29 96
36 18
82 88
64 85
58 93
8 13
2 78
60 0
44 13
96 44
28 23
3 10
24 0
86 44
47 52
70 60
90 73
91 93
86 53
6 27
57 84
33 59
22 15
61 36
67 45
65 44
17 41
94 69
1 19
0 70
48 4
31 7
88 2
34 53
15 89
64 29
35 47
50 99
78 78
75 80
67 50
0 53
36 11
76 59
27 77
68 13
4 41
42 3
51 60
55 1
88 8
89 11
75 0
90 64
88 98
25 34
61 93
5 34
38 29
38 84
8 86
43 22
82 32
39 63
26 18
9 53
11 45
94 52
27 88
96 36
94 32
71 25
58 12
70 73
2 59
0 47
99 56
83 25
7 91
65 69
30 48
75 28
86 66
59 72
94 79
38 88
53 24
42 60
57 18
