# Penalty: 72823.31736125932
133
60 47
71 54
97 97
83 59
21 61
89 56
55 28
76 35
94 31
45 17
75 70
56 55
55 37
45 62
17 86
46 48
66 64
45 87
62 2
80 80
7 70
58 77
34 28
23 48
42 75
16 41
21 14
32 9
45 52
72 6
68 91
0 95
6 19
48 68
68 28
37 94
34 70
8 47
17 64
68 10
97 37
49 31
69 85
31 52
53 80
29 86
60 58
36 16
20 2
34 36
90 8
42 40
61 69
11 31
87 27
83 27
74 49
78 19
63 3
28 21
96 62
21 57
91 26
90 21
78 71
49 96
58 45
72 4
23 16
55 89
51 28
9 62
21 27
77 64
24 72
2 20
74 79
47 21
79 38
97 29
73 90
28 98
25 28
5 62
93 86
88 68
27 90
7 5
16 97
26 63
54 92
94 57
71 12
68 19
48 69
45 66
56 2
96 74
20 77
58 17
96 19
98 16
80 5
63 47
48 13
13 16
81 96
75 60
94 77
4 57
57 91
55 98
6 26
47 41
59 81
7 88
88 42
11 10
47 0
81 49
70 41
6 76
84 16
57 61
1 32
19 96
16 73
64 36
32 59
80 91
96 7
39 87
3 80
