# Penalty: 62113.986447681804
125
60 60
35 45
37 60
88 90
97 24
73 83
25 86
80 85
5 65
51 79
66 57
74 88
80 2
84 16
90 66
90 4
55 64
71 1
81 81
71 60
91 82
49 61
52 86
55 76
76 18
87 60
26 47
47 99
62 24
12 38
58 32
25 32
18 86
61 66
77 64
65 64
97 8
64 38
98 75
66 80
30 91
3 27
93 98
1 53
8 96
0 83
23 90
36 73
68 20
24 40
46 22
7 71
14 80
46 52
49 11
87 1
12 73
18 72
18 45
58 20
37 44
38 68
34 31
90 20
47 86
4 55
5 55
10 68
18 26
63 0
50 66
57 54
53 40
59 89
58 85
84 37
3 17
12 97
31 59
72 47
22 0
0 93
20 55
58 98
73 74
84 8
5 35
10 4
9 15
9 13
65 82
14 53
83 23
58 79
13 85
31 18
95 58
26 61
54 12
53 3
29 28
89 11
40 93
2 78
77 10
28 55
98 80
0 28
32 13
94 51
94 48
77 41
66 3
40 70
81 57
82 93
75 8
25 8
37 36
14 7
89 32
34 79
71 34
17 65
99 37
