# Penalty: 91922.71327309647
103
49 70
49 63
49 55
49 48
49 44
49 37
49 26
49 20
49 12
49 5
49 0
28 75
28 71
28 62
28 55
28 47
28 43
28 36
28 28
28 19
28 14
28 8
28 0
7 69
7 61
7 57
7 48
7 41
7 35
7 28
7 21
7 15
7 6
7 0
69 71
56 71
43 71
55 63
42 63
54 57
42 56
56 51
41 49
56 42
44 41
58 34
43 35
55 28
42 28
56 21
42 21
56 12
43 14
58 7
44 7
55 0
43 0
34 76
22 76
33 68
19 70
36 63
23 61
34 55
20 57
33 48
23 49
35 42
23 40
33 35
21 35
36 29
23 28
36 23
23 22
35 13
23 14
33 7
20 5
35 1
21 0
14 70
2 69
14 64
0 65
14 56
2 55
13 48
2 48
14 42
0 41
16 35
0 36
13 27
0 28
13 21
0 20
14 16
1 12
12 7
0 7
13 0
2 0
