# Penalty: 66761.67426689067
129
93 8
64 35
34 15
31 86
58 61
49 38
76 16
61 24
58 66
33 48
5 7
9 39
38 46
49 21
69 49
88 38
2 38
34 66
99 69
59 98
57 96
83 24
27 95
84 3
1 26
6 71
67 20
89 31
26 14
37 54
44 65
87 16
97 23
10 64
37 39
2 97
41 93
64 12
12 12
57 84
41 22
96 32
75 45
74 20
6 89
48 79
21 3
25 41
66 95
83 91
75 91
96 87
96 42
29 78
96 61
32 8
45 60
17 89
14 89
62 27
13 31
86 83
78 41
53 59
29 99
86 10
49 93
85 50
97 4
93 69
91 66
73 14
74 12
38 55
74 54
71 29
88 14
97 24
8 64
15 36
26 83
24 35
46 86
90 77
53 27
40 70
53 61
89 59
6 47
11 84
4 6
2 32
98 76
98 33
26 0
30 36
31 0
47 72
30 73
3 86
0 67
77 99
13 77
51 13
63 84
8 29
26 61
61 13
15 20
19 74
58 2
34 26
16 97
85 89
69 40
13 0
42 29
70 0
7 55
57 73
66 1
53 8
74 34
84 74
49 27
0 52
75 60
29 18
40 12
