# Penalty: 62676.45875355919
122
43 92
89 62
28 63
50 87
59 90
56 83
41 7
5 46
63 67
19 85
16 11
62 19
98 23
72 13
17 74
45 16
77 66
4 60
66 61
68 42
68 69
82 86
42 24
61 26
46 57
98 16
7 7
87 91
23 17
67 77
39 85
34 24
8 56
48 79
51 54
32 42
81 94
35 79
58 62
1 22
65 52
62 33
97 84
25 41
4 55
51 30
98 66
71 26
74 75
46 30
3 34
62 7
38 44
49 97
81 8
25 25
57 12
38 64
24 84
81 79
2 72
33 74
25 63
61 79
29 0
35 33
88 67
75 59
0 38
21 82
92 35
97 39
90 72
98 21
59 47
60 42
97 48
20 78
78 45
84 18
1 78
83 39
47 0
25 37
48 75
73 65
20 52
93 81
44 29
73 52
51 44
32 23
68 80
54 97
99 89
8 0
89 43
11 18
22 48
47 69
61 60
56 19
44 64
53 89
34 68
74 48
4 9
14 95
27 95
57 0
31 77
43 79
24 91
20 59
64 97
45 45
78 22
36 59
37 11
43 50
0 89
83 57
