# Penalty: 54967.31759558044
119
4 88
32 8
36 40
78 9
40 98
23 4
39 77
7 97
61 5
18 97
43 31
84 90
60 63
84 25
13 86
28 6
35 54
7 35
42 72
70 23
4 14
7 78
33 77
50 4
79 37
23 62
61 89
71 31
53 43
20 31
83 66
26 38
6 7
71 58
87 58
87 10
69 42
26 21
49 30
45 9
95 54
25 91
80 47
14 24
22 36
4 40
69 63
73 95
54 2
37 82
53 9
55 87
32 41
20 76
97 45
97 73
58 27
46 86
16 61
53 67
90 0
54 37
72 24
38 97
24 3
64 93
85 37
11 44
34 36
93 65
60 51
3 18
43 63
9 75
47 13
6 55
12 0
41 43
94 56
16 51
57 22
60 70
68 22
59 42
87 73
87 20
49 92
0 48
77 32
21 54
2 60
11 51
30 93
66 79
2 54
18 4
31 71
59 18
19 70
11 10
59 10
93 4
17 16
71 51
96 21
82 0
32 48
95 42
14 30
32 58
79 23
54 55
97 87
68 4
46 96
28 73
80 17
63 44
36 15
