# Penalty: 179665.5415122474
196
96 98
98 90
97 85
96 77
98 70
99 64
98 55
98 49
98 43
98 33
96 29
97 21
98 13
97 6
91 97
89 91
91 83
89 76
91 69
90 63
89 58
92 49
93 42
91 37
91 27
89 23
89 13
90 7
82 96
82 91
84 83
85 75
83 70
84 63
85 56
83 49
83 42
83 35
84 27
83 20
85 14
84 6
76 98
78 90
75 84
77 78
77 69
77 63
75 55
77 48
77 42
77 34
79 27
75 21
76 13
79 6
68 99
71 91
70 83
69 75
69 71
70 61
72 54
69 47
70 44
69 35
71 29
71 23
70 14
71 7
62 98
63 91
61 83
64 76
62 69
65 64
64 55
63 49
61 41
65 37
65 29
64 20
61 13
62 5
55 99
58 91
56 84
56 77
57 70
55 62
57 58
56 51
55 41
56 34
55 27
56 20
55 12
56 7
48 96
50 90
49 83
50 78
49 69
51 63
49 56
50 50
50 43
48 37
48 26
51 21
50 13
48 7
42 97
44 89
42 83
42 76
41 71
40 61
43 56
41 48
40 43
41 35
41 29
43 20
41 14
43 7
33 99
36 90
37 82
34 79
34 70
33 62
35 55
34 48
37 43
35 34
34 27
35 21
33 14
34 7
27 99
27 91
27 85
30 76
27 69
28 65
28 55
27 51
29 41
29 36
27 27
29 19
27 12
29 6
22 97
22 93
20 83
19 77
21 70
21 63
19 54
20 51
21 41
21 35
23 27
20 21
21 12
20 7
15 96
12 92
14 84
13 77
15 71
13 63
16 54
15 48
14 42
12 33
13 27
13 19
12 15
14 6
9 97
6 90
5 84
6 75
9 70
6 63
6 56
7 49
5 42
7 35
6 28
6 19
6 13
6 9
