# Penalty: 61800.94348168248
122
79 56
47 74
48 15
87 42
75 50
25 73
19 45
9 39
77 28
26 67
4 59
60 37
97 56
33 96
47 93
17 57
69 16
43 82
89 30
11 69
44 5
36 76
66 3
45 64
66 64
35 84
90 56
43 39
14 73
86 69
10 25
70 70
11 80
31 40
7 12
69 84
1 50
46 19
69 39
18 86
81 10
69 10
84 29
12 7
61 27
68 27
49 40
59 6
96 84
39 88
26 93
15 37
78 67
37 66
41 98
4 43
71 3
25 96
87 97
52 57
41 26
49 35
58 83
86 62
69 49
67 87
84 57
11 64
93 64
83 81
78 2
87 4
34 19
3 77
8 87
26 54
11 74
80 43
5 30
88 75
5 12
0 48
45 55
60 57
65 97
80 32
29 11
28 66
45 73
36 41
83 93
4 90
88 87
89 21
67 74
35 58
36 55
26 46
76 21
31 14
1 0
86 40
60 2
98 15
43 15
5 85
20 11
16 19
36 7
85 50
24 15
25 19
79 73
13 12
51 49
20 33
89 13
98 23
56 45
48 65
81 15
99 71
