# Penalty: 63862.53782277708
128
49 70
47 64
79 27
32 88
24 71
28 70
61 81
70 50
45 0
55 14
90 57
24 64
49 44
66 66
51 37
9 72
27 30
36 84
12 0
38 12
30 97
82 37
2 55
11 54
18 95
6 94
29 25
33 31
56 57
65 91
91 43
20 49
31 68
31 49
47 8
40 0
53 61
93 68
90 4
78 8
92 93
89 13
26 82
12 92
13 46
74 30
67 35
83 84
32 78
99 39
41 77
19 40
77 97
13 31
4 72
86 67
56 89
6 5
4 5
14 76
25 98
33 42
16 61
84 90
66 7
30 5
89 36
60 18
82 41
6 58
98 47
47 71
96 63
24 35
49 15
39 18
57 29
55 27
5 79
60 51
48 20
99 23
44 24
67 84
60 4
59 1
9 46
74 92
52 88
27 61
7 14
19 82
0 96
81 22
11 25
4 36
1 29
81 52
67 70
4 18
32 57
76 24
86 28
29 44
83 11
73 44
19 7
74 10
65 73
16 77
75 38
11 8
7 74
56 34
65 15
38 53
91 26
43 57
63 24
38 81
94 12
15 23
46 83
37 27
2 47
3 64
42 40
80 77
