# Penalty: 60536.14209300615
121
23 50
84 74
51 38
38 33
11 53
97 60
17 32
82 7
41 94
50 22
30 78
6 57
87 89
45 54
13 67
64 22
35 67
73 77
39 14
66 71
95 47
15 78
79 24
65 98
71 16
9 89
44 9
69 0
96 64
85 63
23 41
92 15
15 96
63 43
97 26
5 93
51 77
28 25
62 26
19 56
77 0
60 68
18 20
96 33
6 49
22 81
11 74
7 8
45 92
94 4
85 56
49 45
7 76
63 0
88 3
30 97
5 30
83 41
21 25
37 4
60 92
68 76
62 12
0 50
12 13
33 11
72 13
92 94
27 32
0 63
13 57
91 49
11 90
76 65
14 49
30 64
22 7
23 4
61 55
82 78
88 64
38 10
17 33
21 99
12 41
27 7
3 4
63 18
58 18
23 74
13 35
67 12
56 95
50 26
98 4
17 80
41 83
0 77
11 23
71 96
16 94
74 30
84 19
71 60
40 23
49 95
48 63
81 34
43 65
43 73
51 90
62 5
24 15
66 58
76 95
64 83
28 58
54 12
91 84
25 91
53 61
