# Penalty: 55547.39121779244
120
2 73
28 86
2 93
61 77
92 17
55 39
25 42
82 13
40 9
44 11
6 22
80 24
97 25
87 66
97 2
79 93
93 47
32 89
87 95
96 89
93 31
17 93
20 8
83 89
55 15
6 95
18 61
16 60
15 5
97 69
14 52
33 10
62 64
79 51
47 87
52 74
15 98
24 91
65 20
47 24
26 97
63 50
60 2
58 95
36 34
2 1
36 22
28 24
55 88
80 36
53 24
84 58
92 86
2 68
20 46
73 24
39 83
65 90
52 36
0 39
68 99
0 97
88 4
21 13
95 21
63 37
33 56
58 73
99 78
94 67
94 11
34 8
7 16
14 45
48 75
44 21
29 50
59 51
95 2
70 55
13 64
58 4
61 11
55 43
0 27
8 34
99 36
19 38
57 95
5 3
36 32
71 12
54 4
72 88
92 59
49 89
55 67
36 91
35 48
38 50
28 17
39 55
11 72
51 40
30 30
19 72
55 25
46 0
68 62
64 5
47 56
68 69
33 77
11 20
51 48
47 61
72 68
80 62
66 72
99 99
