# Penalty: 57050.25228217403
120
96 79
52 31
76 94
61 32
85 76
51 10
96 16
78 49
24 52
17 87
69 12
43 77
7 86
32 74
7 49
92 92
51 51
27 10
92 3
52 81
67 24
64 28
27 58
51 42
67 2
79 29
69 72
55 67
26 3
96 7
8 77
12 2
42 9
91 18
23 42
25 88
98 25
64 81
62 62
90 71
80 8
93 82
34 29
81 55
73 52
87 45
59 72
44 68
98 3
78 65
33 23
93 27
0 65
80 44
17 99
29 14
60 98
4 55
96 95
4 97
60 47
93 1
56 6
14 65
18 53
20 13
21 80
42 63
1 87
8 15
92 37
26 26
87 17
23 59
45 3
11 60
19 27
6 20
98 33
94 33
89 55
95 14
57 36
86 25
31 77
99 82
75 32
55 42
32 67
90 97
66 35
57 15
33 8
80 14
6 45
85 98
49 79
50 21
80 67
40 42
73 37
70 67
18 70
63 11
45 89
36 66
30 44
0 35
21 35
87 7
74 64
75 84
20 43
37 47
38 57
40 34
29 91
52 65
96 97
42 85
