# Penalty: 57985.62611409684
122
17 32
60 27
50 68
47 33
13 24
40 1
40 53
74 8
85 64
24 36
50 55
40 92
69 33
98 13
80 96
38 76
88 38
33 77
97 39
15 9
20 58
91 30
43 78
3 14
2 25
94 80
93 98
11 15
80 89
7 37
71 15
14 71
3 77
53 91
98 31
91 66
86 79
32 96
74 75
30 43
64 19
35 32
96 56
67 53
59 59
58 12
22 53
38 62
63 91
14 57
16 47
37 25
32 68
66 83
34 13
25 86
99 4
29 79
64 9
13 80
44 79
41 17
52 79
75 54
46 64
97 95
46 37
38 83
5 86
58 2
97 26
2 31
43 55
52 2
85 90
92 47
28 24
5 61
90 21
78 65
66 28
6 93
17 70
35 99
57 73
27 98
0 94
80 42
91 97
26 73
85 9
75 24
20 91
3 2
59 20
84 54
20 77
39 91
38 4
8 54
68 90
52 54
59 91
7 68
26 13
75 33
21 22
51 27
55 59
52 38
99 63
32 49
33 59
85 68
3 97
94 16
47 43
27 65
12 99
29 6
27 58
86 0
