# Penalty: 62321.49725022852
124
51 20
75 26
17 16
53 17
6 6
55 3
33 91
83 39
25 35
96 84
69 6
79 72
78 92
3 41
12 40
88 55
56 62
59 90
72 58
77 2
21 84
91 11
92 69
56 51
57 39
35 97
83 45
57 25
28 83
40 24
48 88
96 96
32 63
70 42
96 10
94 58
23 71
84 19
3 84
65 11
39 73
54 64
85 85
18 67
77 64
2 7
42 14
80 54
42 37
11 8
11 67
79 41
93 79
97 22
36 16
57 7
5 45
61 67
62 29
68 2
78 73
30 21
70 25
5 38
14 5
9 32
21 61
25 24
21 24
93 45
13 94
20 88
21 39
48 36
49 87
91 27
88 77
66 42
93 52
18 1
80 82
29 76
50 0
44 52
27 99
69 33
63 19
69 19
38 83
4 95
0 98
19 14
95 30
26 52
45 35
25 4
7 86
36 43
66 52
15 76
87 38
48 27
94 3
52 82
70 97
73 68
10 20
0 50
52 14
90 48
7 51
40 63
77 16
97 0
47 6
14 24
6 56
54 98
29 18
32 74
85 69
31 33
4 30
19 95
