# Penalty: 58395.35028487974
119
70 3
43 72
73 79
21 8
71 31
64 29
75 20
96 42
15 30
83 6
69 58
38 96
60 74
32 57
53 73
28 29
41 2
8 66
2 43
80 74
96 78
39 84
60 67
52 39
67 66
63 96
85 38
8 88
87 83
88 56
49 83
66 91
31 17
51 48
20 17
23 96
16 89
73 36
2 28
36 62
54 68
13 11
46 62
98 50
97 23
74 59
2 61
69 97
60 82
83 70
1 11
45 18
14 95
15 78
81 13
88 92
75 93
64 8
59 8
63 7
44 97
84 27
63 38
11 40
65 12
54 57
3 20
36 34
48 22
10 72
65 62
51 80
82 54
0 88
6 20
55 18
71 79
10 26
17 7
62 59
12 59
50 90
48 90
18 50
6 98
73 26
48 48
78 51
27 44
9 86
2 66
60 99
25 0
55 29
86 78
34 22
25 10
86 10
48 35
13 9
34 79
39 14
40 42
54 8
69 46
59 33
94 62
80 85
38 6
52 52
4 76
55 0
94 27
47 66
46 6
31 99
35 42
12 21
56 22
