# Penalty: 65543.1837784638
123
65 23
16 32
68 5
46 35
48 82
3 57
5 26
31 36
3 33
12 64
24 68
46 59
73 82
97 31
50 53
45 9
83 3
33 9
63 51
53 90
14 50
34 87
82 89
90 34
13 27
60 42
55 27
56 37
43 40
68 49
23 31
13 71
15 19
34 30
82 14
97 60
93 11
7 94
7 73
70 25
75 39
84 58
10 78
75 52
25 53
78 94
48 99
12 44
50 72
52 7
23 7
8 36
52 77
33 51
22 46
89 81
49 37
40 57
46 80
26 26
40 21
31 88
28 74
73 2
68 74
53 19
10 24
75 32
9 11
58 86
59 82
34 37
74 61
75 64
9 64
0 78
84 39
94 68
81 51
96 42
90 19
16 74
15 17
92 86
84 12
40 80
32 70
62 19
61 7
0 87
31 98
35 31
57 71
16 0
95 73
74 16
71 17
27 54
87 93
79 95
75 97
83 37
50 4
93 55
6 89
2 42
32 46
74 77
79 27
86 47
86 68
37 47
24 62
22 20
72 46
38 54
21 85
39 3
58 12
39 92
29 20
4 7
39 69
