# Penalty: 61629.62887077707
122
59 51
34 19
32 28
52 26
7 36
16 56
38 70
38 52
4 52
70 8
31 59
68 54
23 91
1 96
68 2
52 93
52 4
22 61
83 57
15 83
12 63
15 76
40 65
20 14
79 14
57 80
81 81
8 45
87 71
26 46
29 72
34 8
7 25
77 44
38 25
60 89
85 27
44 64
91 78
87 97
71 15
90 47
95 82
52 76
64 22
23 76
94 30
59 70
61 59
10 91
98 23
33 53
81 1
84 59
29 39
62 52
31 25
21 15
43 97
79 67
24 98
19 23
23 44
15 27
60 40
50 60
74 6
76 82
4 35
42 88
21 46
74 57
21 92
28 50
58 12
77 47
7 83
11 42
6 67
65 88
84 41
30 0
98 65
41 15
32 92
21 7
29 33
32 60
3 81
77 95
65 43
88 33
1 22
72 38
1 60
64 28
41 56
15 71
71 62
83 76
53 12
10 34
50 91
6 32
46 52
49 82
94 0
9 97
48 32
52 66
23 52
54 2
39 92
51 37
42 4
99 78
80 91
2 7
53 40
63 79
58 17
99 41
