# Penalty: 65193.03820744934
127
22 72
2 32
24 96
61 46
35 72
4 62
64 35
73 68
74 80
40 25
18 11
53 80
21 2
84 23
44 5
87 72
11 26
28 28
0 50
77 29
62 89
13 79
33 39
23 90
20 42
85 44
83 15
32 20
49 95
84 91
25 13
68 81
2 96
5 89
80 5
28 9
49 12
72 58
68 2
61 23
21 82
56 70
80 48
19 61
36 5
74 14
45 90
55 93
90 64
62 7
3 29
18 23
34 95
96 76
67 33
12 28
0 2
29 73
84 77
82 76
15 3
77 94
1 34
28 36
75 9
42 75
64 67
75 25
85 41
77 77
88 45
33 17
73 67
3 12
86 91
94 43
77 89
80 82
75 67
94 16
7 48
9 0
46 64
81 29
37 44
20 15
61 80
79 62
96 86
52 2
47 55
48 60
8 34
31 84
98 9
56 60
34 3
97 36
51 43
46 41
45 86
39 71
83 54
10 60
58 88
76 32
60 18
88 0
21 29
53 50
11 6
27 66
67 92
58 98
12 40
22 87
90 39
21 26
90 26
97 78
18 97
71 49
45 26
44 14
68 8
18 48
37 53
