# Penalty: 60509.0581373378
124
28 18
38 59
5 14
15 81
41 41
24 31
95 85
4 46
16 29
0 11
54 94
2 81
94 61
27 43
47 23
57 19
72 75
7 17
91 46
51 11
21 85
39 84
64 95
68 87
13 92
47 43
82 55
95 79
15 5
75 39
10 96
59 89
14 12
93 94
56 38
84 87
72 29
78 30
45 18
9 29
20 92
33 93
5 40
40 94
85 1
92 10
21 36
61 63
51 4
54 47
35 43
30 24
32 77
40 45
90 30
12 59
20 5
20 3
26 72
43 8
90 44
64 24
61 21
69 72
30 87
45 90
46 29
20 11
46 65
74 1
14 76
3 78
47 97
23 27
26 55
21 54
96 26
82 71
90 62
0 19
22 99
90 89
56 71
67 85
12 39
56 24
3 59
7 32
27 35
73 11
37 16
43 15
33 6
1 1
31 10
46 81
32 95
33 72
31 65
48 51
54 0
63 65
73 53
57 35
81 75
64 44
72 88
1 95
63 55
23 47
2 28
31 20
74 23
25 87
99 86
61 12
67 11
49 56
86 22
65 80
77 59
70 41
89 36
73 77
