# Penalty: 73345.92539732659
129
41 13
51 45
84 3
27 85
3 14
39 51
20 56
14 11
19 28
68 66
27 23
47 3
57 61
32 54
64 32
16 98
33 41
43 37
55 43
70 48
13 18
28 97
37 81
95 81
47 74
47 61
80 95
88 68
56 36
11 66
60 80
79 60
4 49
26 40
62 98
14 43
93 67
85 72
25 3
31 11
11 3
37 66
73 58
60 42
38 27
50 57
47 54
89 30
92 37
92 54
34 61
73 26
84 35
73 74
63 6
32 50
36 40
50 42
73 41
21 38
83 20
51 21
54 52
72 69
51 74
88 11
1 12
73 88
21 43
39 9
58 55
58 34
12 63
25 75
71 37
60 73
24 56
47 70
0 69
15 27
28 28
70 98
52 81
18 63
96 6
34 92
85 51
82 52
34 90
78 40
97 75
82 10
63 81
59 95
10 45
23 28
40 63
32 19
11 74
13 72
58 3
4 99
65 0
88 25
84 27
95 0
97 18
70 18
27 69
50 94
84 46
39 16
67 74
3 52
53 34
8 23
72 7
23 93
40 92
18 80
97 53
81 76
94 24
40 73
5 78
75 48
15 92
9 33
36 0
