# Penalty: 67784.98897517864
127
75 35
89 44
28 14
88 78
79 96
9 25
67 88
17 64
8 47
55 30
2 25
24 30
80 76
73 50
17 56
42 4
83 98
70 24
8 81
18 84
60 59
84 70
97 37
81 86
94 91
53 76
45 57
82 29
71 71
76 12
64 48
16 43
62 18
88 89
97 45
26 72
14 49
86 65
38 27
93 22
72 81
4 37
23 46
69 63
52 64
73 44
0 51
40 82
87 41
0 33
81 12
86 17
68 20
43 32
1 82
51 84
50 20
19 16
97 74
65 97
12 37
31 14
48 43
93 42
48 13
57 10
63 73
29 55
52 8
73 33
90 55
91 53
32 85
65 82
9 22
81 51
4 20
19 9
32 89
11 66
79 29
56 23
77 15
67 48
56 87
63 21
48 33
60 51
20 64
31 35
58 0
24 22
9 7
41 52
25 39
38 95
73 82
7 31
1 39
24 78
94 12
0 13
42 11
89 26
55 18
3 6
71 95
9 64
96 31
0 94
25 95
43 63
0 63
10 59
72 4
78 40
26 65
19 70
31 24
45 80
23 0
60 44
47 22
66 40
34 45
56 37
49 89
