# Penalty: 70426.18640887052
133
77 40
9 69
43 14
80 79
1 5
67 89
20 65
1 33
47 47
14 14
40 71
52 21
29 54
80 86
28 8
7 12
4 21
80 27
38 97
27 28
88 92
41 2
51 71
84 45
59 5
7 66
67 29
78 91
93 16
11 23
90 47
48 93
79 52
23 44
69 43
16 60
51 2
70 33
92 87
9 54
78 68
27 94
27 76
60 31
98 54
32 39
46 19
81 60
81 30
45 42
2 38
61 41
37 11
31 60
13 61
85 4
24 96
3 20
54 42
32 0
85 12
58 12
89 65
2 60
70 57
93 11
10 94
24 32
19 32
82 19
94 43
6 34
74 6
0 29
42 87
42 83
56 73
52 8
70 96
37 17
11 46
76 86
63 17
64 82
0 97
57 95
56 91
31 24
61 93
34 98
33 50
61 70
70 17
76 39
38 47
85 8
54 26
22 41
90 22
36 86
29 51
92 38
89 3
32 7
31 45
56 62
55 59
37 58
91 53
21 21
85 76
34 70
9 98
61 79
13 88
31 30
36 24
23 5
34 66
56 46
2 51
44 25
98 19
23 47
98 95
70 51
99 29
5 81
55 53
64 62
5 75
47 84
61 51
