# Penalty: 65964.15873542335
123
44 88
50 37
53 81
24 26
34 14
8 96
69 44
53 67
96 72
49 52
62 43
49 20
35 68
69 34
12 76
67 92
53 90
66 28
0 29
23 21
48 15
10 80
18 33
2 23
1 59
25 51
80 73
71 42
88 65
19 64
40 55
90 74
39 23
31 21
68 13
73 51
84 6
42 48
54 74
54 45
59 76
29 40
19 44
60 58
32 33
59 93
66 81
85 11
80 34
82 64
31 7
14 31
33 41
9 40
75 88
50 92
31 92
95 89
73 30
55 97
38 59
11 14
96 15
68 72
0 22
8 35
47 54
39 21
95 85
28 47
16 34
72 61
1 48
68 6
41 50
78 19
80 17
57 11
46 20
99 95
8 65
17 42
86 43
90 85
25 76
44 34
8 58
31 16
6 19
97 20
59 88
37 75
41 71
9 53
84 78
93 76
95 3
90 58
88 32
63 3
42 11
31 87
88 48
35 0
9 26
77 62
75 46
95 8
42 44
41 29
66 99
76 74
0 97
97 29
44 74
95 52
87 19
16 56
57 36
13 91
16 86
68 66
13 3
