# Penalty: 55965.86874474365
108
17 25
24 13
6 13
27 17
2 3
52 89
76 18
53 5
21 82
17 79
1 59
20 71
25 64
15 96
2 20
12 26
11 19
61 26
50 66
58 14
66 38
59 94
75 84
52 98
94 32
86 11
70 65
95 3
62 43
89 78
82 60
81 22
91 60
70 91
89 46
97 56
88 21
87 54
55 23
94 9
61 68
67 95
83 71
58 76
74 26
79 27
64 13
12 86
8 74
11 58
13 61
11 93
26 97
11 52
19 88
20 53
28 75
1 67
17 68
21 9
28 0
19 18
28 5
28 21
15 3
58 49
76 57
86 77
72 96
97 61
69 37
71 5
95 28
81 5
98 71
72 18
97 32
66 66
68 86
82 19
85 42
99 37
73 64
52 85
63 8
97 40
78 34
93 77
65 83
63 51
75 48
97 9
83 84
99 46
71 87
70 48
11 76
26 52
8 57
0 82
10 98
23 93
4 89
5 94
30 86
17 7
3 25
24 29
