# Penalty: 60177.93835914864
124
90 56
45 3
5 85
7 41
91 31
74 20
52 45
12 85
84 91
97 78
51 10
67 88
97 25
54 83
23 73
13 90
1 58
56 37
51 23
66 3
99 71
18 62
60 58
38 36
47 71
96 58
11 37
42 58
67 9
92 60
36 73
70 56
3 94
49 98
26 85
47 41
81 76
11 73
97 11
4 18
84 52
3 10
27 29
87 10
40 47
27 44
56 91
45 51
7 99
0 27
84 65
73 94
66 58
60 67
61 44
31 61
2 86
50 81
23 78
13 68
5 45
98 20
29 20
43 27
77 77
90 33
22 61
37 39
72 4
49 68
62 84
2 61
96 41
78 45
10 33
32 0
33 69
28 67
46 89
86 3
20 91
81 73
80 5
99 8
74 41
84 31
74 67
87 87
30 9
77 22
23 99
21 97
84 41
99 88
64 95
91 23
19 21
41 50
79 58
19 41
67 87
83 47
65 30
5 5
44 31
68 39
75 32
30 47
98 42
36 83
15 49
69 30
7 23
53 67
52 99
26 52
98 55
65 48
27 76
54 0
38 20
83 27
40 10
48 61
