# Penalty: 42364.49564611026
88
94 11
92 79
92 27
92 40
92 92
92 15
97 80
97 25
92 84
92 56
92 45
92 21
92 95
92 67
92 35
97 91
96 65
97 40
97 31
92 4
90 51
90 11
91 62
74 51
37 30
3 4
97 85
96 59
97 46
97 19
79 93
75 81
81 73
62 62
84 57
79 40
66 32
84 27
78 20
76 14
76 5
45 83
37 73
50 61
41 51
41 16
49 10
47 6
19 93
14 75
23 61
6 61
14 55
10 50
15 22
20 15
8 10
97 93
97 54
98 7
96 11
93 77
95 69
93 29
93 69
72 52
61 59
61 0
35 99
57 53
33 44
48 34
33 31
49 29
32 91
34 50
48 38
51 18
30 0
7 88
27 47
6 41
19 35
0 1
5 83
25 38
5 32
21 28
