# Penalty: 63398.6011639655
127
51 53
4 65
28 52
34 43
88 97
55 16
45 93
58 26
28 24
0 92
90 33
29 96
29 13
77 82
49 0
65 76
45 40
20 93
8 3
18 34
79 71
44 29
90 16
75 26
6 64
9 47
91 46
96 38
62 70
37 77
14 70
96 59
19 61
99 91
74 69
1 47
81 23
56 94
14 37
31 69
93 78
45 82
27 82
56 87
98 22
61 36
98 6
18 24
97 44
63 43
71 0
33 62
60 16
46 32
99 69
87 11
3 33
66 84
74 48
60 2
51 26
39 30
36 31
53 39
0 96
35 80
49 54
91 98
72 56
69 53
49 48
31 94
32 17
7 92
97 58
26 3
99 31
72 37
0 15
11 39
10 36
3 62
15 8
57 66
83 80
58 30
52 23
85 59
78 58
22 49
22 73
24 33
28 56
7 46
92 58
14 77
61 63
43 27
13 98
21 11
74 31
8 14
75 95
37 11
59 80
76 87
53 1
20 90
2 57
89 70
73 86
60 87
59 45
21 65
14 2
65 93
79 39
82 52
46 3
9 58
51 82
8 27
1 53
72 10
67 57
42 15
33 4
