# Penalty: 37904.44139858714
92
94 3
97 32
28 18
37 26
27 95
28 6
94 24
95 38
69 26
57 94
93 73
36 3
86 38
55 0
94 54
95 45
83 2
29 2
55 71
85 72
27 60
29 83
60 28
85 26
10 53
47 26
73 83
84 55
16 60
50 94
92 25
16 84
36 83
28 11
62 83
91 65
63 26
27 38
54 26
9 82
93 8
28 55
61 36
0 76
84 48
47 84
84 15
71 14
16 37
27 48
26 73
60 71
26 87
73 57
1 83
27 97
63 72
84 99
58 91
91 16
19 42
19 4
2 36
17 49
52 92
10 42
73 94
58 85
60 4
94 93
18 24
6 93
17 97
49 38
27 63
25 85
82 6
38 90
13 72
95 46
45 50
4 27
12 93
11 91
2 10
60 17
73 36
64 93
41 85
48 58
38 18
2 58
