# Penalty: 57302.10800336623
122
66 92
96 37
70 5
62 43
30 92
8 48
34 53
96 61
14 45
89 89
86 48
14 40
67 73
26 22
92 3
69 80
96 15
87 31
67 62
65 18
96 85
66 86
59 40
10 91
92 8
80 95
33 48
56 37
11 97
5 64
48 26
43 60
72 6
39 0
35 64
15 68
79 67
80 32
43 19
2 10
19 98
49 83
81 14
90 14
38 71
72 25
77 23
37 92
16 34
84 88
36 86
2 51
54 80
65 17
63 17
33 19
97 13
63 39
80 75
46 12
4 77
53 93
89 83
67 47
31 94
33 42
67 28
28 69
75 44
50 19
15 81
36 53
4 54
83 64
70 3
4 36
96 60
49 58
52 48
62 64
86 46
80 61
63 73
99 26
20 6
91 56
87 3
52 87
42 33
56 61
76 9
60 96
67 34
76 4
13 70
6 28
72 93
91 96
83 70
96 79
49 2
80 53
29 74
53 13
60 51
24 90
16 2
31 30
23 83
49 62
21 30
83 85
48 76
46 44
87 40
0 35
10 5
1 99
25 0
20 11
54 27
63 78
