# Penalty: 56990.398362186315
121
58 22
35 45
71 68
47 31
10 4
93 22
8 97
40 59
65 14
56 61
35 90
57 36
49 7
43 9
53 16
23 30
35 97
59 96
64 94
91 82
75 79
2 96
13 89
94 30
8 15
75 28
66 71
20 98
43 65
15 43
8 28
46 44
48 54
25 68
21 86
37 53
61 83
47 16
19 71
56 46
79 93
27 46
20 19
35 63
27 60
78 67
18 65
17 54
15 0
67 8
30 86
65 41
35 70
44 79
0 38
31 6
2 21
83 65
47 2
63 0
77 56
50 40
13 84
97 33
36 22
53 56
40 33
66 17
43 68
14 42
11 41
36 83
75 2
10 28
25 40
58 31
79 18
6 86
5 83
34 52
70 62
19 15
9 37
68 28
96 83
97 64
95 65
18 48
90 1
95 40
4 51
98 52
62 5
59 5
78 32
45 23
90 7
90 36
23 28
39 9
80 53
90 46
39 91
68 43
34 10
51 85
82 88
85 5
80 37
32 75
33 35
70 83
88 50
23 5
79 22
10 74
67 89
94 10
50 75
2 57
53 92
