# Penalty: 54399.01850891568
119
34 31
7 48
72 94
66 5
78 48
54 95
7 17
8 3
3 95
34 40
71 58
97 22
75 18
19 42
38 48
19 4
18 22
73 79
45 39
63 55
36 77
98 92
5 27
18 48
33 87
54 42
44 8
52 37
67 80
28 26
8 9
32 36
34 93
39 66
49 47
95 79
82 21
64 28
11 22
84 53
81 33
66 72
2 33
10 82
76 72
63 18
91 1
90 45
90 39
52 71
72 5
28 6
39 33
15 61
39 3
72 89
3 74
99 53
63 4
20 96
21 50
24 92
52 59
65 82
64 62
66 91
37 9
6 8
16 68
56 95
23 21
4 63
4 2
47 96
70 95
89 75
56 51
94 25
28 66
15 35
34 72
0 13
14 96
71 46
89 65
41 56
63 15
75 68
13 41
35 98
51 70
18 28
11 29
57 28
18 71
99 97
85 77
52 75
78 62
78 36
93 12
79 96
32 71
49 54
58 67
55 21
89 60
22 80
7 74
75 29
62 38
16 12
98 30
35 16
82 3
25 85
45 29
11 91
77 32
