# Penalty: 57098.15776370835
119
43 87
16 74
64 75
50 47
14 24
54 9
38 15
72 56
91 93
77 41
66 82
89 66
27 87
25 60
61 8
11 78
77 70
58 81
75 8
54 74
15 47
88 29
95 6
86 34
14 97
46 17
75 86
77 24
32 2
50 29
48 38
3 50
34 36
70 17
32 45
44 66
60 66
22 76
17 80
23 51
49 97
50 94
15 9
85 54
3 12
21 35
95 74
46 22
59 19
6 55
65 25
21 67
0 4
63 40
35 28
36 6
57 55
39 96
82 20
18 8
53 23
56 97
9 92
10 87
33 15
8 84
18 62
11 45
93 91
77 95
17 0
70 31
42 58
55 31
75 45
68 5
61 77
30 50
63 95
13 14
95 35
63 86
7 9
23 26
35 69
89 25
65 50
8 50
42 84
7 91
5 2
86 47
82 7
68 16
12 71
16 89
35 41
29 64
98 64
85 11
82 78
63 45
23 99
74 79
78 65
93 10
75 52
45 78
47 25
97 22
41 3
7 29
62 62
51 14
67 64
85 91
25 12
43 47
94 47
