# Penalty: 58348.90326975238
123
10 96
11 4
92 92
97 3
50 9
10 79
74 51
83 91
55 78
83 15
13 88
85 73
51 74
5 42
23 11
13 13
91 75
24 48
29 68
4 79
24 39
80 6
50 89
70 28
20 31
69 67
83 9
32 25
29 87
70 58
43 64
63 18
41 87
24 85
91 30
99 83
3 58
26 6
7 58
95 49
29 77
91 19
24 97
52 83
48 64
65 84
44 30
70 9
48 24
34 3
1 14
53 36
23 27
38 50
39 16
34 55
62 70
15 33
60 46
78 46
96 24
95 2
51 48
1 22
86 91
56 16
9 91
14 91
70 75
82 28
13 29
80 36
6 0
38 0
89 81
42 87
46 40
57 1
77 95
22 54
3 57
54 76
49 18
76 62
70 22
15 53
78 13
23 65
90 66
90 65
95 42
33 75
34 43
32 40
83 62
74 39
11 45
59 78
41 30
20 12
47 13
58 10
7 72
34 93
1 88
87 10
42 76
58 63
89 34
71 82
63 52
60 99
19 45
58 27
38 9
26 21
97 34
86 26
49 56
98 74
61 49
38 32
87 47
