# Penalty: 61311.842778822815
122
68 64
85 24
32 97
81 49
54 5
50 84
93 22
3 76
95 12
98 16
5 16
51 21
65 61
55 39
51 29
67 54
76 4
32 64
9 97
55 77
33 79
13 28
35 53
31 74
24 87
14 83
77 60
45 57
84 20
32 7
27 82
2 49
61 74
21 54
8 51
30 87
66 23
71 83
79 56
76 10
18 48
38 62
52 71
38 93
6 10
2 65
46 26
95 45
60 91
85 92
61 6
68 77
25 74
44 44
57 77
34 94
0 81
80 64
30 15
34 52
20 13
8 22
47 67
63 41
56 4
22 82
65 99
60 84
56 52
47 8
10 53
11 93
76 46
38 42
65 21
98 64
84 86
67 69
97 72
49 95
26 49
25 47
5 59
13 4
8 63
88 12
63 55
88 31
86 31
20 93
4 93
3 88
88 95
2 40
70 33
41 33
77 80
95 38
9 80
23 26
80 9
94 98
37 37
79 89
67 35
98 2
12 85
72 16
71 97
91 36
44 86
26 5
71 91
61 26
21 36
67 3
32 43
17 71
86 56
95 27
55 11
63 29
