# Penalty: 60865.01413342146
121
21 34
23 45
60 53
52 78
35 28
7 34
69 74
72 14
76 90
70 55
62 32
66 84
36 10
34 79
32 58
47 85
16 11
55 27
49 65
20 1
73 25
11 52
37 20
77 37
88 8
18 28
44 95
44 29
15 71
82 73
21 79
38 36
41 79
34 36
39 68
1 7
99 65
64 4
37 73
93 54
32 29
67 25
47 0
62 26
57 46
33 51
74 47
79 80
56 91
9 48
81 13
89 83
74 18
57 41
86 1
62 80
55 84
3 37
88 74
91 28
13 4
30 12
36 43
23 52
43 36
44 21
39 51
79 98
29 81
7 60
64 45
43 27
95 11
80 39
41 98
64 56
70 15
88 94
19 37
48 53
45 11
93 36
21 31
86 46
40 63
6 42
38 91
4 21
5 26
64 60
91 86
48 44
16 59
87 16
97 0
46 72
69 32
74 2
65 64
20 91
17 92
97 23
48 2
16 42
13 42
0 64
69 94
79 64
8 79
6 84
58 96
61 77
54 58
51 51
70 67
59 0
79 2
1 79
0 71
93 76
91 60
