# Penalty: 63419.02078563799
125
94 1
21 21
27 51
31 33
61 90
39 64
9 45
37 58
82 26
13 33
45 76
69 93
25 84
96 45
11 38
67 42
39 86
59 17
21 80
41 3
48 95
11 1
48 49
24 34
49 20
35 78
11 9
56 44
52 60
53 74
60 51
59 98
46 88
51 80
85 33
28 74
91 17
89 57
26 12
47 32
59 61
12 25
4 90
60 77
30 54
25 91
25 98
74 75
35 31
6 16
4 1
30 23
91 85
41 39
3 42
4 82
24 59
35 84
15 92
34 96
75 40
22 47
51 20
10 68
68 3
13 10
13 8
61 23
78 65
7 48
55 73
0 15
94 46
83 0
60 53
13 99
80 30
93 66
56 83
93 3
56 37
67 61
32 65
5 72
49 5
23 71
54 14
78 98
16 35
9 55
14 55
54 29
96 8
46 30
58 64
37 11
38 9
49 9
18 85
82 8
81 18
90 76
55 56
53 1
21 8
20 69
91 69
96 32
68 24
39 89
31 37
32 44
94 94
39 26
75 91
96 87
98 83
85 12
61 34
98 64
16 65
14 62
99 52
83 65
66 17
