# Penalty: 63499.67819376606
123
65 64
24 24
10 63
75 46
7 85
67 85
96 79
75 63
92 42
20 40
21 86
39 82
57 36
36 34
79 38
20 64
20 53
38 5
40 57
3 74
61 50
68 79
58 22
88 16
14 50
90 48
49 63
37 61
88 98
20 29
45 46
25 50
95 83
4 65
69 38
7 43
83 9
59 92
25 93
49 31
54 92
12 29
19 13
72 15
18 34
50 35
26 80
3 94
91 36
69 52
75 23
48 87
93 10
54 41
29 1
15 3
21 46
76 94
76 95
29 16
83 46
4 17
20 69
0 29
65 1
65 80
81 18
73 65
75 29
27 33
70 94
85 65
95 40
47 55
12 5
86 95
24 63
49 22
46 22
19 0
73 33
8 34
73 50
43 5
64 65
10 19
70 24
89 56
41 72
7 49
72 75
78 83
24 80
16 39
61 10
13 59
20 21
5 57
65 98
57 31
12 90
16 95
87 74
82 56
61 71
38 98
48 92
80 27
34 99
95 93
27 38
58 45
8 77
0 37
97 34
8 99
31 6
75 0
86 2
59 34
40 34
67 43
2 0
