# Penalty: 66688.40343351853
126
20 61
78 49
21 55
15 81
85 64
66 54
41 49
98 51
40 34
46 45
24 97
27 66
46 78
73 6
68 7
87 34
13 64
58 58
22 1
82 94
68 82
19 35
75 44
65 36
15 20
62 12
67 68
72 78
90 18
71 60
16 29
68 96
30 29
54 12
27 10
26 51
32 46
77 18
36 53
22 60
69 34
17 12
6 93
78 51
51 50
80 63
43 4
94 73
59 89
14 99
89 93
2 86
3 43
44 74
6 63
21 9
52 2
92 39
20 53
4 77
61 4
85 79
57 70
93 80
32 67
65 52
87 20
38 88
38 85
70 58
19 80
57 81
10 42
30 77
25 12
61 86
50 93
66 65
75 34
23 28
68 14
39 55
52 68
55 31
65 44
79 77
20 73
29 73
45 68
13 73
5 58
6 30
8 30
22 32
36 76
74 13
75 80
91 25
56 87
95 83
74 1
35 98
34 96
89 68
13 82
92 46
81 24
96 31
41 78
4 97
95 45
59 1
29 23
56 99
53 23
35 17
5 0
22 65
4 46
95 15
45 17
4 9
62 56
61 94
60 24
3 34
