# Penalty: 56442.7201823969
123
46 78
92 85
60 97
46 71
32 40
17 62
70 2
35 68
73 32
90 24
83 69
75 57
3 33
26 38
69 68
39 5
7 48
30 96
59 13
35 8
44 47
78 94
35 63
47 95
45 62
87 47
48 54
77 43
73 98
88 96
19 31
11 16
70 38
82 54
80 21
18 93
92 29
64 31
7 76
79 72
85 59
93 77
63 85
71 74
82 6
89 10
41 59
68 81
0 66
63 6
33 82
41 75
62 52
16 39
72 49
9 97
43 82
4 41
24 49
63 95
48 93
26 80
14 2
16 11
18 8
71 18
48 73
25 16
97 22
12 46
90 43
11 53
0 77
19 51
32 63
95 88
95 97
8 37
9 25
89 81
13 30
56 89
51 18
58 97
48 30
68 99
30 1
93 31
90 32
87 67
41 97
22 98
45 17
2 22
54 32
61 29
23 5
41 46
88 85
54 38
2 52
69 25
72 64
11 7
35 33
96 52
62 76
12 85
21 20
20 25
97 62
56 52
37 2
22 73
52 14
96 12
22 85
5 5
97 57
50 45
30 24
9 66
33 46
