# Penalty: 53792.773543535666
118
15 18
33 96
23 40
53 32
82 36
48 48
62 19
24 93
70 59
94 23
22 5
68 77
92 31
13 27
40 94
73 64
86 46
56 49
13 69
44 61
65 56
71 43
97 39
43 10
97 94
84 92
26 53
97 47
90 43
36 90
83 74
23 82
97 86
9 64
16 56
54 40
89 90
36 59
43 0
29 61
93 97
60 68
48 8
7 52
80 93
88 19
20 37
67 21
27 23
56 91
33 8
67 30
60 49
3 63
24 72
13 75
54 78
73 27
74 71
12 48
81 64
10 17
1 18
86 49
23 95
6 0
2 86
85 33
0 22
22 7
55 13
14 23
8 37
37 37
3 8
58 2
44 22
97 50
62 95
98 61
36 97
62 11
57 32
51 31
93 9
1 75
2 27
21 96
33 85
30 81
91 96
68 42
29 66
58 39
31 0
53 69
22 88
7 87
87 0
11 9
94 16
1 54
44 76
18 65
91 73
32 31
37 63
17 50
96 63
78 41
67 90
56 75
35 52
6 92
35 23
15 69
66 2
56 60
