# Penalty: 65809.18108310664
127
24 84
10 72
69 89
11 59
21 92
47 79
64 34
2 94
39 52
81 79
42 6
68 65
81 3
69 76
62 5
17 45
28 11
56 51
89 68
36 75
11 64
59 87
59 46
41 61
34 98
75 21
0 82
86 1
87 91
41 16
18 41
18 13
90 41
24 76
40 39
90 51
87 78
29 48
59 79
3 65
88 12
18 85
41 33
53 74
11 4
20 49
48 33
93 89
79 38
95 94
67 16
80 96
4 11
65 59
29 23
58 40
85 36
23 89
31 8
25 20
67 91
85 42
85 53
49 97
43 60
8 56
76 19
99 48
56 99
43 44
42 18
62 23
80 82
4 76
85 61
19 3
9 38
29 79
70 66
3 55
93 16
16 19
7 46
19 98
33 58
13 49
30 34
28 84
96 58
27 68
39 82
65 49
14 73
74 48
97 24
28 13
31 36
36 90
10 17
96 30
52 42
80 46
92 22
33 46
77 27
4 24
64 72
88 6
93 73
19 28
72 38
53 60
93 42
99 67
5 96
81 12
50 93
76 36
27 1
77 65
33 2
74 88
81 89
8 89
35 65
44 51
21 60
