# Penalty: 62356.08508186668
122
75 60
89 12
84 24
47 45
3 20
25 95
47 67
41 90
74 55
4 64
59 38
39 43
78 97
97 80
38 10
22 32
29 73
42 59
17 74
78 69
63 33
63 80
56 16
5 3
71 55
87 72
53 67
62 55
84 60
67 2
74 21
65 90
71 48
34 79
53 46
14 63
86 81
46 3
10 81
78 80
72 6
45 22
94 33
45 53
13 25
3 96
32 15
98 47
9 44
39 2
70 82
14 51
60 64
28 53
32 83
1 52
97 6
70 27
8 26
60 31
57 10
24 99
61 89
58 88
9 68
65 77
99 18
99 15
87 15
54 70
42 87
88 71
79 44
87 31
73 74
71 19
57 75
34 60
73 16
25 46
4 67
62 2
94 75
20 50
84 35
63 14
16 34
56 19
76 89
83 26
86 94
5 96
49 34
47 35
37 46
18 29
10 73
97 97
91 81
63 44
66 39
83 81
42 96
34 42
12 99
90 22
86 1
13 78
19 43
60 26
9 92
39 39
36 23
75 0
36 93
19 80
56 55
18 6
23 24
31 32
72 41
20 13
