# Penalty: 71772.20308298644
123
45 73
36 64
31 90
97 61
87 46
58 71
39 28
90 88
78 59
85 23
60 45
84 67
17 66
53 80
38 75
8 64
71 19
56 4
12 44
14 33
34 94
26 97
45 89
67 71
78 96
98 41
57 90
46 54
86 78
15 27
39 35
64 65
62 14
8 98
95 8
71 40
82 58
25 49
82 90
57 82
20 55
84 99
89 41
72 55
85 12
67 48
14 51
86 31
65 41
75 77
4 21
75 34
46 97
23 83
96 35
20 26
93 74
8 75
28 95
48 86
93 67
61 71
15 70
53 11
86 76
98 79
85 7
22 87
15 14
23 16
34 65
78 87
59 80
65 52
97 53
31 55
90 39
16 63
49 80
31 3
43 43
36 34
53 72
98 94
35 75
69 87
57 20
65 79
16 1
1 87
99 73
60 90
48 34
91 57
88 27
72 47
32 23
69 20
45 0
8 89
62 38
43 93
69 72
28 78
10 11
54 38
43 9
46 49
77 24
98 15
80 36
25 40
82 19
2 52
47 26
89 79
88 22
27 68
68 82
67 4
34 82
43 64
69 33
