# Penalty: 59752.09763908479
122
61 50
40 77
60 9
17 29
15 85
5 44
74 78
70 86
63 2
64 89
55 86
11 55
93 57
10 96
45 58
94 32
27 79
45 7
86 52
78 25
88 94
26 47
32 5
40 7
43 79
85 91
97 15
0 46
5 79
13 91
33 92
78 20
14 53
80 63
40 33
43 29
5 54
76 72
79 57
63 22
80 9
55 47
64 29
16 44
50 31
88 5
57 24
82 14
81 69
4 67
84 58
37 83
61 83
24 70
49 37
39 59
13 72
48 94
25 22
6 43
97 45
18 80
54 19
51 22
82 88
99 77
86 48
89 83
46 66
36 95
82 42
55 13
76 9
93 7
2 36
99 55
20 17
68 75
61 94
9 25
35 24
61 30
5 96
86 67
65 37
43 18
87 40
60 76
97 22
84 79
23 97
32 12
22 59
29 31
2 16
75 19
69 95
23 65
12 64
47 58
95 33
53 69
72 55
53 83
1 83
69 43
81 38
48 3
20 44
20 41
28 72
59 40
66 65
46 48
27 37
30 86
7 21
58 60
20 0
91 78
55 92
22 3
