# Penalty: 69595.95262215457
129
14 72
18 68
44 20
45 76
94 43
68 53
61 86
0 61
79 78
74 5
8 24
53 69
83 30
8 9
71 72
93 8
24 78
56 98
67 2
74 65
57 83
81 11
15 0
82 17
75 58
2 18
20 15
61 52
93 51
40 11
47 92
84 42
27 59
28 13
44 59
31 24
33 60
24 29
64 41
37 82
16 87
94 32
63 61
72 19
50 50
17 28
88 46
35 16
19 56
65 9
9 72
39 31
77 25
39 69
28 5
52 8
78 93
15 59
18 58
20 24
0 99
52 63
17 6
67 51
96 75
64 31
26 35
2 31
65 97
0 92
46 18
42 19
91 19
60 48
59 22
98 26
49 92
25 42
44 8
90 78
3 1
67 64
78 97
67 98
29 68
43 98
33 67
9 89
96 65
67 44
0 25
97 42
17 12
1 8
15 43
54 21
81 51
51 47
88 70
81 85
64 79
72 39
32 34
30 18
34 89
27 98
80 13
58 35
71 86
91 89
89 83
7 13
40 44
8 97
4 85
21 95
34 76
94 57
98 31
21 87
58 74
26 46
71 79
87 22
36 51
9 53
6 64
68 12
52 84
