# Penalty: 62660.80134029996
123
82 6
37 10
7 79
57 18
71 80
54 64
53 93
16 31
41 49
40 16
11 4
64 27
82 15
38 69
13 59
14 97
46 0
31 24
75 58
96 76
89 66
47 23
25 52
58 23
83 55
98 17
72 3
70 2
85 90
83 83
44 73
76 21
47 28
23 47
50 18
44 6
84 70
41 98
53 36
94 37
72 27
79 79
20 74
2 75
30 10
89 24
62 98
6 23
5 5
3 50
71 11
63 47
24 85
18 91
86 0
53 40
40 28
2 13
34 38
27 17
76 69
79 65
39 64
53 66
54 56
68 47
17 66
90 8
73 33
3 38
96 13
64 17
55 15
6 86
5 85
72 73
85 38
57 11
94 86
92 84
84 46
92 26
14 84
95 97
9 64
83 93
19 44
90 33
18 24
76 29
33 85
84 10
50 96
98 33
2 31
14 43
72 96
80 84
1 55
70 41
50 91
7 44
80 94
87 57
16 6
7 15
42 20
20 32
69 66
93 2
14 72
28 97
18 14
62 59
43 34
67 33
90 75
48 59
56 48
14 50
48 46
98 26
28 37
