# Penalty: 58416.88696719807
120
64 9
30 82
9 62
90 54
19 43
40 91
50 37
68 24
13 5
32 35
43 32
38 66
22 20
86 76
49 31
70 54
54 50
2 11
64 92
71 32
50 24
49 85
75 17
52 73
63 0
3 24
59 15
64 45
88 53
21 79
1 5
23 28
32 11
85 3
13 20
95 18
75 74
82 72
7 28
70 47
78 52
12 41
5 72
98 70
41 6
56 62
49 95
32 52
39 42
36 78
36 84
3 66
78 58
73 66
54 38
13 67
91 93
41 89
62 23
49 65
70 26
11 71
95 46
79 38
60 44
46 6
33 7
32 30
57 22
61 78
77 73
63 91
20 40
35 29
17 83
75 37
47 76
34 19
39 13
30 33
46 11
16 95
93 27
82 3
10 36
24 26
15 63
6 90
1 58
9 4
9 47
6 75
41 22
52 0
95 96
15 86
10 9
24 73
86 60
84 16
26 57
38 98
97 35
46 68
23 96
13 49
94 3
99 9
20 67
27 87
42 57
4 54
79 86
98 85
97 51
89 29
65 15
51 18
95 57
31 59
