# Penalty: 67346.09391506272
122
58 45
6 18
88 71
79 76
65 79
40 5
64 21
46 61
80 56
29 46
36 31
29 3
35 58
87 29
58 83
43 46
55 37
99 29
15 60
35 67
44 31
58 57
25 73
11 49
68 61
24 66
19 4
9 77
39 92
61 69
11 72
61 65
50 54
78 63
47 89
75 85
16 92
18 51
46 24
31 37
47 79
22 48
20 74
91 44
44 40
87 94
24 16
87 63
35 89
49 18
48 3
21 87
61 18
75 97
53 31
10 20
37 29
5 15
6 14
38 19
74 10
75 8
54 44
17 67
2 0
38 38
27 54
32 30
31 52
99 18
89 10
52 61
65 49
69 86
81 39
97 48
68 38
50 96
56 3
30 71
77 22
18 27
96 84
0 93
37 56
69 49
59 35
88 37
68 23
98 51
62 36
28 79
30 79
94 98
0 18
61 2
1 5
15 43
70 14
26 65
10 8
52 15
84 19
48 68
17 79
62 95
45 35
91 91
95 16
41 52
25 9
87 49
22 36
3 79
11 27
70 32
3 66
3 57
98 39
63 91
36 43
23 95
