# Penalty: 52345.360565604235
114
4 7
49 45
27 71
16 42
71 37
76 52
67 32
67 92
71 21
59 55
2 85
85 15
15 34
2 97
85 2
54 60
69 80
52 39
92 44
32 55
12 9
27 52
47 79
74 65
31 45
70 70
69 86
3 13
58 99
58 96
34 15
97 82
41 52
36 75
89 94
6 51
59 20
65 13
97 5
43 72
21 88
75 96
2 1
77 8
80 15
75 35
24 67
57 65
51 55
16 84
90 70
55 15
98 98
54 86
13 92
43 25
7 90
31 94
62 33
35 36
46 50
11 11
36 58
77 49
87 91
50 97
68 66
71 0
64 17
34 68
58 56
96 17
72 78
23 88
92 89
78 97
87 0
81 23
8 98
55 31
35 12
94 6
11 1
94 28
83 47
38 47
48 76
8 67
52 1
45 7
72 46
45 65
83 27
21 2
1 28
39 35
16 58
41 90
19 74
86 35
51 26
62 90
28 7
69 53
76 57
35 98
81 55
79 79
69 15
22 13
11 79
10 16
32 25
32 81
