# Penalty: 68304.0805233859
91
5 98
91 94
28 66
67 86
44 70
68 78
3 88
17 39
44 76
15 82
28 89
12 60
38 60
13 32
32 69
8 41
61 64
10 47
38 88
3 57
19 47
3 20
49 89
22 42
88 97
12 96
29 60
60 95
67 94
64 71
48 54
0 5
33 54
37 76
23 90
77 85
14 27
18 96
31 33
53 68
9 84
12 70
6 76
51 62
73 89
9 91
14 55
8 27
21 68
59 79
12 20
22 26
15 91
21 76
43 49
15 79
81 91
51 76
43 93
47 66
35 77
40 79
36 42
29 90
72 99
78 81
18 28
68 77
29 85
29 33
51 71
28 40
26 97
40 67
0 50
20 37
2 59
17 46
7 18
8 63
4 25
9 14
58 93
0 26
21 98
1 15
55 75
94 97
48 94
35 98
54 84
