# Penalty: 55590.30797085153
117
24 67
90 85
8 97
75 34
34 8
22 38
10 74
65 15
12 47
45 49
85 27
88 22
73 44
96 91
60 51
9 66
80 16
19 58
25 28
52 50
84 92
64 24
72 15
28 87
82 80
16 77
39 5
88 59
24 7
61 13
72 11
2 70
25 51
89 77
26 94
58 78
3 56
16 89
94 62
37 89
35 68
46 27
65 69
54 97
97 30
16 53
97 14
56 20
18 23
60 42
31 49
48 94
9 9
49 10
23 36
42 44
11 95
62 96
19 68
74 28
39 49
2 7
8 63
97 1
51 99
43 10
66 0
36 54
78 74
38 17
68 69
37 22
83 66
9 21
29 13
57 89
15 9
13 8
58 3
55 2
44 0
50 81
93 42
2 60
62 59
8 75
95 61
19 96
85 50
79 67
93 90
90 17
24 74
42 63
43 72
92 5
64 85
0 36
74 62
88 38
58 71
7 47
78 0
35 96
31 47
26 19
48 33
58 33
38 40
17 29
51 21
71 58
33 67
77 91
57 63
20 15
73 22
