# Penalty: 63819.679315008565
125
61 60
46 68
42 44
5 42
55 65
75 66
81 19
95 39
29 44
52 3
42 25
3 29
64 77
70 64
11 17
21 72
51 61
71 88
45 90
59 85
73 33
56 72
29 53
9 46
99 77
10 35
75 81
94 95
94 33
93 22
91 75
40 2
25 97
76 97
71 97
40 64
74 88
2 59
90 39
15 62
32 81
32 95
4 94
81 29
21 62
14 41
36 87
56 32
25 76
24 22
34 62
65 0
1 70
10 82
21 44
3 43
52 81
64 32
42 19
64 44
83 60
33 41
65 12
84 45
74 68
20 86
85 36
81 35
49 69
63 65
77 78
95 30
62 58
3 49
17 6
90 54
27 47
86 77
49 41
88 21
49 2
42 63
57 17
88 4
69 6
71 80
7 65
79 42
35 76
4 23
64 84
0 8
58 2
40 42
54 5
13 60
8 73
38 54
38 78
51 93
50 91
90 82
0 0
16 55
29 67
18 31
69 47
33 33
72 43
16 15
38 26
10 53
30 4
86 93
65 24
8 84
22 34
97 51
79 49
61 91
93 8
27 11
52 26
15 0
59 44
