# Penalty: 60434.98204622364
122
7 76
29 74
7 85
9 95
93 71
35 56
29 19
81 12
12 11
63 28
88 82
73 26
58 66
87 69
55 74
27 85
36 81
87 93
32 51
39 29
33 27
52 84
75 4
9 25
69 19
41 7
19 26
92 64
51 60
70 10
93 42
6 51
92 6
84 57
35 87
6 2
1 74
81 47
75 56
33 69
66 98
30 6
45 37
94 32
2 92
19 56
92 13
18 87
4 14
63 64
68 31
19 31
61 49
46 45
36 10
52 26
30 62
81 38
37 30
67 41
72 72
16 71
6 65
68 18
7 93
72 83
0 48
20 50
49 7
27 19
68 1
9 56
59 30
24 33
69 58
24 23
12 31
95 42
46 54
73 60
93 72
6 28
91 81
0 9
7 43
59 14
91 38
86 24
97 92
25 68
85 60
14 18
41 61
97 67
20 68
20 66
46 98
62 76
12 79
0 89
43 16
96 83
47 75
18 79
53 46
39 50
99 8
40 97
69 93
80 20
46 19
59 79
47 35
27 12
28 96
11 69
15 48
75 35
49 11
89 53
96 20
35 0
