# Penalty: 48081.75068961474
94
12 16
12 96
12 87
13 37
94 13
12 10
4 6
11 3
73 17
83 17
1 20
22 3
12 19
24 57
31 20
15 46
49 15
46 85
4 13
11 77
14 5
30 3
44 6
47 43
22 26
35 32
45 95
41 66
41 19
31 11
22 18
89 17
21 89
28 33
34 36
34 90
15 54
4 34
1 99
12 25
3 92
9 83
4 57
39 3
73 28
8 36
18 78
35 28
44 46
44 12
12 47
9 89
82 26
46 74
17 37
84 12
79 14
62 94
50 18
39 16
29 11
12 66
73 94
64 84
57 78
30 53
92 46
52 47
23 74
78 40
77 36
91 20
91 28
38 74
23 64
3 74
7 63
3 46
2 64
83 0
64 12
94 6
89 4
74 5
66 2
54 8
33 5
34 45
49 54
26 0
22 46
32 99
56 15
3 3
