# Penalty: 62105.27609825433
125
72 38
40 40
46 86
32 52
25 40
91 60
40 60
77 34
21 31
56 64
38 3
95 96
59 75
82 72
25 58
35 93
49 79
57 34
86 5
93 70
62 6
2 58
43 26
62 29
78 87
16 42
15 2
76 13
46 15
33 77
21 8
15 8
78 20
45 69
32 70
2 73
65 99
49 57
13 64
92 48
68 37
93 2
27 79
23 50
4 37
29 95
29 8
51 86
14 81
67 47
72 3
32 27
64 82
21 2
81 38
70 24
69 15
64 11
83 12
53 34
28 18
27 32
30 34
31 49
24 41
6 87
2 85
9 12
1 54
43 84
3 63
56 57
85 0
1 0
35 18
28 86
87 54
47 64
85 48
83 79
8 67
99 30
71 39
51 20
37 40
21 65
14 74
17 29
45 3
16 65
46 40
45 16
41 98
83 41
13 35
81 74
62 88
85 97
85 95
79 56
0 26
67 0
59 0
59 42
6 40
45 7
26 13
6 97
53 30
67 81
49 94
35 87
3 16
27 45
35 10
76 3
3 31
90 12
59 51
86 67
64 63
18 80
51 93
20 85
96 80
