# Penalty: 70012.41461787354
128
9 4
36 89
46 71
98 80
17 19
59 49
65 13
56 94
82 26
53 54
27 30
73 83
46 5
34 96
34 37
2 94
6 82
32 11
0 61
89 23
4 35
2 8
16 94
26 50
56 22
86 77
8 16
21 2
9 23
23 41
55 13
33 63
13 80
52 40
74 28
58 81
20 48
94 51
89 17
77 16
16 42
96 21
34 18
71 38
14 67
45 17
50 47
53 83
92 9
56 6
36 84
70 9
27 71
86 48
47 86
63 39
42 30
86 58
71 48
74 79
33 6
31 43
21 6
89 33
88 0
97 66
70 83
95 72
92 68
8 74
71 94
96 32
42 46
84 74
82 71
82 86
16 59
16 56
53 14
30 64
97 88
94 86
83 10
52 12
21 23
85 43
60 11
63 15
62 27
11 39
12 44
42 96
70 72
30 78
12 66
78 6
80 15
71 84
98 37
23 13
25 56
45 59
25 92
36 23
78 43
32 71
97 95
54 65
25 83
43 1
76 93
17 29
1 57
42 10
17 3
9 27
4 12
59 39
13 31
24 97
48 3
21 16
41 65
63 67
76 32
26 0
67 25
71 14
