# Penalty: 66729.32959231402
131
91 60
53 68
63 68
11 38
35 2
9 91
52 23
40 52
72 19
48 56
28 26
73 42
33 39
89 78
13 43
80 55
63 79
3 85
21 10
5 13
25 92
18 95
3 78
53 95
97 69
97 35
74 99
7 42
59 10
88 95
49 16
80 4
12 9
11 73
30 55
51 72
2 26
3 56
58 32
55 8
8 50
8 9
3 0
17 23
86 65
66 71
63 32
63 47
80 97
97 50
71 26
50 36
76 17
86 12
12 29
29 5
25 60
38 24
33 91
90 50
17 92
69 1
65 44
63 25
64 54
36 89
52 94
42 1
98 4
37 66
67 6
71 94
88 92
25 19
12 78
43 86
42 42
34 28
38 70
16 16
54 31
44 23
54 74
28 29
15 60
16 8
52 10
14 68
13 84
30 82
50 65
53 64
99 40
6 1
79 14
64 85
13 25
55 83
68 17
0 33
82 64
84 68
18 49
34 16
69 35
31 20
98 63
98 79
22 3
82 46
88 21
30 43
44 27
98 27
47 0
67 25
22 57
1 17
80 77
67 96
25 34
45 79
5 95
28 48
74 69
92 38
30 86
37 39
92 79
45 99
1 69
