# Penalty: 67844.22569179507
131
65 2
45 44
28 91
45 91
84 27
40 77
33 2
71 63
59 10
3 8
97 29
75 36
40 6
64 27
19 88
51 4
7 4
42 66
10 84
77 0
21 79
96 89
96 34
34 62
12 61
50 71
72 8
21 33
52 11
32 43
93 96
82 46
57 95
65 35
62 54
96 19
29 85
86 18
71 55
28 65
13 21
67 18
4 21
75 65
9 27
42 1
98 9
18 50
17 57
94 80
3 31
97 75
38 57
71 48
60 15
59 14
31 27
54 54
81 27
11 47
0 55
17 73
54 83
56 81
6 41
56 0
72 84
7 83
84 78
84 2
72 33
54 24
28 30
72 42
74 3
84 85
81 83
39 45
40 13
64 72
51 69
11 39
67 65
14 10
60 34
59 63
7 58
97 57
46 72
64 90
60 87
47 37
34 48
70 92
40 93
22 94
81 58
77 59
14 94
4 64
32 98
4 76
37 41
15 70
2 1
95 20
83 55
86 14
42 88
91 42
31 57
63 80
3 98
90 69
81 36
94 10
21 49
85 65
17 80
5 91
85 89
26 9
86 30
96 96
0 62
74 72
66 83
90 59
23 70
36 23
1 37
