# Penalty: 53268.032404767124
116
76 93
26 95
98 57
24 77
77 62
68 10
60 52
96 25
28 33
43 71
52 18
63 74
72 46
85 24
35 94
52 11
25 63
38 60
41 4
5 62
96 35
5 15
40 48
53 33
10 48
12 96
75 81
77 1
62 46
62 8
76 13
49 43
81 96
44 20
39 37
44 9
44 66
36 69
83 4
17 99
2 87
8 71
56 59
12 25
19 9
51 27
58 96
65 58
28 12
95 77
97 5
10 7
56 19
75 79
55 44
1 51
87 15
9 50
23 70
20 68
77 34
97 88
94 28
20 20
99 62
28 76
29 48
73 82
27 31
51 53
66 39
24 16
4 97
38 51
72 43
45 90
87 52
33 34
30 68
36 66
6 24
59 5
3 75
55 74
53 73
38 79
84 5
16 14
64 74
69 74
70 98
26 23
48 12
60 32
45 99
15 32
36 14
53 91
79 49
29 88
84 41
98 10
97 98
7 38
99 45
20 45
5 5
3 65
92 97
48 68
9 42
30 54
65 88
1 39
85 89
0 25
