# Penalty: 71336.3732557465
126
7 28
54 10
63 3
9 86
56 75
59 90
81 90
54 41
55 56
26 26
88 16
92 83
3 68
41 97
46 62
14 96
32 63
50 16
61 73
70 79
79 64
19 52
20 67
75 16
78 24
14 44
84 73
99 24
25 57
60 21
69 37
71 96
79 97
64 8
30 77
77 47
11 4
30 15
14 32
37 17
93 77
54 48
95 37
6 23
42 81
46 90
14 17
44 72
77 41
71 23
41 24
63 24
90 24
23 29
87 67
38 89
23 9
0 15
81 0
56 86
27 19
72 56
69 57
86 91
64 18
91 15
29 97
9 32
59 19
12 78
41 94
65 10
22 0
89 10
86 7
91 85
70 66
67 65
78 89
96 45
9 6
92 68
70 87
65 85
60 29
49 53
53 9
0 88
88 81
11 20
83 43
84 41
33 50
12 54
0 79
51 2
37 31
3 76
67 50
68 10
57 33
49 18
96 80
53 21
88 54
46 12
90 42
41 59
45 70
59 47
93 95
38 40
46 31
28 90
25 34
36 77
99 16
63 38
86 96
92 46
10 67
16 72
21 39
34 92
39 66
68 47
