# Penalty: 75243.49113151243
128
30 86
69 74
11 63
85 54
24 3
59 89
76 29
19 80
4 29
39 50
4 68
39 85
14 13
19 5
41 65
65 86
70 91
85 68
97 80
49 80
6 57
37 39
93 17
87 43
70 38
51 60
82 89
0 5
20 31
13 55
81 73
25 75
64 73
22 97
7 78
7 14
22 48
79 65
29 28
48 8
49 35
76 82
26 56
83 3
72 78
51 75
35 22
7 5
54 9
47 26
46 38
32 57
35 46
76 58
24 70
46 78
33 40
86 61
79 36
20 91
89 83
52 56
62 4
27 64
36 68
65 93
94 42
77 25
27 88
68 34
87 92
20 82
13 0
26 74
9 71
62 27
4 25
53 95
46 45
18 62
13 18
11 18
57 1
69 98
61 96
89 48
78 59
80 30
38 79
59 73
29 22
45 60
58 35
91 54
25 41
76 9
60 45
39 8
94 85
26 80
91 73
60 19
82 96
91 36
57 61
51 45
71 63
37 99
99 88
75 46
52 81
31 8
92 92
68 57
84 76
73 68
52 88
47 21
4 6
33 15
27 97
46 51
9 50
7 87
9 24
44 94
19 35
39 34
