# Penalty: 47188.658804774874
80
41 73
73 38
69 3
82 61
72 61
33 65
34 71
50 75
56 74
64 66
56 55
82 39
72 67
62 57
35 59
45 36
53 34
60 3
23 30
73 11
60 86
52 85
46 87
34 83
36 76
45 57
40 68
25 5
34 2
38 9
40 22
42 29
54 24
77 38
39 85
30 80
77 62
41 77
60 72
65 63
51 57
40 57
82 44
83 49
84 56
82 66
26 76
24 71
24 64
24 58
22 53
24 46
20 35
20 25
21 19
24 12
56 18
54 13
65 2
69 18
71 25
69 29
69 42
69 49
71 55
69 73
70 79
57 87
44 76
77 68
24 43
30 1
35 3
37 12
38 17
47 35
55 31
55 9
69 31
67 81
