# Penalty: 216903.08531245802
205
99 32
99 23
98 16
98 9
97 0
89 97
85 91
91 88
87 86
91 78
87 75
88 72
83 68
91 66
84 62
92 54
87 54
89 49
87 43
89 38
84 38
89 31
84 27
91 23
84 18
89 15
86 11
92 6
84 2
91 0
73 95
76 94
75 86
77 84
73 80
80 76
72 71
77 69
75 66
77 60
72 55
77 51
71 50
77 44
72 40
77 36
71 32
77 29
71 24
78 20
72 15
77 11
74 8
78 3
71 0
66 97
60 94
66 88
60 83
65 79
61 76
66 71
61 69
65 64
60 60
66 55
60 52
67 48
62 42
63 38
66 41
65 33
63 30
65 26
60 20
67 15
61 11
66 7
60 4
68 0
47 94
53 91
47 86
54 83
48 80
52 75
47 72
54 66
48 63
53 59
50 57
55 54
51 50
54 44
49 38
53 37
49 32
52 28
49 24
54 19
48 15
56 10
51 10
54 3
50 1
43 98
36 92
43 88
36 86
43 82
39 76
43 72
36 68
43 62
37 58
43 57
39 54
41 46
37 43
43 38
36 38
43 33
37 27
44 24
39 22
41 14
36 10
41 8
35 6
41 0
25 95
30 93
27 90
31 86
24 80
30 75
27 70
31 69
25 64
30 58
24 55
31 53
24 47
32 45
26 39
29 38
24 32
32 28
24 26
30 22
25 15
29 11
25 7
29 4
27 1
19 95
14 90
18 87
12 83
17 80
14 75
20 72
13 67
19 63
12 60
17 55
12 51
17 48
14 46
17 41
11 37
17 31
13 28
16 24
14 20
18 16
11 12
17 6
11 5
18 0
1 95
5 90
1 87
8 84
0 82
7 78
3 70
7 69
0 64
5 62
1 54
7 50
3 48
5 42
0 39
5 34
0 30
5 28
2 24
4 18
0 16
6 12
2 6
7 4
0 0
