# Penalty: 60656.12298918268
124
42 5
37 72
34 51
28 60
32 55
92 47
82 57
46 69
39 23
9 26
84 30
14 60
72 24
54 78
22 91
64 97
35 10
99 83
41 45
63 81
88 56
55 13
27 5
52 3
96 54
75 89
5 20
34 40
67 9
58 28
88 85
73 84
19 15
17 83
97 66
96 16
78 31
46 95
27 74
89 63
66 70
5 76
11 10
63 0
83 2
87 15
80 75
31 16
15 46
86 47
69 49
66 23
9 3
40 15
12 19
64 39
45 1
48 50
60 51
38 9
57 64
3 16
0 43
91 21
91 71
29 50
71 60
36 22
87 84
80 25
2 6
19 10
23 60
73 76
43 48
53 99
7 39
87 28
25 29
96 93
94 90
61 27
19 66
83 40
71 8
48 16
79 63
0 50
84 91
64 0
72 5
55 0
74 41
61 93
31 89
29 86
79 11
25 46
94 35
12 49
69 99
54 67
48 42
3 84
85 68
21 22
38 97
36 36
6 97
94 77
45 36
78 20
46 85
68 89
31 80
62 91
92 98
77 47
98 27
91 3
42 55
18 49
81 48
60 18
