# Penalty: 127358.73620645142
114
42 98
42 92
42 85
42 79
42 74
42 68
42 62
42 56
42 50
42 44
42 38
42 28
42 14
42 2
42 22
38 17
38 5
34 98
34 92
34 85
34 79
34 74
34 68
34 55
34 50
34 44
34 38
34 31
34 25
34 20
34 8
30 59
30 1
26 92
26 79
26 73
26 68
26 62
26 49
26 44
26 37
26 32
26 25
26 20
26 14
26 8
22 86
22 53
18 98
18 91
18 73
18 67
18 62
18 55
18 44
18 38
18 25
18 19
18 14
18 7
18 1
14 83
14 77
14 46
14 28
10 97
10 86
10 68
10 62
10 50
10 32
10 19
10 11
6 89
6 79
6 71
6 52
10 41
6 34
6 23
6 1
2 97
2 92
2 74
2 61
2 56
2 44
2 37
2 25
2 10
2 17
46 0
43 32
46 7
38 63
34 13
29 98
30 88
26 94
26 1
22 82
21 35
13 95
14 59
14 17
13 5
9 8
2 84
2 80
2 67
1 50
2 28
2 2
1 8
