# Penalty: 63492.916628191786
127
26 18
54 12
4 22
40 66
37 37
86 63
84 77
36 61
29 87
36 32
7 14
14 81
73 88
10 20
78 6
47 37
25 44
6 91
3 30
91 99
88 28
41 15
34 83
19 4
50 23
10 47
59 65
48 73
83 42
56 31
78 34
96 17
71 61
93 41
59 86
23 10
26 78
36 25
69 69
77 61
61 4
9 55
7 72
73 25
26 4
34 71
84 89
75 82
31 8
84 4
44 59
99 1
27 17
24 17
61 39
5 87
7 31
77 58
94 65
85 61
96 59
73 1
51 17
42 10
13 12
82 51
94 81
13 5
44 3
48 85
48 81
76 72
2 1
74 32
87 45
11 76
13 73
63 88
33 31
20 97
56 19
2 43
24 40
20 57
75 11
25 84
15 41
83 20
7 3
53 46
30 92
48 51
65 64
49 41
71 95
82 96
88 85
69 32
62 51
27 65
16 78
28 22
44 35
44 90
57 72
19 23
12 52
7 93
21 27
33 46
78 27
69 7
1 62
63 8
86 30
60 11
51 97
48 13
78 82
4 67
93 44
16 33
0 11
89 10
16 99
40 0
44 73
