# Penalty: 78691.20134874753
148
97 90
91 77
99 60
98 31
92 21
82 98
82 67
81 47
82 17
82 7
78 88
71 87
79 77
72 67
81 27
78 2
69 57
69 27
62 10
70 1
51 38
58 27
52 17
48 91
48 61
42 47
40 7
39 77
39 37
30 17
32 2
28 97
28 71
29 51
30 37
30 9
12 77
20 61
11 48
18 31
18 7
8 91
2 27
9 19
2 2
62 97
28 88
52 77
2 77
8 68
88 58
9 37
39 27
99 55
92 44
91 41
95 14
95 2
92 1
85 83
87 35
80 54
73 44
73 12
69 84
68 81
61 74
65 42
57 84
55 64
54 46
50 18
56 5
44 76
45 34
37 91
37 65
34 43
23 45
21 23
16 85
15 19
2 53
97 97
88 97
69 99
50 98
40 99
22 99
9 98
0 97
90 89
61 88
41 88
19 89
0 88
99 78
59 79
30 80
20 79
99 69
90 68
62 67
52 70
41 71
19 68
1 68
79 57
59 61
38 57
29 59
8 60
1 60
98 48
92 47
68 47
58 48
50 49
19 48
0 51
99 38
80 38
70 39
59 39
19 39
2 38
89 29
50 29
31 27
8 30
98 18
70 20
61 17
39 21
20 21
0 19
97 8
88 7
71 9
50 7
9 9
0 8
97 0
62 0
49 0
40 0
20 0
10 0
