# Penalty: 58025.48290818533
120
59 97
1 80
82 42
28 9
33 86
22 48
19 34
4 62
91 81
62 42
24 21
65 90
44 20
21 58
52 42
57 40
95 72
58 13
98 58
92 11
14 54
22 39
59 81
1 18
30 27
94 48
68 51
98 95
21 65
67 1
16 22
37 44
82 91
65 36
37 4
31 40
18 90
0 44
51 32
35 18
67 79
20 8
39 96
83 22
36 36
78 5
55 66
32 6
48 54
29 60
9 47
31 88
63 64
70 88
46 46
99 42
58 85
16 76
78 19
74 11
82 60
52 71
81 49
35 63
65 21
3 28
56 8
44 15
74 95
4 54
99 80
43 56
21 45
22 33
24 50
86 30
93 76
95 65
34 71
75 40
58 76
25 83
95 97
60 57
36 58
6 18
28 32
97 27
9 56
85 36
43 81
43 79
99 5
44 96
86 52
9 70
51 57
29 58
60 71
77 55
81 75
72 0
7 4
79 91
89 94
81 94
0 37
65 67
14 43
42 33
61 28
91 91
16 81
97 24
80 29
80 62
86 5
40 26
27 0
42 62
