# Penalty: 52047.738102139614
118
82 39
15 34
37 14
97 70
91 94
1 29
17 3
67 26
65 41
8 79
90 33
32 6
86 18
48 10
0 77
93 81
67 97
33 97
74 23
23 55
30 33
70 8
37 21
80 0
85 95
84 59
28 85
56 26
2 33
13 67
82 47
40 84
44 88
25 10
26 41
16 85
52 65
73 66
7 43
56 79
44 20
22 90
47 0
50 43
83 15
87 40
1 60
46 72
98 95
56 50
37 81
98 58
53 34
88 72
17 20
55 67
18 10
68 16
1 48
95 65
34 57
81 93
94 25
90 25
19 30
0 94
11 63
70 58
22 81
40 87
24 98
23 96
78 46
26 27
70 80
65 45
42 94
95 73
73 84
81 62
11 20
8 47
96 49
41 3
76 82
27 56
65 57
95 29
91 4
59 35
67 23
93 39
28 15
47 72
62 97
76 45
78 10
74 77
97 2
98 82
55 8
79 68
87 4
4 13
25 49
63 84
66 33
38 63
16 48
59 1
88 49
60 8
58 56
78 56
33 41
63 90
66 91
0 84
