# Penalty: 58491.15662515012
120
7 52
18 81
65 34
83 85
17 64
83 23
34 36
79 36
50 72
28 21
71 4
20 34
25 90
55 54
9 19
67 49
29 80
39 48
89 71
59 33
66 64
98 23
2 5
61 98
67 73
78 34
9 13
5 79
2 11
83 47
36 57
3 68
86 59
72 79
0 33
99 81
2 96
89 86
91 81
78 53
49 30
28 51
75 13
32 8
58 83
88 36
17 54
12 84
45 6
98 68
33 91
70 64
81 20
37 35
96 24
5 54
65 76
62 90
40 28
44 76
23 62
47 20
73 1
26 14
65 22
62 22
66 31
41 72
8 59
84 76
34 48
36 52
22 21
51 18
3 43
68 53
44 55
45 15
27 83
25 79
97 91
56 58
49 43
13 3
3 98
42 48
55 44
34 71
14 80
74 68
86 18
72 89
20 8
20 6
97 44
31 41
27 41
33 21
82 30
29 62
71 22
82 35
60 74
97 7
77 88
11 30
80 1
64 3
54 71
22 98
47 98
93 95
91 98
53 39
9 75
76 24
94 45
36 96
38 17
40 7
