# Penalty: 58757.48534823777
120
76 83
12 75
10 51
90 90
42 92
12 56
88 38
79 11
13 8
65 34
59 65
6 43
92 70
0 10
18 38
3 94
23 6
93 6
57 98
34 86
64 76
80 97
26 78
44 27
20 89
49 5
12 64
24 42
97 23
65 95
3 63
81 86
65 53
40 4
61 57
11 33
39 95
50 85
43 17
26 95
81 32
77 50
17 98
7 85
64 22
70 31
52 50
82 30
42 86
80 55
2 38
51 17
53 69
38 45
57 22
71 99
33 97
1 1
93 16
28 7
47 10
87 11
29 32
18 37
2 93
95 67
79 14
50 91
44 58
8 22
9 20
76 8
46 30
7 2
86 47
38 84
74 43
18 13
12 84
14 93
96 11
15 24
27 44
9 35
20 64
9 7
77 22
38 66
65 20
74 35
47 75
88 93
98 61
19 29
52 81
81 62
92 35
25 23
27 55
45 34
79 1
90 62
23 32
73 90
17 77
92 30
72 75
84 55
56 54
33 21
40 24
87 19
70 3
96 48
21 97
82 70
88 4
58 30
97 88
3 21
