# Penalty: 64765.83917227426
130
73 77
11 61
71 30
57 18
82 7
32 58
25 25
29 70
72 82
43 92
21 8
14 81
56 88
84 31
57 78
1 93
78 12
46 79
48 50
54 67
87 8
92 45
40 33
51 57
15 46
94 26
65 35
73 54
9 20
8 67
46 11
61 38
68 23
2 43
89 60
95 12
46 68
65 18
80 79
11 0
82 18
82 1
86 94
96 21
70 8
95 81
55 36
58 70
77 25
19 1
31 56
80 85
29 65
26 72
52 2
47 3
6 12
3 9
0 62
19 20
12 60
32 46
43 94
71 65
8 69
58 91
6 49
77 95
32 92
8 56
0 86
60 7
1 18
0 46
40 76
89 64
95 97
9 88
95 30
46 39
13 88
54 83
91 37
53 54
60 72
83 1
92 1
1 53
84 77
25 88
33 0
71 10
8 36
58 78
43 27
86 47
54 17
18 41
96 68
78 53
16 92
82 34
91 54
19 96
0 34
92 7
41 44
64 97
68 90
36 58
20 61
73 39
0 82
75 71
92 91
82 41
29 48
33 26
50 94
39 16
49 46
16 67
64 62
34 38
63 2
30 86
30 84
48 88
70 17
85 89
