# Penalty: 66902.68184942366
81
53 85
90 92
73 65
63 83
89 50
95 54
78 97
73 82
71 91
64 77
83 53
96 61
69 87
86 97
60 58
65 96
77 71
58 72
75 60
58 77
96 69
96 92
52 78
56 65
64 58
88 74
90 67
31 39
87 81
96 82
85 89
68 72
95 62
59 98
52 58
52 86
72 51
80 81
71 55
57 85
88 58
80 53
56 50
78 89
52 95
62 89
95 85
63 49
36 47
14 0
8 34
16 24
5 27
36 13
46 30
17 33
39 34
82 70
82 68
61 69
87 52
66 68
66 75
96 55
76 62
90 97
97 93
96 77
79 97
53 75
20 45
9 46
15 48
3 1
24 12
45 28
20 35
23 20
44 17
6 16
41 20
